2024-01-31 00:26:39 INFO  AbstractLangProcessor: - Start parsing files...
2024-01-31 00:26:46 INFO  AbstractLangProcessor: - Resolve types and bindings of variables, methods and expressions.... E:\XJTU\Êû∂ÊûÑÈÄÜÂêë\lda_demoGPT\local\data\bash-4.2
2024-01-31 00:26:46 INFO  AbstractLangProcessor: - Heap Information: init = 268435456(262144K) used = 168208624(164266K) committed = 335544320(327680K) max = 53687091200(52428800K)
2024-01-31 00:26:46 INFO  IBindingResolver: - Resolve type bindings...
2024-01-31 00:26:46 INFO  IBindingResolver: - Dependency analaysing...
2024-01-31 00:26:46 INFO  IBindingResolver: - Heap Information: init = 268435456(262144K) used = 73402504(71682K) committed = 335544320(327680K) max = 53687091200(52428800K)
2024-01-31 00:26:46 INFO  AbstractLangProcessor: - Heap Information: init = 268435456(262144K) used = 38322352(37424K) committed = 234881024(229376K) max = 53687091200(52428800K)
2024-01-31 00:26:52 INFO  DependencyGenerator: - Dependencies data generating done successfully...
2024-01-31 01:30:53 INFO  AbstractLangProcessor: - Start parsing files...
2024-01-31 01:31:01 INFO  AbstractLangProcessor: - Resolve types and bindings of variables, methods and expressions.... E:\XJTU\Êû∂ÊûÑÈÄÜÂêë\lda_demoGPT\local\data\distributed_camera
2024-01-31 01:31:01 INFO  AbstractLangProcessor: - Heap Information: init = 268435456(262144K) used = 160749680(156982K) committed = 402653184(393216K) max = 53687091200(52428800K)
2024-01-31 01:31:01 INFO  IBindingResolver: - Resolve type bindings...
2024-01-31 01:31:02 INFO  IBindingResolver: - Dependency analaysing...
2024-01-31 01:31:02 INFO  IBindingResolver: - Heap Information: init = 268435456(262144K) used = 61593568(60149K) committed = 603979776(589824K) max = 53687091200(52428800K)
2024-01-31 01:31:02 INFO  AbstractLangProcessor: - Heap Information: init = 268435456(262144K) used = 26313728(25697K) committed = 134217728(131072K) max = 53687091200(52428800K)
2024-01-31 01:31:11 INFO  DependencyGenerator: - Dependencies data generating done successfully...
2024-01-31 01:51:40 INFO  AbstractLangProcessor: - Start parsing files...
2024-01-31 01:51:51 INFO  AbstractLangProcessor: - Resolve types and bindings of variables, methods and expressions.... E:\XJTU\Êû∂ÊûÑÈÄÜÂêë\lda_demoGPT\local\data\libxml2-2.4.22
2024-01-31 01:51:51 INFO  AbstractLangProcessor: - Heap Information: init = 268435456(262144K) used = 119367360(116569K) committed = 335544320(327680K) max = 53687091200(52428800K)
2024-01-31 01:51:51 INFO  IBindingResolver: - Resolve type bindings...
2024-01-31 01:51:51 INFO  IBindingResolver: - Dependency analaysing...
2024-01-31 01:51:51 INFO  IBindingResolver: - Heap Information: init = 268435456(262144K) used = 151908288(148347K) committed = 335544320(327680K) max = 53687091200(52428800K)
2024-01-31 01:51:51 INFO  AbstractLangProcessor: - Heap Information: init = 268435456(262144K) used = 32961824(32189K) committed = 134217728(131072K) max = 53687091200(52428800K)
2024-01-31 01:52:50 INFO  DependencyGenerator: - Dependencies data generating done successfully...
2024-01-31 02:43:08 INFO  AbstractLangProcessor: - Start parsing files...
2024-01-31 02:43:28 INFO  AbstractLangProcessor: - Resolve types and bindings of variables, methods and expressions.... E:\XJTU\Êû∂ÊûÑÈÄÜÂêë\lda_demoGPT\local\data\oodt-0.2
2024-01-31 02:43:28 INFO  AbstractLangProcessor: - Heap Information: init = 268435456(262144K) used = 218471888(213351K) committed = 503316480(491520K) max = 53687091200(52428800K)
2024-01-31 02:43:28 INFO  IBindingResolver: - Resolve type bindings...
2024-01-31 02:43:28 INFO  IBindingResolver: - Dependency analaysing...
2024-01-31 02:43:28 INFO  IBindingResolver: - Heap Information: init = 268435456(262144K) used = 54985888(53697K) committed = 503316480(491520K) max = 53687091200(52428800K)
2024-01-31 02:43:28 INFO  AbstractLangProcessor: - Heap Information: init = 268435456(262144K) used = 51438960(50233K) committed = 234881024(229376K) max = 53687091200(52428800K)
2024-01-31 02:44:09 INFO  DependencyGenerator: - Dependencies data generating done successfully...
2024-01-31 04:02:43 INFO  AbstractLangProcessor: - Start parsing files...
2024-01-31 04:03:34 INFO  AbstractLangProcessor: - Resolve types and bindings of variables, methods and expressions.... E:\XJTU\Êû∂ÊûÑÈÄÜÂêë\lda_demoGPT\local\data\hadoop-0.19.0
2024-01-31 04:03:34 INFO  AbstractLangProcessor: - Heap Information: init = 268435456(262144K) used = 456088560(445398K) committed = 738197504(720896K) max = 53687091200(52428800K)
2024-01-31 04:03:34 INFO  IBindingResolver: - Resolve type bindings...
2024-01-31 04:03:35 INFO  IBindingResolver: - Dependency analaysing...
2024-01-31 04:03:35 INFO  IBindingResolver: - Heap Information: init = 268435456(262144K) used = 432740096(422597K) committed = 738197504(720896K) max = 53687091200(52428800K)
2024-01-31 04:03:35 INFO  AbstractLangProcessor: - Heap Information: init = 268435456(262144K) used = 122724608(119848K) committed = 570425344(557056K) max = 53687091200(52428800K)
2024-01-31 04:05:31 INFO  DependencyGenerator: - Dependencies data generating done successfully...
2024-01-31 04:54:47 INFO  AbstractLangProcessor: - Start parsing files...
2024-01-31 04:54:47 INFO  AbstractLangProcessor: - Resolve types and bindings of variables, methods and expressions.... E:\XJTU\Êû∂ÊûÑÈÄÜÂêë\lda_demoGPT\local\data\itk
2024-01-31 04:54:47 INFO  AbstractLangProcessor: - Heap Information: init = 268435456(262144K) used = 42977408(41970K) committed = 268435456(262144K) max = 53687091200(52428800K)
2024-01-31 04:54:47 INFO  IBindingResolver: - Resolve type bindings...
2024-01-31 04:54:47 INFO  IBindingResolver: - Dependency analaysing...
2024-01-31 04:54:47 INFO  IBindingResolver: - Heap Information: init = 268435456(262144K) used = 42977408(41970K) committed = 268435456(262144K) max = 53687091200(52428800K)
2024-01-31 04:54:47 INFO  AbstractLangProcessor: - Heap Information: init = 268435456(262144K) used = 9215552(8999K) committed = 134217728(131072K) max = 53687091200(52428800K)
2024-01-31 04:54:48 INFO  DependencyGenerator: - Dependencies data generating done successfully...
2024-01-31 04:55:28 INFO  AbstractLangProcessor: - Start parsing files...
2024-01-31 05:03:50 INFO  AbstractLangProcessor: - Resolve types and bindings of variables, methods and expressions.... E:\XJTU\Êû∂ÊûÑÈÄÜÂêë\lda_demoGPT\local\data\itk
2024-01-31 05:03:50 INFO  AbstractLangProcessor: - Heap Information: init = 268435456(262144K) used = 1195644784(1167621K) committed = 1677721600(1638400K) max = 53687091200(52428800K)
2024-01-31 05:03:50 INFO  IBindingResolver: - Resolve type bindings...
2024-01-31 05:04:38 INFO  IBindingResolver: - Dependency analaysing...
2024-01-31 05:04:38 INFO  IBindingResolver: - Heap Information: init = 268435456(262144K) used = 2097867472(2048698K) committed = 4496293888(4390912K) max = 53687091200(52428800K)
2024-01-31 05:04:39 INFO  AbstractLangProcessor: - Heap Information: init = 268435456(262144K) used = 714730704(697979K) committed = 2919235584(2850816K) max = 53687091200(52428800K)
2024-01-31 05:27:28 INFO  AbstractLangProcessor: - Start parsing files...
2024-01-31 05:38:15 INFO  AbstractLangProcessor: - Resolve types and bindings of variables, methods and expressions.... E:\XJTU\Êû∂ÊûÑÈÄÜÂêë\lda_demoGPT\local\data\itk
2024-01-31 05:38:15 INFO  AbstractLangProcessor: - Heap Information: init = 268435456(262144K) used = 1246866672(1217643K) committed = 1711276032(1671168K) max = 53687091200(52428800K)
2024-01-31 05:38:15 INFO  IBindingResolver: - Resolve type bindings...
2024-01-31 05:39:13 INFO  IBindingResolver: - Dependency analaysing...
2024-01-31 05:39:13 INFO  IBindingResolver: - Heap Information: init = 268435456(262144K) used = 1947362920(1901721K) committed = 4798283776(4685824K) max = 53687091200(52428800K)
2024-01-31 05:39:13 INFO  AbstractLangProcessor: - Heap Information: init = 268435456(262144K) used = 715186376(698424K) committed = 3154116608(3080192K) max = 53687091200(52428800K)
2024-07-24 00:23:08 INFO  AbstractLangProcessor: - Start parsing files...
2024-07-24 01:35:13 INFO  AbstractLangProcessor: - Resolve types and bindings of variables, methods and expressions.... E:\XJTU\º‹ππƒÊœÚ\lda_demoGPT\local\data\chromium_ori
2024-07-24 01:35:13 INFO  AbstractLangProcessor: - Heap Information: init = 268435456(262144K) used = 4418533648(4314974K) committed = 5033164800(4915200K) max = 53687091200(52428800K)
2024-07-24 01:35:13 INFO  IBindingResolver: - Resolve type bindings...
2024-07-24 01:38:24 INFO  IBindingResolver: - Dependency analaysing...
2024-07-24 01:38:24 INFO  IBindingResolver: - Heap Information: init = 268435456(262144K) used = 7732664712(7551430K) committed = 10468982784(10223616K) max = 53687091200(52428800K)
2024-07-24 01:38:33 INFO  AbstractLangProcessor: - Heap Information: init = 268435456(262144K) used = 2266069144(2212958K) committed = 8187281408(7995392K) max = 53687091200(52428800K)
2024-07-24 01:52:55 INFO  AbstractLangProcessor: - Start parsing files...
2024-07-24 03:01:22 INFO  AbstractLangProcessor: - Resolve types and bindings of variables, methods and expressions.... E:\XJTU\º‹ππƒÊœÚ\lda_demoGPT\local\data\chromium_ori
2024-07-24 03:01:22 INFO  AbstractLangProcessor: - Heap Information: init = 264241152(258048K) used = 2668039464(2605507K) committed = 3080716288(3008512K) max = 4294967296(4194304K)
2024-07-24 03:01:22 INFO  IBindingResolver: - Resolve type bindings...
2024-07-24 03:04:14 INFO  IBindingResolver: - Dependency analaysing...
2024-07-24 03:04:14 INFO  IBindingResolver: - Heap Information: init = 264241152(258048K) used = 2797944568(2732367K) committed = 3334471680(3256320K) max = 4294967296(4194304K)
2024-07-24 03:04:15 INFO  AbstractLangProcessor: - Heap Information: init = 264241152(258048K) used = 1649186184(1610533K) committed = 3334471680(3256320K) max = 4294967296(4194304K)
2024-07-24 10:51:58 INFO  AbstractLangProcessor: - Start parsing files...
2024-08-31 03:27:49 INFO  AbstractLangProcessor: - Start parsing files...
2024-08-31 03:27:58 INFO  AbstractLangProcessor: - Resolve types and bindings of variables, methods and expressions.... E:\XJTU\º‹ππƒÊœÚ\lda_demoGPT\local\data\scrapy
2024-08-31 03:27:58 INFO  AbstractLangProcessor: - Heap Information: init = 268435456(262144K) used = 164959424(161093K) committed = 335544320(327680K) max = 53687091200(52428800K)
2024-08-31 03:27:58 INFO  IBindingResolver: - Resolve type bindings...
2024-08-31 03:28:25 INFO  IBindingResolver: - Dependency analaysing...
2024-08-31 03:28:25 INFO  IBindingResolver: - Heap Information: init = 268435456(262144K) used = 166643680(162737K) committed = 335544320(327680K) max = 53687091200(52428800K)
2024-08-31 03:28:25 INFO  AbstractLangProcessor: - Heap Information: init = 268435456(262144K) used = 30327144(29616K) committed = 134217728(131072K) max = 53687091200(52428800K)
2024-08-31 03:28:50 INFO  DependencyGenerator: - Dependencies data generating done successfully...
2024-09-05 22:07:05 INFO  AbstractLangProcessor: - Start parsing files...
2024-09-05 22:07:23 INFO  AbstractLangProcessor: - Resolve types and bindings of variables, methods and expressions.... E:\XJTU\º‹ππƒÊœÚ\lda_demoGPT\local\data\libuv-1.44.2
2024-09-05 22:07:23 INFO  AbstractLangProcessor: - Heap Information: init = 268435456(262144K) used = 49294816(48139K) committed = 335544320(327680K) max = 53687091200(52428800K)
2024-09-05 22:07:23 INFO  IBindingResolver: - Resolve type bindings...
2024-09-05 22:07:24 INFO  IBindingResolver: - Dependency analaysing...
2024-09-05 22:07:24 INFO  IBindingResolver: - Heap Information: init = 268435456(262144K) used = 50274424(49096K) committed = 335544320(327680K) max = 53687091200(52428800K)
2024-09-05 22:07:24 INFO  AbstractLangProcessor: - Heap Information: init = 268435456(262144K) used = 49504896(48344K) committed = 234881024(229376K) max = 53687091200(52428800K)
2024-09-05 22:07:51 INFO  DependencyGenerator: - Dependencies data generating done successfully...
2024-09-05 22:09:58 INFO  AbstractLangProcessor: - Start parsing files...
2024-09-05 22:10:15 INFO  AbstractLangProcessor: - Resolve types and bindings of variables, methods and expressions.... E:\XJTU\º‹ππƒÊœÚ\lda_demoGPT\local\data\libuv-1.48.0
2024-09-05 22:10:15 INFO  AbstractLangProcessor: - Heap Information: init = 268435456(262144K) used = 92893856(90716K) committed = 335544320(327680K) max = 53687091200(52428800K)
2024-09-05 22:10:15 INFO  IBindingResolver: - Resolve type bindings...
2024-09-05 22:10:15 INFO  IBindingResolver: - Dependency analaysing...
2024-09-05 22:10:15 INFO  IBindingResolver: - Heap Information: init = 268435456(262144K) used = 162155952(158355K) committed = 335544320(327680K) max = 53687091200(52428800K)
2024-09-05 22:10:16 INFO  AbstractLangProcessor: - Heap Information: init = 268435456(262144K) used = 60446408(59029K) committed = 234881024(229376K) max = 53687091200(52428800K)
2024-09-05 22:10:42 INFO  DependencyGenerator: - Dependencies data generating done successfully...
