#
# There is insufficient memory for the Java Runtime Environment to continue.
# Native memory allocation (mmap) failed to map 8187281408 bytes for G1 virtual space
# Possible reasons:
#   The system is out of physical RAM or swap space
# Possible solutions:
#   Reduce memory load on the system
#   Increase physical memory or swap space
#   Check if swap backing store is full
#   Decrease Java heap size (-Xmx/-Xms)
#   Decrease number of Java threads
#   Decrease Java thread stack sizes (-Xss)
#   Set larger code cache with -XX:ReservedCodeCacheSize=
# This output file may be truncated or incomplete.
#
#  Out of Memory Error (os_windows.cpp:3552), pid=4760, tid=15448
#
# JRE version: Java(TM) SE Runtime Environment (17.0.9+11) (build 17.0.9+11-LTS-201)
# Java VM: Java HotSpot(TM) 64-Bit Server VM (17.0.9+11-LTS-201, mixed mode, sharing, tiered, compressed class ptrs, g1 gc, windows-amd64)
# No core dump will be written. Minidumps are not enabled by default on client versions of Windows
#

---------------  S U M M A R Y ------------

Command Line: -Xmx51200m .\depends-0.9.7.jar --auto-include --detail -f=json -s -p / -d . cpp E:\XJTU\¼Ü¹¹ÄæÏò\lda_demoGPT\local\data\chromium_ori chromium

Host: 11th Gen Intel(R) Core(TM) i7-11800H @ 2.30GHz, 16 cores, 15G,  Windows 11 , 64 bit Build 22621 (10.0.22621.3672)
Time: Wed Jul 24 01:39:51 2024  Windows 11 , 64 bit Build 22621 (10.0.22621.3672) elapsed time: 4606.374979 seconds (0d 1h 16m 46s)

---------------  T H R E A D  ---------------

Current thread (0x000001e334798c70):  VMThread "VM Thread" [stack: 0x000000cb82400000,0x000000cb82500000] [id=15448]

Stack: [0x000000cb82400000,0x000000cb82500000]
Native frames: (J=compiled Java code, j=interpreted, Vv=VM code, C=native code)
V  [jvm.dll+0x678a4a]
V  [jvm.dll+0x7d9cfd]
V  [jvm.dll+0x7db60e]
V  [jvm.dll+0x7dbc73]
V  [jvm.dll+0x245e1f]
V  [jvm.dll+0x6758f9]
V  [jvm.dll+0x66a2a2]
V  [jvm.dll+0x303686]
V  [jvm.dll+0x30ac06]
V  [jvm.dll+0x35a48e]
V  [jvm.dll+0x35a6bf]
V  [jvm.dll+0x2da678]
V  [jvm.dll+0x2d8a85]
V  [jvm.dll+0x2d808c]
V  [jvm.dll+0x31b97b]
V  [jvm.dll+0x7e048b]
V  [jvm.dll+0x7e11c4]
V  [jvm.dll+0x7e16dd]
V  [jvm.dll+0x7e1ab4]
V  [jvm.dll+0x7e1b80]
V  [jvm.dll+0x78998a]
V  [jvm.dll+0x677875]
C  [ucrtbase.dll+0x29333]
C  [KERNEL32.DLL+0x1257d]
C  [ntdll.dll+0x5af28]

VM_Operation (0x000000cb81efe150): G1CollectForAllocation, mode: safepoint, requested by thread 0x000001d67fdb6cf0


---------------  P R O C E S S  ---------------

Threads class SMR info:
_java_thread_list=0x000001e37bf8f3e0, length=14, elements={
0x000001d67fdb6cf0, 0x000001e33479e730, 0x000001e33479f2f0, 0x000001e3347b80f0,
0x000001e3347b8cb0, 0x000001e3347bd690, 0x000001e3347be050, 0x000001e3347bf400,
0x000001e3347ca020, 0x000001e3347cbc30, 0x000001e33517c650, 0x000001e335182b70,
0x000001e335745e10, 0x000001e3357462f0
}

Java Threads: ( => current thread )
  0x000001d67fdb6cf0 JavaThread "main" [_thread_blocked, id=30136, stack(0x000000cb81e00000,0x000000cb81f00000)]
  0x000001e33479e730 JavaThread "Reference Handler" daemon [_thread_blocked, id=33016, stack(0x000000cb82500000,0x000000cb82600000)]
  0x000001e33479f2f0 JavaThread "Finalizer" daemon [_thread_blocked, id=34868, stack(0x000000cb82600000,0x000000cb82700000)]
  0x000001e3347b80f0 JavaThread "Signal Dispatcher" daemon [_thread_blocked, id=16324, stack(0x000000cb82700000,0x000000cb82800000)]
  0x000001e3347b8cb0 JavaThread "Attach Listener" daemon [_thread_blocked, id=31444, stack(0x000000cb82800000,0x000000cb82900000)]
  0x000001e3347bd690 JavaThread "Service Thread" daemon [_thread_blocked, id=19572, stack(0x000000cb82900000,0x000000cb82a00000)]
  0x000001e3347be050 JavaThread "Monitor Deflation Thread" daemon [_thread_blocked, id=22304, stack(0x000000cb82a00000,0x000000cb82b00000)]
  0x000001e3347bf400 JavaThread "C2 CompilerThread0" daemon [_thread_blocked, id=19148, stack(0x000000cb82b00000,0x000000cb82c00000)]
  0x000001e3347ca020 JavaThread "C1 CompilerThread0" daemon [_thread_blocked, id=34048, stack(0x000000cb82c00000,0x000000cb82d00000)]
  0x000001e3347cbc30 JavaThread "Sweeper thread" daemon [_thread_blocked, id=20556, stack(0x000000cb82d00000,0x000000cb82e00000)]
  0x000001e33517c650 JavaThread "Notification Thread" daemon [_thread_blocked, id=28260, stack(0x000000cb82f00000,0x000000cb83000000)]
  0x000001e335182b70 JavaThread "Common-Cleaner" daemon [_thread_blocked, id=29392, stack(0x000000cb83100000,0x000000cb83200000)]
  0x000001e335745e10 JavaThread "net.sf.ehcache.CacheManager@564718df" daemon [_thread_blocked, id=25300, stack(0x000000cb83400000,0x000000cb83500000)]
  0x000001e3357462f0 JavaThread "macros.data" [_thread_blocked, id=28480, stack(0x000000cb83900000,0x000000cb83a00000)]

Other Threads:
=>0x000001e334798c70 VMThread "VM Thread" [stack: 0x000000cb82400000,0x000000cb82500000] [id=15448]
  0x000001e335180030 WatcherThread [stack: 0x000000cb83000000,0x000000cb83100000] [id=28432]
  0x000001d67fe52d70 GCTaskThread "GC Thread#0" [stack: 0x000000cb81f00000,0x000000cb82000000] [id=25408]
  0x000001e3353d49d0 GCTaskThread "GC Thread#1" [stack: 0x000000cb83200000,0x000000cb83300000] [id=6736]
  0x000001e3353d2e50 GCTaskThread "GC Thread#2" [stack: 0x000000cb83500000,0x000000cb83600000] [id=11484]
  0x000001e3353d3690 GCTaskThread "GC Thread#3" [stack: 0x000000cb83600000,0x000000cb83700000] [id=19156]
  0x000001e3353d4450 GCTaskThread "GC Thread#4" [stack: 0x000000cb83700000,0x000000cb83800000] [id=34536]
  0x000001e3353d3110 GCTaskThread "GC Thread#5" [stack: 0x000000cb83800000,0x000000cb83900000] [id=30568]
  0x000001e3353d4710 GCTaskThread "GC Thread#6" [stack: 0x000000cb83a00000,0x000000cb83b00000] [id=12112]
  0x000001e3353d3950 GCTaskThread "GC Thread#7" [stack: 0x000000cb83b00000,0x000000cb83c00000] [id=34448]
  0x000001e3353d3c10 GCTaskThread "GC Thread#8" [stack: 0x000000cb83c00000,0x000000cb83d00000] [id=37196]
  0x000001e3353d3ed0 GCTaskThread "GC Thread#9" [stack: 0x000000cb84600000,0x000000cb84700000] [id=28748]
  0x000001e37b3d28e0 GCTaskThread "GC Thread#10" [stack: 0x000000cb84700000,0x000000cb84800000] [id=556]
  0x000001e37b3d5a60 GCTaskThread "GC Thread#11" [stack: 0x000000cb84400000,0x000000cb84500000] [id=31160]
  0x000001e37b3d1de0 GCTaskThread "GC Thread#12" [stack: 0x000000cb84500000,0x000000cb84600000] [id=13980]
  0x000001d67fe604c0 ConcurrentGCThread "G1 Main Marker" [stack: 0x000000cb82000000,0x000000cb82100000] [id=36304]
  0x000001d67fe61670 ConcurrentGCThread "G1 Conc#0" [stack: 0x000000cb82100000,0x000000cb82200000] [id=10916]
  0x000001e37b3d2620 ConcurrentGCThread "G1 Conc#1" [stack: 0x000000cb81b00000,0x000000cb81c00000] [id=1160]
  0x000001e37b3d20a0 ConcurrentGCThread "G1 Conc#2" [stack: 0x000000cb81c00000,0x000000cb81d00000] [id=32276]
  0x000001d67fe7e760 ConcurrentGCThread "G1 Refine#0" [stack: 0x000000cb82200000,0x000000cb82300000] [id=8588]
  0x000001e37b871cb0 ConcurrentGCThread "G1 Refine#1" [stack: 0x000000cb83f00000,0x000000cb84000000] [id=26796]
  0x000001e37b718da0 ConcurrentGCThread "G1 Refine#2" [stack: 0x000000cb81d00000,0x000000cb81e00000] [id=31728]
  0x000001e37b8977a0 ConcurrentGCThread "G1 Refine#3" [stack: 0x000000cb82e00000,0x000000cb82f00000] [id=19580]
  0x000001e37cbc0aa0 ConcurrentGCThread "G1 Refine#4" [stack: 0x000000cb83300000,0x000000cb83400000] [id=20352]
  0x000001e37b711ff0 ConcurrentGCThread "G1 Refine#5" [stack: 0x000000cb83d00000,0x000000cb83e00000] [id=28760]
  0x000001e37cc1d6f0 ConcurrentGCThread "G1 Refine#6" [stack: 0x000000cb83e00000,0x000000cb83f00000] [id=11308]
  0x000001e37be03aa0 ConcurrentGCThread "G1 Refine#7" [stack: 0x000000cb84000000,0x000000cb84100000] [id=10172]
  0x000001e37ec71850 ConcurrentGCThread "G1 Refine#8" [stack: 0x000000cb84100000,0x000000cb84200000] [id=37816]
  0x000001e335456480 ConcurrentGCThread "G1 Refine#9" [stack: 0x000000cb84200000,0x000000cb84300000] [id=31844]
  0x000001e37b7b6c30 ConcurrentGCThread "G1 Refine#10" [stack: 0x000000cb84300000,0x000000cb84400000] [id=9408]
  0x000001e37c3059a0 ConcurrentGCThread "G1 Refine#11" [stack: 0x000000cb84800000,0x000000cb84900000] [id=35888]
  0x000001e37c513cb0 ConcurrentGCThread "G1 Refine#12" [stack: 0x000000cb84900000,0x000000cb84a00000] [id=28008]
  0x000001e334655230 ConcurrentGCThread "G1 Service" [stack: 0x000000cb82300000,0x000000cb82400000] [id=22680]

Threads with active compile tasks:

VM state: at safepoint (normal execution)

VM Mutex/Monitor currently owned by a thread:  ([mutex/lock_event])
[0x000001d67fdb3240] Threads_lock - owner thread: 0x000001e334798c70
[0x000001d67fdb1740] Heap_lock - owner thread: 0x000001d67fdb6cf0

CDS archive(s) mapped at: [0x000001e336000000-0x000001e336bd0000-0x000001e336bd0000), size 12386304, SharedBaseAddress: 0x000001e336000000, ArchiveRelocationMode: 1.
Compressed class space mapped at: 0x000001e337000000-0x000001e377000000, reserved size: 1073741824
Narrow klass base: 0x000001e336000000, Narrow klass shift: 0, Narrow klass range: 0x100000000

GC Precious Log:
 CPUs: 16 total, 16 available
 Memory: 16122M
 Large Page Support: Disabled
 NUMA Support: Disabled
 Compressed Oops: Disabled
 Heap Region Size: 32M
 Heap Min Capacity: 32M
 Heap Initial Capacity: 256M
 Heap Max Capacity: 50G
 Pre-touch: Disabled
 Parallel Workers: 13
 Concurrent Workers: 3
 Concurrent Refinement Workers: 13
 Periodic GC: Disabled

Heap:
 garbage-first heap   total 7995392K, used 2241519K [0x000001d680000000, 0x000001e300000000)
  region size 32768K, 1 young (32768K), 1 survivors (32768K)
 Metaspace       used 21828K, committed 22016K, reserved 1114112K
  class space    used 2027K, committed 2112K, reserved 1048576K

Heap Regions: E=young(eden), S=young(survivor), O=old, HS=humongous(starts), HC=humongous(continues), CS=collection set, F=free, OA=open archive, CA=closed archive, TAMS=top-at-mark-start (previous, next)
|   0|0x000001d680000000, 0x000001d681fffe50, 0x000001d682000000| 99%| O|  |TAMS 0x000001d680000000, 0x000001d680000000| Untracked 
|   1|0x000001d682000000, 0x000001d683ffffe0, 0x000001d684000000| 99%| O|  |TAMS 0x000001d682000000, 0x000001d682000000| Untracked 
|   2|0x000001d684000000, 0x000001d685ffff68, 0x000001d686000000| 99%| O|  |TAMS 0x000001d684000000, 0x000001d684000000| Untracked 
|   3|0x000001d686000000, 0x000001d687ffffe8, 0x000001d688000000| 99%| O|  |TAMS 0x000001d686000000, 0x000001d686000000| Untracked 
|   4|0x000001d688000000, 0x000001d689fffff8, 0x000001d68a000000| 99%| O|  |TAMS 0x000001d688000000, 0x000001d688000000| Untracked 
|   5|0x000001d68a000000, 0x000001d68bffff90, 0x000001d68c000000| 99%| O|  |TAMS 0x000001d68a000000, 0x000001d68a000000| Untracked 
|   6|0x000001d68c000000, 0x000001d68dfffff0, 0x000001d68e000000| 99%| O|  |TAMS 0x000001d68c000000, 0x000001d68c000000| Untracked 
|   7|0x000001d68e000000, 0x000001d68fffffe0, 0x000001d690000000| 99%| O|  |TAMS 0x000001d68e000000, 0x000001d68e000000| Untracked 
|   8|0x000001d690000000, 0x000001d692000000, 0x000001d692000000|100%| O|  |TAMS 0x000001d690000000, 0x000001d690000000| Untracked 
|   9|0x000001d692000000, 0x000001d694000000, 0x000001d694000000|100%| O|  |TAMS 0x000001d694000000, 0x000001d692000000| Untracked 
|  10|0x000001d694000000, 0x000001d695ffffe8, 0x000001d696000000| 99%| O|  |TAMS 0x000001d694000000, 0x000001d694000000| Untracked 
|  11|0x000001d696000000, 0x000001d697ffffc0, 0x000001d698000000| 99%| O|  |TAMS 0x000001d696000000, 0x000001d696000000| Untracked 
|  12|0x000001d698000000, 0x000001d699ffffe8, 0x000001d69a000000| 99%| O|  |TAMS 0x000001d698000000, 0x000001d698000000| Untracked 
|  13|0x000001d69a000000, 0x000001d69bfffff8, 0x000001d69c000000| 99%| O|  |TAMS 0x000001d69a000000, 0x000001d69a000000| Untracked 
|  14|0x000001d69c000000, 0x000001d69dfffff8, 0x000001d69e000000| 99%| O|  |TAMS 0x000001d69c000000, 0x000001d69c000000| Untracked 
|  15|0x000001d69e000000, 0x000001d69fffffb8, 0x000001d6a0000000| 99%| O|  |TAMS 0x000001d69e000000, 0x000001d69e000000| Untracked 
|  16|0x000001d6a0000000, 0x000001d6a1ffff50, 0x000001d6a2000000| 99%| O|  |TAMS 0x000001d6a0000000, 0x000001d6a0000000| Untracked 
|  17|0x000001d6a2000000, 0x000001d6a3ffffe8, 0x000001d6a4000000| 99%| O|  |TAMS 0x000001d6a2000000, 0x000001d6a2000000| Untracked 
|  18|0x000001d6a4000000, 0x000001d6a5ffffe8, 0x000001d6a6000000| 99%| O|  |TAMS 0x000001d6a4000000, 0x000001d6a4000000| Untracked 
|  19|0x000001d6a6000000, 0x000001d6a7ffffd8, 0x000001d6a8000000| 99%| O|  |TAMS 0x000001d6a6000000, 0x000001d6a6000000| Untracked 
|  20|0x000001d6a8000000, 0x000001d6a9ffff38, 0x000001d6aa000000| 99%| O|  |TAMS 0x000001d6a8000000, 0x000001d6a8000000| Untracked 
|  21|0x000001d6aa000000, 0x000001d6abffffb8, 0x000001d6ac000000| 99%| O|  |TAMS 0x000001d6aa000000, 0x000001d6aa000000| Untracked 
|  22|0x000001d6ac000000, 0x000001d6adffffa0, 0x000001d6ae000000| 99%| O|  |TAMS 0x000001d6ac000000, 0x000001d6ac000000| Untracked 
|  23|0x000001d6ae000000, 0x000001d6afffff90, 0x000001d6b0000000| 99%| O|  |TAMS 0x000001d6ae000000, 0x000001d6ae000000| Untracked 
|  24|0x000001d6b0000000, 0x000001d6b1ffffc0, 0x000001d6b2000000| 99%| O|  |TAMS 0x000001d6b0000000, 0x000001d6b0000000| Untracked 
|  25|0x000001d6b2000000, 0x000001d6b4000000, 0x000001d6b4000000|100%| O|  |TAMS 0x000001d6b2000000, 0x000001d6b2000000| Untracked 
|  26|0x000001d6b4000000, 0x000001d6b6000000, 0x000001d6b6000000|100%| O|  |TAMS 0x000001d6b4000000, 0x000001d6b4000000| Untracked 
|  27|0x000001d6b6000000, 0x000001d6b8000000, 0x000001d6b8000000|100%| O|  |TAMS 0x000001d6b6000000, 0x000001d6b6000000| Untracked 
|  28|0x000001d6b8000000, 0x000001d6b9ffffb0, 0x000001d6ba000000| 99%| O|  |TAMS 0x000001d6b8000000, 0x000001d6b8000000| Untracked 
|  29|0x000001d6ba000000, 0x000001d6bbfffff0, 0x000001d6bc000000| 99%| O|  |TAMS 0x000001d6ba000000, 0x000001d6ba000000| Untracked 
|  30|0x000001d6bc000000, 0x000001d6bdfffff0, 0x000001d6be000000| 99%| O|  |TAMS 0x000001d6bc000000, 0x000001d6bc000000| Untracked 
|  31|0x000001d6be000000, 0x000001d6bfffffe8, 0x000001d6c0000000| 99%| O|  |TAMS 0x000001d6be000000, 0x000001d6be000000| Untracked 
|  32|0x000001d6c0000000, 0x000001d6c2000000, 0x000001d6c2000000|100%| O|  |TAMS 0x000001d6c0000000, 0x000001d6c0000000| Untracked 
|  33|0x000001d6c2000000, 0x000001d6c3fffff0, 0x000001d6c4000000| 99%| O|  |TAMS 0x000001d6c2000000, 0x000001d6c2000000| Untracked 
|  34|0x000001d6c4000000, 0x000001d6c6000000, 0x000001d6c6000000|100%| O|  |TAMS 0x000001d6c4000000, 0x000001d6c4000000| Untracked 
|  35|0x000001d6c6000000, 0x000001d6c7ffffd0, 0x000001d6c8000000| 99%| O|  |TAMS 0x000001d6c6000000, 0x000001d6c6000000| Untracked 
|  36|0x000001d6c8000000, 0x000001d6c9fffff8, 0x000001d6ca000000| 99%| O|  |TAMS 0x000001d6c8000000, 0x000001d6c8000000| Untracked 
|  37|0x000001d6ca000000, 0x000001d6cbfffff0, 0x000001d6cc000000| 99%| O|  |TAMS 0x000001d6ca000000, 0x000001d6ca000000| Untracked 
|  38|0x000001d6cc000000, 0x000001d6ce000000, 0x000001d6ce000000|100%| O|  |TAMS 0x000001d6cc000000, 0x000001d6cc000000| Untracked 
|  39|0x000001d6ce000000, 0x000001d6cffffff0, 0x000001d6d0000000| 99%| O|  |TAMS 0x000001d6ce000000, 0x000001d6ce000000| Untracked 
|  40|0x000001d6d0000000, 0x000001d6d1fffff8, 0x000001d6d2000000| 99%| O|  |TAMS 0x000001d6d0000000, 0x000001d6d0000000| Untracked 
|  41|0x000001d6d2000000, 0x000001d6d3fffff8, 0x000001d6d4000000| 99%| O|  |TAMS 0x000001d6d2000000, 0x000001d6d2000000| Untracked 
|  42|0x000001d6d4000000, 0x000001d6d5fffff8, 0x000001d6d6000000| 99%| O|  |TAMS 0x000001d6d4000000, 0x000001d6d4000000| Untracked 
|  43|0x000001d6d6000000, 0x000001d6d7ffff80, 0x000001d6d8000000| 99%| O|  |TAMS 0x000001d6d6000000, 0x000001d6d6000000| Untracked 
|  44|0x000001d6d8000000, 0x000001d6da000000, 0x000001d6da000000|100%| O|  |TAMS 0x000001d6d8000000, 0x000001d6d8000000| Untracked 
|  45|0x000001d6da000000, 0x000001d6dbffffe8, 0x000001d6dc000000| 99%| O|  |TAMS 0x000001d6da000000, 0x000001d6da000000| Untracked 
|  46|0x000001d6dc000000, 0x000001d6ddfffff0, 0x000001d6de000000| 99%| O|  |TAMS 0x000001d6dc000000, 0x000001d6dc000000| Untracked 
|  47|0x000001d6de000000, 0x000001d6e0000000, 0x000001d6e0000000|100%| O|  |TAMS 0x000001d6de000000, 0x000001d6de000000| Untracked 
|  48|0x000001d6e0000000, 0x000001d6e1fffdf8, 0x000001d6e2000000| 99%| O|  |TAMS 0x000001d6e0000000, 0x000001d6e0000000| Untracked 
|  49|0x000001d6e2000000, 0x000001d6e3ffffd8, 0x000001d6e4000000| 99%| O|  |TAMS 0x000001d6e2000000, 0x000001d6e2000000| Untracked 
|  50|0x000001d6e4000000, 0x000001d6e4fadc60, 0x000001d6e6000000| 48%| O|  |TAMS 0x000001d6e4000000, 0x000001d6e4000000| Untracked 
|  51|0x000001d6e6000000, 0x000001d6e7fffff8, 0x000001d6e8000000| 99%| O|  |TAMS 0x000001d6e6000000, 0x000001d6e6000000| Untracked 
|  52|0x000001d6e8000000, 0x000001d6e9ffff88, 0x000001d6ea000000| 99%| O|  |TAMS 0x000001d6e8000000, 0x000001d6e8000000| Untracked 
|  53|0x000001d6ea000000, 0x000001d6ebfffff8, 0x000001d6ec000000| 99%| O|  |TAMS 0x000001d6ea000000, 0x000001d6ea000000| Untracked 
|  54|0x000001d6ec000000, 0x000001d6edffffd8, 0x000001d6ee000000| 99%| O|  |TAMS 0x000001d6ec000000, 0x000001d6ec000000| Untracked 
|  55|0x000001d6ee000000, 0x000001d6ee5ffbe8, 0x000001d6f0000000| 18%| O|  |TAMS 0x000001d6ee000000, 0x000001d6ee000000| Untracked 
|  56|0x000001d6f0000000, 0x000001d6f1390570, 0x000001d6f2000000| 61%| O|  |TAMS 0x000001d6f0000000, 0x000001d6f0000000| Untracked 
|  57|0x000001d6f2000000, 0x000001d6f4000000, 0x000001d6f4000000|100%| O|  |TAMS 0x000001d6f2000000, 0x000001d6f2000000| Untracked 
|  58|0x000001d6f4000000, 0x000001d6f5ffff70, 0x000001d6f6000000| 99%| O|  |TAMS 0x000001d6f4000000, 0x000001d6f4000000| Untracked 
|  59|0x000001d6f6000000, 0x000001d6f6000000, 0x000001d6f8000000|  0%| F|  |TAMS 0x000001d6f6000000, 0x000001d6f6000000| Untracked 
|  60|0x000001d6f8000000, 0x000001d6fa000000, 0x000001d6fa000000|100%| O|  |TAMS 0x000001d6f8000000, 0x000001d6f8000000| Untracked 
|  61|0x000001d6fa000000, 0x000001d6fa1311c8, 0x000001d6fc000000|  3%| O|  |TAMS 0x000001d6fa000000, 0x000001d6fa000000| Untracked 
|  62|0x000001d6fc000000, 0x000001d6fcadbb80, 0x000001d6fe000000| 33%| O|  |TAMS 0x000001d6fc000000, 0x000001d6fc000000| Untracked 
|  63|0x000001d6fe000000, 0x000001d6ff66cc00, 0x000001d700000000| 70%| O|  |TAMS 0x000001d6fe000000, 0x000001d6fe000000| Untracked 
|  64|0x000001d700000000, 0x000001d701ce1408, 0x000001d702000000| 90%| O|  |TAMS 0x000001d700000000, 0x000001d700000000| Untracked 
|  65|0x000001d702000000, 0x000001d70284b0d8, 0x000001d704000000| 25%| O|  |TAMS 0x000001d702000000, 0x000001d702000000| Untracked 
|  66|0x000001d704000000, 0x000001d704000000, 0x000001d706000000|  0%| F|  |TAMS 0x000001d704000000, 0x000001d704000000| Untracked 
|  67|0x000001d706000000, 0x000001d707e515e8, 0x000001d708000000| 94%| O|  |TAMS 0x000001d706000000, 0x000001d706000000| Untracked 
|  68|0x000001d708000000, 0x000001d708000000, 0x000001d70a000000|  0%| F|  |TAMS 0x000001d708000000, 0x000001d708000000| Untracked 
|  69|0x000001d70a000000, 0x000001d70bffffb0, 0x000001d70c000000| 99%| O|  |TAMS 0x000001d70a000000, 0x000001d70a000000| Untracked 
|  70|0x000001d70c000000, 0x000001d70d958bf0, 0x000001d70e000000| 79%| O|  |TAMS 0x000001d70c000000, 0x000001d70c000000| Untracked 
|  71|0x000001d70e000000, 0x000001d70f8e7708, 0x000001d710000000| 77%| O|  |TAMS 0x000001d70e000000, 0x000001d70e000000| Untracked 
|  72|0x000001d710000000, 0x000001d710000000, 0x000001d712000000|  0%| F|  |TAMS 0x000001d710000000, 0x000001d710000000| Untracked 
|  73|0x000001d712000000, 0x000001d7131b6548, 0x000001d714000000| 55%| O|  |TAMS 0x000001d712000000, 0x000001d712000000| Untracked 
|  74|0x000001d714000000, 0x000001d714000000, 0x000001d716000000|  0%| F|  |TAMS 0x000001d714000000, 0x000001d714000000| Untracked 
|  75|0x000001d716000000, 0x000001d716000000, 0x000001d718000000|  0%| F|  |TAMS 0x000001d716000000, 0x000001d716000000| Untracked 
|  76|0x000001d718000000, 0x000001d718000000, 0x000001d71a000000|  0%| F|  |TAMS 0x000001d718000000, 0x000001d718000000| Untracked 
|  77|0x000001d71a000000, 0x000001d71bdecb18, 0x000001d71c000000| 93%| O|  |TAMS 0x000001d71a000000, 0x000001d71a000000| Untracked 
|  78|0x000001d71c000000, 0x000001d71c000000, 0x000001d71e000000|  0%| F|  |TAMS 0x000001d71c000000, 0x000001d71c000000| Untracked 
|  79|0x000001d71e000000, 0x000001d71e000000, 0x000001d720000000|  0%| F|  |TAMS 0x000001d71e000000, 0x000001d71e000000| Untracked 
|  80|0x000001d720000000, 0x000001d720000000, 0x000001d722000000|  0%| F|  |TAMS 0x000001d720000000, 0x000001d720000000| Untracked 
|  81|0x000001d722000000, 0x000001d722000000, 0x000001d724000000|  0%| F|  |TAMS 0x000001d722000000, 0x000001d722000000| Untracked 
|  82|0x000001d724000000, 0x000001d724000000, 0x000001d726000000|  0%| F|  |TAMS 0x000001d724000000, 0x000001d724000000| Untracked 
|  83|0x000001d726000000, 0x000001d726000000, 0x000001d728000000|  0%| F|  |TAMS 0x000001d726000000, 0x000001d726000000| Untracked 
|  84|0x000001d728000000, 0x000001d728000000, 0x000001d72a000000|  0%| F|  |TAMS 0x000001d728000000, 0x000001d728000000| Untracked 
|  85|0x000001d72a000000, 0x000001d72a000000, 0x000001d72c000000|  0%| F|  |TAMS 0x000001d72a000000, 0x000001d72a000000| Untracked 
|  86|0x000001d72c000000, 0x000001d72c000000, 0x000001d72e000000|  0%| F|  |TAMS 0x000001d72c000000, 0x000001d72c000000| Untracked 
|  87|0x000001d72e000000, 0x000001d72e000000, 0x000001d730000000|  0%| F|  |TAMS 0x000001d72e000000, 0x000001d72e000000| Untracked 
|  88|0x000001d730000000, 0x000001d730000000, 0x000001d732000000|  0%| F|  |TAMS 0x000001d730000000, 0x000001d730000000| Untracked 
|  89|0x000001d732000000, 0x000001d732000000, 0x000001d734000000|  0%| F|  |TAMS 0x000001d732000000, 0x000001d732000000| Untracked 
|  90|0x000001d734000000, 0x000001d734000000, 0x000001d736000000|  0%| F|  |TAMS 0x000001d734000000, 0x000001d734000000| Untracked 
|  91|0x000001d736000000, 0x000001d736000000, 0x000001d738000000|  0%| F|  |TAMS 0x000001d736000000, 0x000001d736000000| Untracked 
|  92|0x000001d738000000, 0x000001d738000000, 0x000001d73a000000|  0%| F|  |TAMS 0x000001d738000000, 0x000001d738000000| Untracked 
|  93|0x000001d73a000000, 0x000001d73a000000, 0x000001d73c000000|  0%| F|  |TAMS 0x000001d73a000000, 0x000001d73a000000| Untracked 
|  94|0x000001d73c000000, 0x000001d73c000000, 0x000001d73e000000|  0%| F|  |TAMS 0x000001d73c000000, 0x000001d73c000000| Untracked 
|  95|0x000001d73e000000, 0x000001d73e000000, 0x000001d740000000|  0%| F|  |TAMS 0x000001d73e000000, 0x000001d73e000000| Untracked 
|  96|0x000001d740000000, 0x000001d741be4550, 0x000001d742000000| 87%| S|CS|TAMS 0x000001d740000000, 0x000001d740000000| Complete 
|  97|0x000001d742000000, 0x000001d742000000, 0x000001d744000000|  0%| F|  |TAMS 0x000001d742000000, 0x000001d742000000| Untracked 
|  98|0x000001d744000000, 0x000001d744000000, 0x000001d746000000|  0%| F|  |TAMS 0x000001d744000000, 0x000001d744000000| Untracked 
|  99|0x000001d746000000, 0x000001d746000000, 0x000001d748000000|  0%| F|  |TAMS 0x000001d746000000, 0x000001d746000000| Untracked 
| 100|0x000001d748000000, 0x000001d748000000, 0x000001d74a000000|  0%| F|  |TAMS 0x000001d748000000, 0x000001d748000000| Untracked 
| 101|0x000001d74a000000, 0x000001d74a000000, 0x000001d74c000000|  0%| F|  |TAMS 0x000001d74a000000, 0x000001d74a000000| Untracked 
| 102|0x000001d74c000000, 0x000001d74c000000, 0x000001d74e000000|  0%| F|  |TAMS 0x000001d74c000000, 0x000001d74c000000| Untracked 
| 103|0x000001d74e000000, 0x000001d74e000000, 0x000001d750000000|  0%| F|  |TAMS 0x000001d74e000000, 0x000001d74e000000| Untracked 
| 104|0x000001d750000000, 0x000001d750000000, 0x000001d752000000|  0%| F|  |TAMS 0x000001d750000000, 0x000001d750000000| Untracked 
| 105|0x000001d752000000, 0x000001d752000000, 0x000001d754000000|  0%| F|  |TAMS 0x000001d752000000, 0x000001d752000000| Untracked 
| 106|0x000001d754000000, 0x000001d754000000, 0x000001d756000000|  0%| F|  |TAMS 0x000001d754000000, 0x000001d754000000| Untracked 
| 107|0x000001d756000000, 0x000001d756000000, 0x000001d758000000|  0%| F|  |TAMS 0x000001d756000000, 0x000001d756000000| Untracked 
| 108|0x000001d758000000, 0x000001d758000000, 0x000001d75a000000|  0%| F|  |TAMS 0x000001d758000000, 0x000001d758000000| Untracked 
| 109|0x000001d75a000000, 0x000001d75a000000, 0x000001d75c000000|  0%| F|  |TAMS 0x000001d75a000000, 0x000001d75a000000| Untracked 
| 110|0x000001d75c000000, 0x000001d75c000000, 0x000001d75e000000|  0%| F|  |TAMS 0x000001d75c000000, 0x000001d75c000000| Untracked 
| 111|0x000001d75e000000, 0x000001d75e000000, 0x000001d760000000|  0%| F|  |TAMS 0x000001d75e000000, 0x000001d75e000000| Untracked 
| 112|0x000001d760000000, 0x000001d760000000, 0x000001d762000000|  0%| F|  |TAMS 0x000001d760000000, 0x000001d760000000| Untracked 
| 113|0x000001d762000000, 0x000001d762000000, 0x000001d764000000|  0%| F|  |TAMS 0x000001d762000000, 0x000001d762000000| Untracked 
| 114|0x000001d764000000, 0x000001d764000000, 0x000001d766000000|  0%| F|  |TAMS 0x000001d764000000, 0x000001d764000000| Untracked 
| 115|0x000001d766000000, 0x000001d766000000, 0x000001d768000000|  0%| F|  |TAMS 0x000001d766000000, 0x000001d766000000| Untracked 
| 116|0x000001d768000000, 0x000001d768000000, 0x000001d76a000000|  0%| F|  |TAMS 0x000001d768000000, 0x000001d768000000| Untracked 
| 117|0x000001d76a000000, 0x000001d76a000000, 0x000001d76c000000|  0%| F|  |TAMS 0x000001d76a000000, 0x000001d76a000000| Untracked 
| 118|0x000001d76c000000, 0x000001d76c000000, 0x000001d76e000000|  0%| F|  |TAMS 0x000001d76c000000, 0x000001d76c000000| Untracked 
| 119|0x000001d76e000000, 0x000001d76e000000, 0x000001d770000000|  0%| F|  |TAMS 0x000001d76e000000, 0x000001d76e000000| Untracked 
| 120|0x000001d770000000, 0x000001d770000000, 0x000001d772000000|  0%| F|  |TAMS 0x000001d770000000, 0x000001d770000000| Untracked 
| 121|0x000001d772000000, 0x000001d772000000, 0x000001d774000000|  0%| F|  |TAMS 0x000001d772000000, 0x000001d772000000| Untracked 
| 122|0x000001d774000000, 0x000001d774000000, 0x000001d776000000|  0%| F|  |TAMS 0x000001d774000000, 0x000001d774000000| Untracked 
| 123|0x000001d776000000, 0x000001d776000000, 0x000001d778000000|  0%| F|  |TAMS 0x000001d776000000, 0x000001d776000000| Untracked 
| 124|0x000001d778000000, 0x000001d778000000, 0x000001d77a000000|  0%| F|  |TAMS 0x000001d778000000, 0x000001d778000000| Untracked 
| 125|0x000001d77a000000, 0x000001d77a000000, 0x000001d77c000000|  0%| F|  |TAMS 0x000001d77a000000, 0x000001d77a000000| Untracked 
| 126|0x000001d77c000000, 0x000001d77c000000, 0x000001d77e000000|  0%| F|  |TAMS 0x000001d77c000000, 0x000001d77c000000| Untracked 
| 127|0x000001d77e000000, 0x000001d77e000000, 0x000001d780000000|  0%| F|  |TAMS 0x000001d77e000000, 0x000001d77e000000| Untracked 
| 128|0x000001d780000000, 0x000001d780000000, 0x000001d782000000|  0%| F|  |TAMS 0x000001d780000000, 0x000001d780000000| Untracked 
| 129|0x000001d782000000, 0x000001d782000000, 0x000001d784000000|  0%| F|  |TAMS 0x000001d782000000, 0x000001d782000000| Untracked 
| 130|0x000001d784000000, 0x000001d784000000, 0x000001d786000000|  0%| F|  |TAMS 0x000001d784000000, 0x000001d784000000| Untracked 
| 131|0x000001d786000000, 0x000001d786000000, 0x000001d788000000|  0%| F|  |TAMS 0x000001d786000000, 0x000001d786000000| Untracked 
| 132|0x000001d788000000, 0x000001d788000000, 0x000001d78a000000|  0%| F|  |TAMS 0x000001d788000000, 0x000001d788000000| Untracked 
| 133|0x000001d78a000000, 0x000001d78a000000, 0x000001d78c000000|  0%| F|  |TAMS 0x000001d78a000000, 0x000001d78a000000| Untracked 
| 134|0x000001d78c000000, 0x000001d78c000000, 0x000001d78e000000|  0%| F|  |TAMS 0x000001d78c000000, 0x000001d78c000000| Untracked 
| 135|0x000001d78e000000, 0x000001d78e000000, 0x000001d790000000|  0%| F|  |TAMS 0x000001d78e000000, 0x000001d78e000000| Untracked 
| 136|0x000001d790000000, 0x000001d790000000, 0x000001d792000000|  0%| F|  |TAMS 0x000001d790000000, 0x000001d790000000| Untracked 
| 137|0x000001d792000000, 0x000001d792000000, 0x000001d794000000|  0%| F|  |TAMS 0x000001d792000000, 0x000001d792000000| Untracked 
| 138|0x000001d794000000, 0x000001d794000000, 0x000001d796000000|  0%| F|  |TAMS 0x000001d794000000, 0x000001d794000000| Untracked 
| 139|0x000001d796000000, 0x000001d796000000, 0x000001d798000000|  0%| F|  |TAMS 0x000001d796000000, 0x000001d796000000| Untracked 
| 140|0x000001d798000000, 0x000001d798000000, 0x000001d79a000000|  0%| F|  |TAMS 0x000001d798000000, 0x000001d798000000| Untracked 
| 141|0x000001d79a000000, 0x000001d79a000000, 0x000001d79c000000|  0%| F|  |TAMS 0x000001d79a000000, 0x000001d79a000000| Untracked 
| 142|0x000001d79c000000, 0x000001d79c000000, 0x000001d79e000000|  0%| F|  |TAMS 0x000001d79c000000, 0x000001d79c000000| Untracked 
| 143|0x000001d79e000000, 0x000001d79e000000, 0x000001d7a0000000|  0%| F|  |TAMS 0x000001d79e000000, 0x000001d79e000000| Untracked 
| 144|0x000001d7a0000000, 0x000001d7a0000000, 0x000001d7a2000000|  0%| F|  |TAMS 0x000001d7a0000000, 0x000001d7a0000000| Untracked 
| 145|0x000001d7a2000000, 0x000001d7a2000000, 0x000001d7a4000000|  0%| F|  |TAMS 0x000001d7a2000000, 0x000001d7a2000000| Untracked 
| 146|0x000001d7a4000000, 0x000001d7a4000000, 0x000001d7a6000000|  0%| F|  |TAMS 0x000001d7a4000000, 0x000001d7a4000000| Untracked 
| 147|0x000001d7a6000000, 0x000001d7a6000000, 0x000001d7a8000000|  0%| F|  |TAMS 0x000001d7a6000000, 0x000001d7a6000000| Untracked 
| 148|0x000001d7a8000000, 0x000001d7a8000000, 0x000001d7aa000000|  0%| F|  |TAMS 0x000001d7a8000000, 0x000001d7a8000000| Untracked 
| 149|0x000001d7aa000000, 0x000001d7aa000000, 0x000001d7ac000000|  0%| F|  |TAMS 0x000001d7aa000000, 0x000001d7aa000000| Untracked 
| 150|0x000001d7ac000000, 0x000001d7ac000000, 0x000001d7ae000000|  0%| F|  |TAMS 0x000001d7ac000000, 0x000001d7ac000000| Untracked 
| 151|0x000001d7ae000000, 0x000001d7ae000000, 0x000001d7b0000000|  0%| F|  |TAMS 0x000001d7ae000000, 0x000001d7ae000000| Untracked 
| 152|0x000001d7b0000000, 0x000001d7b0000000, 0x000001d7b2000000|  0%| F|  |TAMS 0x000001d7b0000000, 0x000001d7b0000000| Untracked 
| 153|0x000001d7b2000000, 0x000001d7b2000000, 0x000001d7b4000000|  0%| F|  |TAMS 0x000001d7b2000000, 0x000001d7b2000000| Untracked 
| 154|0x000001d7b4000000, 0x000001d7b4000000, 0x000001d7b6000000|  0%| F|  |TAMS 0x000001d7b4000000, 0x000001d7b4000000| Untracked 
| 155|0x000001d7b6000000, 0x000001d7b6000000, 0x000001d7b8000000|  0%| F|  |TAMS 0x000001d7b6000000, 0x000001d7b6000000| Untracked 
| 156|0x000001d7b8000000, 0x000001d7ba000000, 0x000001d7ba000000|100%| O|  |TAMS 0x000001d7ba000000, 0x000001d7b8000000| Untracked 
| 157|0x000001d7ba000000, 0x000001d7bc000000, 0x000001d7bc000000|100%| O|  |TAMS 0x000001d7bc000000, 0x000001d7ba000000| Untracked 
| 158|0x000001d7bc000000, 0x000001d7bc000000, 0x000001d7be000000|  0%| F|  |TAMS 0x000001d7bc000000, 0x000001d7bc000000| Untracked 
| 159|0x000001d7be000000, 0x000001d7be000000, 0x000001d7c0000000|  0%| F|  |TAMS 0x000001d7be000000, 0x000001d7be000000| Untracked 
| 160|0x000001d7c0000000, 0x000001d7c0000000, 0x000001d7c2000000|  0%| F|  |TAMS 0x000001d7c0000000, 0x000001d7c0000000| Untracked 
| 161|0x000001d7c2000000, 0x000001d7c2000000, 0x000001d7c4000000|  0%| F|  |TAMS 0x000001d7c2000000, 0x000001d7c2000000| Untracked 
| 162|0x000001d7c4000000, 0x000001d7c4000000, 0x000001d7c6000000|  0%| F|  |TAMS 0x000001d7c4000000, 0x000001d7c4000000| Untracked 
| 163|0x000001d7c6000000, 0x000001d7c6000000, 0x000001d7c8000000|  0%| F|  |TAMS 0x000001d7c6000000, 0x000001d7c6000000| Untracked 
| 164|0x000001d7c8000000, 0x000001d7c8000000, 0x000001d7ca000000|  0%| F|  |TAMS 0x000001d7c8000000, 0x000001d7c8000000| Untracked 
| 165|0x000001d7ca000000, 0x000001d7ca000000, 0x000001d7cc000000|  0%| F|  |TAMS 0x000001d7ca000000, 0x000001d7ca000000| Untracked 
| 166|0x000001d7cc000000, 0x000001d7cc000000, 0x000001d7ce000000|  0%| F|  |TAMS 0x000001d7cc000000, 0x000001d7cc000000| Untracked 
| 167|0x000001d7ce000000, 0x000001d7ce000000, 0x000001d7d0000000|  0%| F|  |TAMS 0x000001d7ce000000, 0x000001d7ce000000| Untracked 
| 168|0x000001d7d0000000, 0x000001d7d0000000, 0x000001d7d2000000|  0%| F|  |TAMS 0x000001d7d0000000, 0x000001d7d0000000| Untracked 
| 169|0x000001d7d2000000, 0x000001d7d2000000, 0x000001d7d4000000|  0%| F|  |TAMS 0x000001d7d2000000, 0x000001d7d2000000| Untracked 
| 170|0x000001d7d4000000, 0x000001d7d4000000, 0x000001d7d6000000|  0%| F|  |TAMS 0x000001d7d4000000, 0x000001d7d4000000| Untracked 
| 171|0x000001d7d6000000, 0x000001d7d6000000, 0x000001d7d8000000|  0%| F|  |TAMS 0x000001d7d6000000, 0x000001d7d6000000| Untracked 
| 172|0x000001d7d8000000, 0x000001d7d8000000, 0x000001d7da000000|  0%| F|  |TAMS 0x000001d7d8000000, 0x000001d7d8000000| Untracked 
| 173|0x000001d7da000000, 0x000001d7da000000, 0x000001d7dc000000|  0%| F|  |TAMS 0x000001d7da000000, 0x000001d7da000000| Untracked 
| 174|0x000001d7dc000000, 0x000001d7dc000000, 0x000001d7de000000|  0%| F|  |TAMS 0x000001d7dc000000, 0x000001d7dc000000| Untracked 
| 175|0x000001d7de000000, 0x000001d7de000000, 0x000001d7e0000000|  0%| F|  |TAMS 0x000001d7de000000, 0x000001d7de000000| Untracked 
| 176|0x000001d7e0000000, 0x000001d7e0000000, 0x000001d7e2000000|  0%| F|  |TAMS 0x000001d7e0000000, 0x000001d7e0000000| Untracked 
| 177|0x000001d7e2000000, 0x000001d7e2000000, 0x000001d7e4000000|  0%| F|  |TAMS 0x000001d7e2000000, 0x000001d7e2000000| Untracked 
| 178|0x000001d7e4000000, 0x000001d7e4000000, 0x000001d7e6000000|  0%| F|  |TAMS 0x000001d7e4000000, 0x000001d7e4000000| Untracked 
| 179|0x000001d7e6000000, 0x000001d7e6000000, 0x000001d7e8000000|  0%| F|  |TAMS 0x000001d7e6000000, 0x000001d7e6000000| Untracked 
| 180|0x000001d7e8000000, 0x000001d7e8000000, 0x000001d7ea000000|  0%| F|  |TAMS 0x000001d7e8000000, 0x000001d7e8000000| Untracked 
| 181|0x000001d7ea000000, 0x000001d7ea000000, 0x000001d7ec000000|  0%| F|  |TAMS 0x000001d7ea000000, 0x000001d7ea000000| Untracked 
| 182|0x000001d7ec000000, 0x000001d7ec000000, 0x000001d7ee000000|  0%| F|  |TAMS 0x000001d7ec000000, 0x000001d7ec000000| Untracked 
| 183|0x000001d7ee000000, 0x000001d7ee000000, 0x000001d7f0000000|  0%| F|  |TAMS 0x000001d7ee000000, 0x000001d7ee000000| Untracked 
| 184|0x000001d7f0000000, 0x000001d7f0000000, 0x000001d7f2000000|  0%| F|  |TAMS 0x000001d7f0000000, 0x000001d7f0000000| Untracked 
| 185|0x000001d7f2000000, 0x000001d7f2000000, 0x000001d7f4000000|  0%| F|  |TAMS 0x000001d7f2000000, 0x000001d7f2000000| Untracked 
| 186|0x000001d7f4000000, 0x000001d7f4000000, 0x000001d7f6000000|  0%| F|  |TAMS 0x000001d7f4000000, 0x000001d7f4000000| Untracked 
| 187|0x000001d7f6000000, 0x000001d7f6000000, 0x000001d7f8000000|  0%| F|  |TAMS 0x000001d7f6000000, 0x000001d7f6000000| Untracked 
| 188|0x000001d7f8000000, 0x000001d7f8000000, 0x000001d7fa000000|  0%| F|  |TAMS 0x000001d7f8000000, 0x000001d7f8000000| Untracked 
| 189|0x000001d7fa000000, 0x000001d7fa000000, 0x000001d7fc000000|  0%| F|  |TAMS 0x000001d7fa000000, 0x000001d7fa000000| Untracked 
| 190|0x000001d7fc000000, 0x000001d7fc000000, 0x000001d7fe000000|  0%| F|  |TAMS 0x000001d7fc000000, 0x000001d7fc000000| Untracked 
| 191|0x000001d7fe000000, 0x000001d7fe000000, 0x000001d800000000|  0%| F|  |TAMS 0x000001d7fe000000, 0x000001d7fe000000| Untracked 
| 192|0x000001d800000000, 0x000001d800000000, 0x000001d802000000|  0%| F|  |TAMS 0x000001d800000000, 0x000001d800000000| Untracked 
| 193|0x000001d802000000, 0x000001d802000000, 0x000001d804000000|  0%| F|  |TAMS 0x000001d802000000, 0x000001d802000000| Untracked 
| 194|0x000001d804000000, 0x000001d804000000, 0x000001d806000000|  0%| F|  |TAMS 0x000001d804000000, 0x000001d804000000| Untracked 
| 195|0x000001d806000000, 0x000001d806000000, 0x000001d808000000|  0%| F|  |TAMS 0x000001d806000000, 0x000001d806000000| Untracked 
| 196|0x000001d808000000, 0x000001d808000000, 0x000001d80a000000|  0%| F|  |TAMS 0x000001d808000000, 0x000001d808000000| Untracked 
| 197|0x000001d80a000000, 0x000001d80a000000, 0x000001d80c000000|  0%| F|  |TAMS 0x000001d80a000000, 0x000001d80a000000| Untracked 
| 198|0x000001d80c000000, 0x000001d80c000000, 0x000001d80e000000|  0%| F|  |TAMS 0x000001d80c000000, 0x000001d80c000000| Untracked 
| 199|0x000001d80e000000, 0x000001d80e000000, 0x000001d810000000|  0%| F|  |TAMS 0x000001d80e000000, 0x000001d80e000000| Untracked 
| 200|0x000001d810000000, 0x000001d810000000, 0x000001d812000000|  0%| F|  |TAMS 0x000001d810000000, 0x000001d810000000| Untracked 
| 201|0x000001d812000000, 0x000001d812000000, 0x000001d814000000|  0%| F|  |TAMS 0x000001d812000000, 0x000001d812000000| Untracked 
| 202|0x000001d814000000, 0x000001d814000000, 0x000001d816000000|  0%| F|  |TAMS 0x000001d814000000, 0x000001d814000000| Untracked 
| 203|0x000001d816000000, 0x000001d816000000, 0x000001d818000000|  0%| F|  |TAMS 0x000001d816000000, 0x000001d816000000| Untracked 
| 204|0x000001d818000000, 0x000001d818000000, 0x000001d81a000000|  0%| F|  |TAMS 0x000001d818000000, 0x000001d818000000| Untracked 
| 205|0x000001d81a000000, 0x000001d81a000000, 0x000001d81c000000|  0%| F|  |TAMS 0x000001d81a000000, 0x000001d81a000000| Untracked 
| 206|0x000001d81c000000, 0x000001d81c000000, 0x000001d81e000000|  0%| F|  |TAMS 0x000001d81c000000, 0x000001d81c000000| Untracked 
| 207|0x000001d81e000000, 0x000001d81e000000, 0x000001d820000000|  0%| F|  |TAMS 0x000001d81e000000, 0x000001d81e000000| Untracked 
| 208|0x000001d820000000, 0x000001d820000000, 0x000001d822000000|  0%| F|  |TAMS 0x000001d820000000, 0x000001d820000000| Untracked 
| 209|0x000001d822000000, 0x000001d822000000, 0x000001d824000000|  0%| F|  |TAMS 0x000001d822000000, 0x000001d822000000| Untracked 
| 210|0x000001d824000000, 0x000001d824000000, 0x000001d826000000|  0%| F|  |TAMS 0x000001d824000000, 0x000001d824000000| Untracked 
| 211|0x000001d826000000, 0x000001d826000000, 0x000001d828000000|  0%| F|  |TAMS 0x000001d826000000, 0x000001d826000000| Untracked 
| 212|0x000001d828000000, 0x000001d828000000, 0x000001d82a000000|  0%| F|  |TAMS 0x000001d828000000, 0x000001d828000000| Untracked 
| 213|0x000001d82a000000, 0x000001d82a000000, 0x000001d82c000000|  0%| F|  |TAMS 0x000001d82a000000, 0x000001d82a000000| Untracked 
| 214|0x000001d82c000000, 0x000001d82c000000, 0x000001d82e000000|  0%| F|  |TAMS 0x000001d82c000000, 0x000001d82c000000| Untracked 
| 215|0x000001d82e000000, 0x000001d82e000000, 0x000001d830000000|  0%| F|  |TAMS 0x000001d82e000000, 0x000001d82e000000| Untracked 
| 216|0x000001d830000000, 0x000001d830000000, 0x000001d832000000|  0%| F|  |TAMS 0x000001d830000000, 0x000001d830000000| Untracked 
| 217|0x000001d832000000, 0x000001d832000000, 0x000001d834000000|  0%| F|  |TAMS 0x000001d832000000, 0x000001d832000000| Untracked 
| 218|0x000001d834000000, 0x000001d834000000, 0x000001d836000000|  0%| F|  |TAMS 0x000001d834000000, 0x000001d834000000| Untracked 
| 219|0x000001d836000000, 0x000001d836000000, 0x000001d838000000|  0%| F|  |TAMS 0x000001d836000000, 0x000001d836000000| Untracked 
| 220|0x000001d838000000, 0x000001d838000000, 0x000001d83a000000|  0%| F|  |TAMS 0x000001d838000000, 0x000001d838000000| Untracked 
| 221|0x000001d83a000000, 0x000001d83a000000, 0x000001d83c000000|  0%| F|  |TAMS 0x000001d83a000000, 0x000001d83a000000| Untracked 
| 222|0x000001d83c000000, 0x000001d83c000000, 0x000001d83e000000|  0%| F|  |TAMS 0x000001d83c000000, 0x000001d83c000000| Untracked 
| 223|0x000001d83e000000, 0x000001d83e000000, 0x000001d840000000|  0%| F|  |TAMS 0x000001d83e000000, 0x000001d83e000000| Untracked 
| 224|0x000001d840000000, 0x000001d840000000, 0x000001d842000000|  0%| F|  |TAMS 0x000001d840000000, 0x000001d840000000| Untracked 
| 225|0x000001d842000000, 0x000001d842000000, 0x000001d844000000|  0%| F|  |TAMS 0x000001d842000000, 0x000001d842000000| Untracked 
| 226|0x000001d844000000, 0x000001d844000000, 0x000001d846000000|  0%| F|  |TAMS 0x000001d844000000, 0x000001d844000000| Untracked 
| 227|0x000001d846000000, 0x000001d846000000, 0x000001d848000000|  0%| F|  |TAMS 0x000001d846000000, 0x000001d846000000| Untracked 
| 228|0x000001d848000000, 0x000001d848000000, 0x000001d84a000000|  0%| F|  |TAMS 0x000001d848000000, 0x000001d848000000| Untracked 
| 229|0x000001d84a000000, 0x000001d84a000000, 0x000001d84c000000|  0%| F|  |TAMS 0x000001d84a000000, 0x000001d84a000000| Untracked 
| 230|0x000001d84c000000, 0x000001d84c000000, 0x000001d84e000000|  0%| F|  |TAMS 0x000001d84c000000, 0x000001d84c000000| Untracked 
| 231|0x000001d84e000000, 0x000001d84e000000, 0x000001d850000000|  0%| F|  |TAMS 0x000001d84e000000, 0x000001d84e000000| Untracked 
| 232|0x000001d850000000, 0x000001d850000000, 0x000001d852000000|  0%| F|  |TAMS 0x000001d850000000, 0x000001d850000000| Untracked 
| 233|0x000001d852000000, 0x000001d852000000, 0x000001d854000000|  0%| F|  |TAMS 0x000001d852000000, 0x000001d852000000| Untracked 
| 234|0x000001d854000000, 0x000001d854000000, 0x000001d856000000|  0%| F|  |TAMS 0x000001d854000000, 0x000001d854000000| Untracked 
| 235|0x000001d856000000, 0x000001d856000000, 0x000001d858000000|  0%| F|  |TAMS 0x000001d856000000, 0x000001d856000000| Untracked 
| 236|0x000001d858000000, 0x000001d858000000, 0x000001d85a000000|  0%| F|  |TAMS 0x000001d858000000, 0x000001d858000000| Untracked 
| 237|0x000001d85a000000, 0x000001d85a000000, 0x000001d85c000000|  0%| F|  |TAMS 0x000001d85a000000, 0x000001d85a000000| Untracked 
| 238|0x000001d85c000000, 0x000001d85c000000, 0x000001d85e000000|  0%| F|  |TAMS 0x000001d85c000000, 0x000001d85c000000| Untracked 
| 239|0x000001d85e000000, 0x000001d85e000000, 0x000001d860000000|  0%| F|  |TAMS 0x000001d85e000000, 0x000001d85e000000| Untracked 
| 240|0x000001d860000000, 0x000001d860000000, 0x000001d862000000|  0%| F|  |TAMS 0x000001d860000000, 0x000001d860000000| Untracked 
| 241|0x000001d862000000, 0x000001d862000000, 0x000001d864000000|  0%| F|  |TAMS 0x000001d862000000, 0x000001d862000000| Untracked 
| 242|0x000001d864000000, 0x000001d864000000, 0x000001d866000000|  0%| F|  |TAMS 0x000001d864000000, 0x000001d864000000| Untracked 
| 243|0x000001d866000000, 0x000001d866000000, 0x000001d868000000|  0%| F|  |TAMS 0x000001d866000000, 0x000001d866000000| Untracked 

Card table byte_map: [0x000001d61f050000,0x000001d625450000] _byte_map_base: 0x000001d533c50000

Marking Bits (Prev, Next): (CMBitMap*) 0x000001d67fe53390, (CMBitMap*) 0x000001d67fe533d0
 Prev Bits: [0x000001d62b850000, 0x000001d65d850000)
 Next Bits: [0x000001e300000000, 0x000001e332000000)

Polling page: 0x000001d67f9b0000

Metaspace:

Usage:
  Non-class:     19.34 MB used.
      Class:      1.98 MB used.
       Both:     21.32 MB used.

Virtual space:
  Non-class space:       64.00 MB reserved,      19.44 MB ( 30%) committed,  1 nodes.
      Class space:        1.00 GB reserved,       2.06 MB ( <1%) committed,  1 nodes.
             Both:        1.06 GB reserved,      21.50 MB (  2%) committed. 

Chunk freelists:
   Non-Class:  12.17 MB
       Class:  13.79 MB
        Both:  25.96 MB

MaxMetaspaceSize: unlimited
CompressedClassSpaceSize: 1.00 GB
Initial GC threshold: 21.00 MB
Current GC threshold: 35.62 MB
CDS: on
MetaspaceReclaimPolicy: balanced
 - commit_granule_bytes: 65536.
 - commit_granule_words: 8192.
 - virtual_space_node_default_size: 8388608.
 - enlarge_chunks_in_place: 1.
 - new_chunks_are_fully_committed: 0.
 - uncommit_free_chunks: 1.
 - use_allocation_guard: 0.
 - handle_deallocations: 1.


Internal statistics:

num_allocs_failed_limit: 0.
num_arena_births: 114.
num_arena_deaths: 0.
num_vsnodes_births: 2.
num_vsnodes_deaths: 0.
num_space_committed: 344.
num_space_uncommitted: 0.
num_chunks_returned_to_freelist: 0.
num_chunks_taken_from_freelist: 710.
num_chunk_merges: 0.
num_chunk_splits: 547.
num_chunks_enlarged: 474.
num_inconsistent_stats: 0.

CodeHeap 'non-profiled nmethods': size=119168Kb used=13581Kb max_used=13663Kb free=105586Kb
 bounds [0x000001d610780000, 0x000001d611510000, 0x000001d617be0000]
CodeHeap 'profiled nmethods': size=119104Kb used=9959Kb max_used=12305Kb free=109144Kb
 bounds [0x000001d608be0000, 0x000001d609800000, 0x000001d610030000]
CodeHeap 'non-nmethods': size=7488Kb used=1245Kb max_used=2995Kb free=6242Kb
 bounds [0x000001d610030000, 0x000001d610390000, 0x000001d610780000]
 total_blobs=7158 nmethods=6615 adapters=454
 compilation: enabled
              stopped_count=0, restarted_count=0
 full_count=0

Compilation events (20 events):
Event: 4552.117 Thread 0x000001e3347bf400 10597       4       depends.relations.RelationCounter::addRelationFromExpression (583 bytes)
Event: 4552.232 Thread 0x000001e3347bf400 nmethod 10597 0x000001d610b72d10 code [0x000001d610b73300, 0x000001d610b79550]
Event: 4552.830 Thread 0x000001e3347bf400 10598       4       depends.relations.Relation::<init> (26 bytes)
Event: 4552.832 Thread 0x000001e3347bf400 nmethod 10598 0x000001d611369c90 code [0x000001d611369e00, 0x000001d61136a0f8]
Event: 4554.994 Thread 0x000001e3347ca020 10599       3       depends.entity.ContainerEntity::lookupFunctionBottomUpTillTopContainer (97 bytes)
Event: 4554.995 Thread 0x000001e3347ca020 nmethod 10599 0x000001d6096d1310 code [0x000001d6096d1580, 0x000001d6096d23a8]
Event: 4554.997 Thread 0x000001e3347bf400 10600       4       depends.entity.ContainerEntity::lookupFunctionBottomUpTillTopContainer (97 bytes)
Event: 4555.011 Thread 0x000001e3347bf400 nmethod 10600 0x000001d610e22b10 code [0x000001d610e22d00, 0x000001d610e23c18]
Event: 4555.011 Thread 0x000001e3347bf400 10601       4       depends.entity.TypeEntity::lookupFunctionLocally (15 bytes)
Event: 4555.015 Thread 0x000001e3347bf400 nmethod 10601 0x000001d610f34c90 code [0x000001d610f34e80, 0x000001d610f35468]
Event: 4555.015 Thread 0x000001e3347bf400 10602       4       depends.entity.TypeEntity::lookupFunctionLocally (142 bytes)
Event: 4555.025 Thread 0x000001e3347bf400 nmethod 10602 0x000001d611263a90 code [0x000001d611263ca0, 0x000001d611264a48]
Event: 4555.025 Thread 0x000001e3347bf400 10603       4       depends.entity.ContainerEntity::lookupFunctionInVisibleScope (107 bytes)
Event: 4555.035 Thread 0x000001e3347bf400 nmethod 10603 0x000001d611261c90 code [0x000001d611261e80, 0x000001d611263118]
Event: 4559.715 Thread 0x000001e3347bf400 10604       4       java.util.stream.ReferencePipeline$2$1::accept (27 bytes)
Event: 4559.720 Thread 0x000001e3347bf400 nmethod 10604 0x000001d610d6a810 code [0x000001d610d6a9e0, 0x000001d610d6b2b8]
Event: 4562.188 Thread 0x000001e3347bf400 10605       4       depends.entity.TypeEntity::lookupFunctionLocally (15 bytes)
Event: 4562.194 Thread 0x000001e3347bf400 nmethod 10605 0x000001d610b9a410 code [0x000001d610b9a600, 0x000001d610b9ac68]
Event: 4563.071 Thread 0x000001e3347ca020 10606       3       depends.entity.TypeEntity::lookupFunctionLocally (142 bytes)
Event: 4563.072 Thread 0x000001e3347ca020 nmethod 10606 0x000001d60957d410 code [0x000001d60957d6c0, 0x000001d60957e588]

GC Heap History (20 events):
Event: 4516.942 GC heap after
{Heap after GC invocations=4953 (full 0):
 garbage-first heap   total 10223616K, used 4078022K [0x000001d680000000, 0x000001e300000000)
  region size 32768K, 3 young (98304K), 3 survivors (98304K)
 Metaspace       used 21733K, committed 21888K, reserved 1114112K
  class space    used 2024K, committed 2112K, reserved 1048576K
}
Event: 4518.857 GC heap before
{Heap before GC invocations=4953 (full 0):
 garbage-first heap   total 10223616K, used 7551430K [0x000001d680000000, 0x000001e300000000)
  region size 32768K, 110 young (3604480K), 3 survivors (98304K)
 Metaspace       used 21734K, committed 21888K, reserved 1114112K
  class space    used 2024K, committed 2112K, reserved 1048576K
}
Event: 4528.120 GC heap after
{Heap after GC invocations=4954 (full 1):
 garbage-first heap   total 7995392K, used 2212958K [0x000001d680000000, 0x000001e300000000)
  region size 32768K, 0 young (0K), 0 survivors (0K)
 Metaspace       used 21734K, committed 21888K, reserved 1114112K
  class space    used 2024K, committed 2112K, reserved 1048576K
}
Event: 4550.016 GC heap before
{Heap before GC invocations=4954 (full 1):
 garbage-first heap   total 7995392K, used 6964318K [0x000001d680000000, 0x000001e300000000)
  region size 32768K, 145 young (4751360K), 0 survivors (0K)
 Metaspace       used 21828K, committed 22016K, reserved 1114112K
  class space    used 2027K, committed 2112K, reserved 1048576K
}
Event: 4550.025 GC heap after
{Heap after GC invocations=4955 (full 1):
 garbage-first heap   total 7995392K, used 2227407K [0x000001d680000000, 0x000001e300000000)
  region size 32768K, 1 young (32768K), 1 survivors (32768K)
 Metaspace       used 21828K, committed 22016K, reserved 1114112K
  class space    used 2027K, committed 2112K, reserved 1048576K
}
Event: 4559.392 GC heap before
{Heap before GC invocations=4955 (full 1):
 garbage-first heap   total 7995392K, used 6945999K [0x000001d680000000, 0x000001e300000000)
  region size 32768K, 145 young (4751360K), 1 survivors (32768K)
 Metaspace       used 21828K, committed 22016K, reserved 1114112K
  class space    used 2027K, committed 2112K, reserved 1048576K
}
Event: 4559.398 GC heap after
{Heap after GC invocations=4956 (full 1):
 garbage-first heap   total 7995392K, used 2225460K [0x000001d680000000, 0x000001e300000000)
  region size 32768K, 1 young (32768K), 1 survivors (32768K)
 Metaspace       used 21828K, committed 22016K, reserved 1114112K
  class space    used 2027K, committed 2112K, reserved 1048576K
}
Event: 4575.056 GC heap before
{Heap before GC invocations=4956 (full 1):
 garbage-first heap   total 7995392K, used 6944052K [0x000001d680000000, 0x000001e300000000)
  region size 32768K, 145 young (4751360K), 1 survivors (32768K)
 Metaspace       used 21828K, committed 22016K, reserved 1114112K
  class space    used 2027K, committed 2112K, reserved 1048576K
}
Event: 4575.067 GC heap after
{Heap after GC invocations=4957 (full 1):
 garbage-first heap   total 7995392K, used 2232159K [0x000001d680000000, 0x000001e300000000)
  region size 32768K, 1 young (32768K), 1 survivors (32768K)
 Metaspace       used 21828K, committed 22016K, reserved 1114112K
  class space    used 2027K, committed 2112K, reserved 1048576K
}
Event: 4596.005 GC heap before
{Heap before GC invocations=4957 (full 1):
 garbage-first heap   total 7995392K, used 6950751K [0x000001d680000000, 0x000001e300000000)
  region size 32768K, 145 young (4751360K), 1 survivors (32768K)
 Metaspace       used 21828K, committed 22016K, reserved 1114112K
  class space    used 2027K, committed 2112K, reserved 1048576K
}
Event: 4596.015 GC heap after
{Heap after GC invocations=4958 (full 1):
 garbage-first heap   total 7995392K, used 2237492K [0x000001d680000000, 0x000001e300000000)
  region size 32768K, 1 young (32768K), 1 survivors (32768K)
 Metaspace       used 21828K, committed 22016K, reserved 1114112K
  class space    used 2027K, committed 2112K, reserved 1048576K
}
Event: 4600.041 GC heap before
{Heap before GC invocations=4958 (full 1):
 garbage-first heap   total 7995392K, used 6956084K [0x000001d680000000, 0x000001e300000000)
  region size 32768K, 145 young (4751360K), 1 survivors (32768K)
 Metaspace       used 21828K, committed 22016K, reserved 1114112K
  class space    used 2027K, committed 2112K, reserved 1048576K
}
Event: 4600.055 GC heap after
{Heap after GC invocations=4959 (full 1):
 garbage-first heap   total 7995392K, used 2239333K [0x000001d680000000, 0x000001e300000000)
  region size 32768K, 1 young (32768K), 1 survivors (32768K)
 Metaspace       used 21828K, committed 22016K, reserved 1114112K
  class space    used 2027K, committed 2112K, reserved 1048576K
}
Event: 4602.044 GC heap before
{Heap before GC invocations=4959 (full 1):
 garbage-first heap   total 7995392K, used 6957925K [0x000001d680000000, 0x000001e300000000)
  region size 32768K, 145 young (4751360K), 1 survivors (32768K)
 Metaspace       used 21828K, committed 22016K, reserved 1114112K
  class space    used 2027K, committed 2112K, reserved 1048576K
}
Event: 4602.054 GC heap after
{Heap after GC invocations=4960 (full 1):
 garbage-first heap   total 7995392K, used 2240842K [0x000001d680000000, 0x000001e300000000)
  region size 32768K, 1 young (32768K), 1 survivors (32768K)
 Metaspace       used 21828K, committed 22016K, reserved 1114112K
  class space    used 2027K, committed 2112K, reserved 1048576K
}
Event: 4603.510 GC heap before
{Heap before GC invocations=4960 (full 1):
 garbage-first heap   total 7995392K, used 6959434K [0x000001d680000000, 0x000001e300000000)
  region size 32768K, 145 young (4751360K), 1 survivors (32768K)
 Metaspace       used 21828K, committed 22016K, reserved 1114112K
  class space    used 2027K, committed 2112K, reserved 1048576K
}
Event: 4603.520 GC heap after
{Heap after GC invocations=4961 (full 1):
 garbage-first heap   total 7995392K, used 2242086K [0x000001d680000000, 0x000001e300000000)
  region size 32768K, 1 young (32768K), 1 survivors (32768K)
 Metaspace       used 21828K, committed 22016K, reserved 1114112K
  class space    used 2027K, committed 2112K, reserved 1048576K
}
Event: 4604.965 GC heap before
{Heap before GC invocations=4961 (full 1):
 garbage-first heap   total 7995392K, used 6960678K [0x000001d680000000, 0x000001e300000000)
  region size 32768K, 145 young (4751360K), 1 survivors (32768K)
 Metaspace       used 21828K, committed 22016K, reserved 1114112K
  class space    used 2027K, committed 2112K, reserved 1048576K
}
Event: 4604.973 GC heap after
{Heap after GC invocations=4962 (full 1):
 garbage-first heap   total 7995392K, used 2240279K [0x000001d680000000, 0x000001e300000000)
  region size 32768K, 1 young (32768K), 1 survivors (32768K)
 Metaspace       used 21828K, committed 22016K, reserved 1114112K
  class space    used 2027K, committed 2112K, reserved 1048576K
}
Event: 4606.355 GC heap before
{Heap before GC invocations=4962 (full 1):
 garbage-first heap   total 7995392K, used 6958871K [0x000001d680000000, 0x000001e300000000)
  region size 32768K, 145 young (4751360K), 1 survivors (32768K)
 Metaspace       used 21828K, committed 22016K, reserved 1114112K
  class space    used 2027K, committed 2112K, reserved 1048576K
}

Deoptimization events (20 events):
Event: 4560.951 Thread 0x000001d67fdb6cf0 Uncommon trap: trap_request=0xffffffde fr.pc=0x000001d610f35398 relative=0x0000000000000518
Event: 4560.951 Thread 0x000001d67fdb6cf0 Uncommon trap: reason=class_check action=maybe_recompile pc=0x000001d610f35398 method=depends.entity.TypeEntity.lookupFunctionLocally(Ldepends/entity/GenericName;Ljava/util/Collection;)Ldepends/entity/FunctionEntity; @ 60 c2
Event: 4560.951 Thread 0x000001d67fdb6cf0 DEOPT PACKING pc=0x000001d610f35398 sp=0x000000cb81efe900
Event: 4560.951 Thread 0x000001d67fdb6cf0 DEOPT UNPACKING pc=0x000001d610085ba3 sp=0x000000cb81efe840 mode 2
Event: 4560.955 Thread 0x000001d67fdb6cf0 Uncommon trap: trap_request=0xffffffde fr.pc=0x000001d610f35398 relative=0x0000000000000518
Event: 4560.955 Thread 0x000001d67fdb6cf0 Uncommon trap: reason=class_check action=maybe_recompile pc=0x000001d610f35398 method=depends.entity.TypeEntity.lookupFunctionLocally(Ldepends/entity/GenericName;Ljava/util/Collection;)Ldepends/entity/FunctionEntity; @ 60 c2
Event: 4560.955 Thread 0x000001d67fdb6cf0 DEOPT PACKING pc=0x000001d610f35398 sp=0x000000cb81efe900
Event: 4560.955 Thread 0x000001d67fdb6cf0 DEOPT UNPACKING pc=0x000001d610085ba3 sp=0x000000cb81efe840 mode 2
Event: 4560.959 Thread 0x000001d67fdb6cf0 Uncommon trap: trap_request=0xffffffde fr.pc=0x000001d610f35398 relative=0x0000000000000518
Event: 4560.959 Thread 0x000001d67fdb6cf0 Uncommon trap: reason=class_check action=maybe_recompile pc=0x000001d610f35398 method=depends.entity.TypeEntity.lookupFunctionLocally(Ldepends/entity/GenericName;Ljava/util/Collection;)Ldepends/entity/FunctionEntity; @ 60 c2
Event: 4560.959 Thread 0x000001d67fdb6cf0 DEOPT PACKING pc=0x000001d610f35398 sp=0x000000cb81efe900
Event: 4560.959 Thread 0x000001d67fdb6cf0 DEOPT UNPACKING pc=0x000001d610085ba3 sp=0x000000cb81efe840 mode 2
Event: 4561.085 Thread 0x000001d67fdb6cf0 Uncommon trap: trap_request=0xffffffde fr.pc=0x000001d610f35398 relative=0x0000000000000518
Event: 4561.085 Thread 0x000001d67fdb6cf0 Uncommon trap: reason=class_check action=maybe_recompile pc=0x000001d610f35398 method=depends.entity.TypeEntity.lookupFunctionLocally(Ldepends/entity/GenericName;Ljava/util/Collection;)Ldepends/entity/FunctionEntity; @ 60 c2
Event: 4561.085 Thread 0x000001d67fdb6cf0 DEOPT PACKING pc=0x000001d610f35398 sp=0x000000cb81efe810
Event: 4561.085 Thread 0x000001d67fdb6cf0 DEOPT UNPACKING pc=0x000001d610085ba3 sp=0x000000cb81efe750 mode 2
Event: 4561.125 Thread 0x000001d67fdb6cf0 Uncommon trap: trap_request=0xffffffde fr.pc=0x000001d6112648c0 relative=0x0000000000000c20
Event: 4561.125 Thread 0x000001d67fdb6cf0 Uncommon trap: reason=class_check action=maybe_recompile pc=0x000001d6112648c0 method=depends.entity.TypeEntity.lookupFunctionLocally(Ldepends/entity/GenericName;Ljava/util/Collection;)Ldepends/entity/FunctionEntity; @ 60 c2
Event: 4561.125 Thread 0x000001d67fdb6cf0 DEOPT PACKING pc=0x000001d6112648c0 sp=0x000000cb81efe740
Event: 4561.125 Thread 0x000001d67fdb6cf0 DEOPT UNPACKING pc=0x000001d610085ba3 sp=0x000000cb81efe738 mode 2

Classes unloaded (0 events):
No events

Classes redefined (0 events):
No events

Internal exceptions (20 events):
Event: 4026.149 Thread 0x000001d67fdb6cf0 Exception <a 'java/lang/ArrayIndexOutOfBoundsException'{0x000001d7888a7d08}> (0x000001d7888a7d08) 
thrown [s\open\src\hotspot\share\runtime\sharedRuntime.cpp, line 631]
Event: 4031.638 Thread 0x000001d67fdb6cf0 Exception <a 'java/lang/ArrayIndexOutOfBoundsException'{0x000001d799106570}> (0x000001d799106570) 
thrown [s\open\src\hotspot\share\runtime\sharedRuntime.cpp, line 631]
Event: 4031.638 Thread 0x000001d67fdb6cf0 Exception <a 'java/lang/ArrayIndexOutOfBoundsException'{0x000001d799107198}> (0x000001d799107198) 
thrown [s\open\src\hotspot\share\runtime\sharedRuntime.cpp, line 631]
Event: 4031.995 Thread 0x000001d67fdb6cf0 Exception <a 'java/lang/ArrayIndexOutOfBoundsException'{0x000001d78f836db0}> (0x000001d78f836db0) 
thrown [s\open\src\hotspot\share\runtime\sharedRuntime.cpp, line 631]
Event: 4031.995 Thread 0x000001d67fdb6cf0 Exception <a 'java/lang/ArrayIndexOutOfBoundsException'{0x000001d78f8379d8}> (0x000001d78f8379d8) 
thrown [s\open\src\hotspot\share\runtime\sharedRuntime.cpp, line 631]
Event: 4119.072 Thread 0x000001d67fdb6cf0 Exception <a 'java/lang/ArrayIndexOutOfBoundsException'{0x000001d79f2010b0}> (0x000001d79f2010b0) 
thrown [s\open\src\hotspot\share\runtime\sharedRuntime.cpp, line 631]
Event: 4119.072 Thread 0x000001d67fdb6cf0 Exception <a 'java/lang/ArrayIndexOutOfBoundsException'{0x000001d79f202318}> (0x000001d79f202318) 
thrown [s\open\src\hotspot\share\runtime\sharedRuntime.cpp, line 631]
Event: 4119.187 Thread 0x000001d67fdb6cf0 Exception <a 'java/lang/ArrayIndexOutOfBoundsException'{0x000001d79adb2880}> (0x000001d79adb2880) 
thrown [s\open\src\hotspot\share\runtime\sharedRuntime.cpp, line 631]
Event: 4119.187 Thread 0x000001d67fdb6cf0 Exception <a 'java/lang/ArrayIndexOutOfBoundsException'{0x000001d79adb3ae8}> (0x000001d79adb3ae8) 
thrown [s\open\src\hotspot\share\runtime\sharedRuntime.cpp, line 631]
Event: 4169.222 Thread 0x000001d67fdb6cf0 Exception <a 'java/lang/ArrayIndexOutOfBoundsException'{0x000001d7a00b88a8}> (0x000001d7a00b88a8) 
thrown [s\open\src\hotspot\share\runtime\sharedRuntime.cpp, line 631]
Event: 4169.222 Thread 0x000001d67fdb6cf0 Exception <a 'java/lang/ArrayIndexOutOfBoundsException'{0x000001d7a00b9b10}> (0x000001d7a00b9b10) 
thrown [s\open\src\hotspot\share\runtime\sharedRuntime.cpp, line 631]
Event: 4169.344 Thread 0x000001d67fdb6cf0 Exception <a 'java/lang/ArrayIndexOutOfBoundsException'{0x000001d79f62c290}> (0x000001d79f62c290) 
thrown [s\open\src\hotspot\share\runtime\sharedRuntime.cpp, line 631]
Event: 4169.344 Thread 0x000001d67fdb6cf0 Exception <a 'java/lang/ArrayIndexOutOfBoundsException'{0x000001d79f62d4f8}> (0x000001d79f62d4f8) 
thrown [s\open\src\hotspot\share\runtime\sharedRuntime.cpp, line 631]
Event: 4268.017 Thread 0x000001d67fdb6cf0 Exception <a 'java/lang/ArrayIndexOutOfBoundsException'{0x000001d79df46bb0}> (0x000001d79df46bb0) 
thrown [s\open\src\hotspot\share\runtime\sharedRuntime.cpp, line 631]
Event: 4268.280 Thread 0x000001d67fdb6cf0 Exception <a 'java/lang/ArrayIndexOutOfBoundsException'{0x000001d79286eba0}> (0x000001d79286eba0) 
thrown [s\open\src\hotspot\share\runtime\sharedRuntime.cpp, line 631]
Event: 4327.324 Thread 0x000001d67fdb6cf0 Exception <a 'java/lang/NoSuchMethodError'{0x000001d78d4835c8}: 'void java.lang.invoke.DirectMethodHandle$Holder.invokeSpecial(java.lang.Object, java.lang.Object, java.lang.Object)'> (0x000001d78d4835c8) 
thrown [s\open\src\hotspot\share\interpreter\linkResolver.cpp, line 759]
Event: 4328.482 Thread 0x000001d67fdb6cf0 Exception <a 'java/lang/NoSuchMethodError'{0x000001d78d4a97d8}: 'int java.lang.invoke.DirectMethodHandle$Holder.invokeSpecial(java.lang.Object, java.lang.Object, java.lang.Object)'> (0x000001d78d4a97d8) 
thrown [s\open\src\hotspot\share\interpreter\linkResolver.cpp, line 759]
Event: 4528.283 Thread 0x000001d67fdb6cf0 Implicit null exception at 0x000001d611136421 to 0x000001d611136870
Event: 4528.291 Thread 0x000001d67fdb6cf0 Implicit null exception at 0x000001d61113558b to 0x000001d611135974
Event: 4528.309 Thread 0x000001d67fdb6cf0 Implicit null exception at 0x000001d610f478bd to 0x000001d610f494dc

VM Operations (20 events):
Event: 4545.067 Executing VM operation: Cleanup done
Event: 4550.015 Executing VM operation: G1CollectForAllocation
Event: 4550.025 Executing VM operation: G1CollectForAllocation done
Event: 4555.053 Executing VM operation: Cleanup
Event: 4555.053 Executing VM operation: Cleanup done
Event: 4559.392 Executing VM operation: G1CollectForAllocation
Event: 4559.398 Executing VM operation: G1CollectForAllocation done
Event: 4575.056 Executing VM operation: G1CollectForAllocation
Event: 4575.067 Executing VM operation: G1CollectForAllocation done
Event: 4596.005 Executing VM operation: G1CollectForAllocation
Event: 4596.015 Executing VM operation: G1CollectForAllocation done
Event: 4600.040 Executing VM operation: G1CollectForAllocation
Event: 4600.055 Executing VM operation: G1CollectForAllocation done
Event: 4602.044 Executing VM operation: G1CollectForAllocation
Event: 4602.054 Executing VM operation: G1CollectForAllocation done
Event: 4603.509 Executing VM operation: G1CollectForAllocation
Event: 4603.520 Executing VM operation: G1CollectForAllocation done
Event: 4604.965 Executing VM operation: G1CollectForAllocation
Event: 4604.973 Executing VM operation: G1CollectForAllocation done
Event: 4606.354 Executing VM operation: G1CollectForAllocation

Events (20 events):
Event: 4533.994 Thread 0x000001e3347cbc30 flushing nmethod 0x000001d60937a490
Event: 4533.994 Thread 0x000001e3347cbc30 flushing nmethod 0x000001d6093af710
Event: 4533.995 Thread 0x000001e3347cbc30 flushing nmethod 0x000001d6093c7d10
Event: 4533.995 Thread 0x000001e3347cbc30 flushing nmethod 0x000001d6093e6810
Event: 4533.995 Thread 0x000001e3347cbc30 flushing nmethod 0x000001d6093f1590
Event: 4533.995 Thread 0x000001e3347cbc30 flushing nmethod 0x000001d609430990
Event: 4533.995 Thread 0x000001e3347cbc30 flushing nmethod 0x000001d609449710
Event: 4533.995 Thread 0x000001e3347cbc30 flushing nmethod 0x000001d609472d90
Event: 4533.995 Thread 0x000001e3347cbc30 flushing nmethod 0x000001d60949e290
Event: 4533.995 Thread 0x000001e3347cbc30 flushing nmethod 0x000001d6094c5710
Event: 4533.995 Thread 0x000001e3347cbc30 flushing nmethod 0x000001d60954ce90
Event: 4533.995 Thread 0x000001e3347cbc30 flushing nmethod 0x000001d60955ee10
Event: 4533.995 Thread 0x000001e3347cbc30 flushing nmethod 0x000001d60957d410
Event: 4533.995 Thread 0x000001e3347cbc30 flushing nmethod 0x000001d60957db10
Event: 4533.995 Thread 0x000001e3347cbc30 flushing nmethod 0x000001d6095c1990
Event: 4533.995 Thread 0x000001e3347cbc30 flushing nmethod 0x000001d609612790
Event: 4533.996 Thread 0x000001e3347cbc30 flushing nmethod 0x000001d6096d1310
Event: 4533.996 Thread 0x000001e3347cbc30 flushing nmethod 0x000001d6096d1890
Event: 4533.996 Thread 0x000001e3347cbc30 flushing nmethod 0x000001d6096ebc90
Event: 4533.996 Thread 0x000001e3347cbc30 flushing nmethod 0x000001d609750990


Dynamic libraries:
0x00007ff6c6d20000 - 0x00007ff6c6d30000 	E:\XJTU\jdk-17_windows-x64_bin\jdk-17.0.9\bin\java.exe
0x00007ff8c7590000 - 0x00007ff8c77a7000 	C:\WINDOWS\SYSTEM32\ntdll.dll
0x00007ff8c6690000 - 0x00007ff8c6754000 	C:\WINDOWS\System32\KERNEL32.DLL
0x00007ff8c4c10000 - 0x00007ff8c4fbd000 	C:\WINDOWS\System32\KERNELBASE.dll
0x00007ff8c48c0000 - 0x00007ff8c49d1000 	C:\WINDOWS\System32\ucrtbase.dll
0x00007ff86b5a0000 - 0x00007ff86b5b9000 	E:\XJTU\jdk-17_windows-x64_bin\jdk-17.0.9\bin\jli.dll
0x00007ff811160000 - 0x00007ff81117b000 	E:\XJTU\jdk-17_windows-x64_bin\jdk-17.0.9\bin\VCRUNTIME140.dll
0x00007ff8c5430000 - 0x00007ff8c54e2000 	C:\WINDOWS\System32\ADVAPI32.dll
0x00007ff8c54f0000 - 0x00007ff8c5597000 	C:\WINDOWS\System32\msvcrt.dll
0x00007ff8c5f50000 - 0x00007ff8c5ff9000 	C:\WINDOWS\System32\sechost.dll
0x00007ff8c4fc0000 - 0x00007ff8c4fe8000 	C:\WINDOWS\System32\bcrypt.dll
0x00007ff8c5c10000 - 0x00007ff8c5d24000 	C:\WINDOWS\System32\RPCRT4.dll
0x00007ff8c55b0000 - 0x00007ff8c575e000 	C:\WINDOWS\System32\USER32.dll
0x00007ff8c52a0000 - 0x00007ff8c52c6000 	C:\WINDOWS\System32\win32u.dll
0x00007ff8a1bf0000 - 0x00007ff8a1e83000 	C:\WINDOWS\WinSxS\amd64_microsoft.windows.common-controls_6595b64144ccf1df_6.0.22621.3672_none_2713b9d173822955\COMCTL32.dll
0x00007ff8c61c0000 - 0x00007ff8c61e9000 	C:\WINDOWS\System32\GDI32.dll
0x00007ff8c4af0000 - 0x00007ff8c4c09000 	C:\WINDOWS\System32\gdi32full.dll
0x00007ff8c49e0000 - 0x00007ff8c4a7a000 	C:\WINDOWS\System32\msvcp_win.dll
0x00007ff8b8890000 - 0x00007ff8b889a000 	C:\WINDOWS\SYSTEM32\VERSION.dll
0x00007ff8c5760000 - 0x00007ff8c5791000 	C:\WINDOWS\System32\IMM32.DLL
0x00007ff88b510000 - 0x00007ff88b51c000 	E:\XJTU\jdk-17_windows-x64_bin\jdk-17.0.9\bin\vcruntime140_1.dll
0x00007ff803090000 - 0x00007ff80311e000 	E:\XJTU\jdk-17_windows-x64_bin\jdk-17.0.9\bin\msvcp140.dll
0x00007fffe1920000 - 0x00007fffe2501000 	E:\XJTU\jdk-17_windows-x64_bin\jdk-17.0.9\bin\server\jvm.dll
0x00007ff8c7540000 - 0x00007ff8c7548000 	C:\WINDOWS\System32\PSAPI.DLL
0x00007ff8b9360000 - 0x00007ff8b9394000 	C:\WINDOWS\SYSTEM32\WINMM.dll
0x00007ff89f8d0000 - 0x00007ff89f8d9000 	C:\WINDOWS\SYSTEM32\WSOCK32.dll
0x00007ff8c52d0000 - 0x00007ff8c5341000 	C:\WINDOWS\System32\WS2_32.dll
0x00007ff8c38b0000 - 0x00007ff8c38c8000 	C:\WINDOWS\SYSTEM32\kernel.appcore.dll
0x00007ff8420c0000 - 0x00007ff8420ca000 	E:\XJTU\jdk-17_windows-x64_bin\jdk-17.0.9\bin\jimage.dll
0x00007ff8c20d0000 - 0x00007ff8c2302000 	C:\WINDOWS\SYSTEM32\DBGHELP.DLL
0x00007ff8c5870000 - 0x00007ff8c5bf8000 	C:\WINDOWS\System32\combase.dll
0x00007ff8c5350000 - 0x00007ff8c5427000 	C:\WINDOWS\System32\OLEAUT32.dll
0x00007ff8b4cb0000 - 0x00007ff8b4ce2000 	C:\WINDOWS\SYSTEM32\dbgcore.DLL
0x00007ff8c5160000 - 0x00007ff8c51db000 	C:\WINDOWS\System32\bcryptPrimitives.dll
0x00007ff80bc50000 - 0x00007ff80bc75000 	E:\XJTU\jdk-17_windows-x64_bin\jdk-17.0.9\bin\java.dll
0x00007ffff5ed0000 - 0x00007ffff5fa7000 	E:\XJTU\jdk-17_windows-x64_bin\jdk-17.0.9\bin\jsvml.dll
0x00007ff8c67b0000 - 0x00007ff8c700f000 	C:\WINDOWS\System32\SHELL32.dll
0x00007ff8c27c0000 - 0x00007ff8c30bc000 	C:\WINDOWS\SYSTEM32\windows.storage.dll
0x00007ff8c2680000 - 0x00007ff8c27bf000 	C:\WINDOWS\SYSTEM32\wintypes.dll
0x00007ff8c71f0000 - 0x00007ff8c72e4000 	C:\WINDOWS\System32\SHCORE.dll
0x00007ff8c7450000 - 0x00007ff8c74ae000 	C:\WINDOWS\System32\shlwapi.dll
0x00007ff8c47f0000 - 0x00007ff8c4811000 	C:\WINDOWS\SYSTEM32\profapi.dll
0x00007ff810e90000 - 0x00007ff810ea9000 	E:\XJTU\jdk-17_windows-x64_bin\jdk-17.0.9\bin\net.dll
0x00007ff8bb3e0000 - 0x00007ff8bb516000 	C:\WINDOWS\SYSTEM32\WINHTTP.dll
0x00007ff8c3d10000 - 0x00007ff8c3d79000 	C:\WINDOWS\system32\mswsock.dll
0x00007ff804950000 - 0x00007ff804966000 	E:\XJTU\jdk-17_windows-x64_bin\jdk-17.0.9\bin\nio.dll
0x00007ff8045b0000 - 0x00007ff8045c8000 	E:\XJTU\jdk-17_windows-x64_bin\jdk-17.0.9\bin\zip.dll
0x00007ff841750000 - 0x00007ff841760000 	E:\XJTU\jdk-17_windows-x64_bin\jdk-17.0.9\bin\verify.dll
0x00007ff89f8b0000 - 0x00007ff89f8c7000 	C:\WINDOWS\system32\napinsp.dll
0x00007ff891230000 - 0x00007ff89124b000 	C:\WINDOWS\system32\pnrpnsp.dll
0x00007ff8c3390000 - 0x00007ff8c3488000 	C:\WINDOWS\SYSTEM32\DNSAPI.dll
0x00007ff8c3320000 - 0x00007ff8c334d000 	C:\WINDOWS\SYSTEM32\IPHLPAPI.DLL
0x00007ff8c55a0000 - 0x00007ff8c55a9000 	C:\WINDOWS\System32\NSI.dll
0x00007ff890b50000 - 0x00007ff890b61000 	C:\WINDOWS\System32\winrnr.dll
0x00007ff8b8ef0000 - 0x00007ff8b8f05000 	C:\WINDOWS\system32\wshbth.dll
0x00007ff88bc10000 - 0x00007ff88bc37000 	C:\WINDOWS\system32\nlansp_c.dll
0x00007ff8ba4d0000 - 0x00007ff8ba4da000 	C:\Windows\System32\rasadhlp.dll
0x00007ff8b8f60000 - 0x00007ff8b8fe3000 	C:\WINDOWS\System32\fwpuclnt.dll
0x00007ff8c3f20000 - 0x00007ff8c3f3b000 	C:\WINDOWS\SYSTEM32\CRYPTSP.dll
0x00007ff8c3810000 - 0x00007ff8c3845000 	C:\WINDOWS\system32\rsaenh.dll
0x00007ff8c3dc0000 - 0x00007ff8c3de8000 	C:\WINDOWS\SYSTEM32\USERENV.dll
0x00007ff8c3f40000 - 0x00007ff8c3f4c000 	C:\WINDOWS\SYSTEM32\CRYPTBASE.dll
0x00007ff8bb380000 - 0x00007ff8bb399000 	C:\WINDOWS\SYSTEM32\dhcpcsvc6.DLL
0x00007ff8ba4e0000 - 0x00007ff8ba4ff000 	C:\WINDOWS\SYSTEM32\dhcpcsvc.DLL
0x00007ff8ab2e0000 - 0x00007ff8ab2ea000 	E:\XJTU\jdk-17_windows-x64_bin\jdk-17.0.9\bin\management.dll
0x00007ff8aafe0000 - 0x00007ff8aafeb000 	E:\XJTU\jdk-17_windows-x64_bin\jdk-17.0.9\bin\management_ext.dll

dbghelp: loaded successfully - version: 4.0.5 - missing functions: none
symbol engine: initialized successfully - sym options: 0x614 - pdb path: .;E:\XJTU\jdk-17_windows-x64_bin\jdk-17.0.9\bin;C:\WINDOWS\SYSTEM32;C:\WINDOWS\WinSxS\amd64_microsoft.windows.common-controls_6595b64144ccf1df_6.0.22621.3672_none_2713b9d173822955;E:\XJTU\jdk-17_windows-x64_bin\jdk-17.0.9\bin\server

VM Arguments:
jvm_args: -Xmx51200m 
java_command: .\depends-0.9.7.jar --auto-include --detail -f=json -s -p / -d . cpp E:\XJTU\¼Ü¹¹ÄæÏò\lda_demoGPT\local\data\chromium_ori chromium
java_class_path (initial): .\depends-0.9.7.jar
Launcher Type: SUN_STANDARD

[Global flags]
     intx CICompilerCount                          = 12                                        {product} {ergonomic}
     uint ConcGCThreads                            = 3                                         {product} {ergonomic}
     uint G1ConcRefinementThreads                  = 13                                        {product} {ergonomic}
   size_t G1HeapRegionSize                         = 33554432                                  {product} {ergonomic}
    uintx GCDrainStackTargetSize                   = 64                                        {product} {ergonomic}
   size_t InitialHeapSize                          = 268435456                                 {product} {ergonomic}
   size_t MarkStackSize                            = 4194304                                   {product} {ergonomic}
   size_t MaxHeapSize                              = 53687091200                               {product} {command line}
   size_t MaxNewSize                               = 32212254720                               {product} {ergonomic}
   size_t MinHeapDeltaBytes                        = 33554432                                  {product} {ergonomic}
   size_t MinHeapSize                              = 33554432                                  {product} {ergonomic}
    uintx NonNMethodCodeHeapSize                   = 7602480                                {pd product} {ergonomic}
    uintx NonProfiledCodeHeapSize                  = 122027880                              {pd product} {ergonomic}
    uintx ProfiledCodeHeapSize                     = 122027880                              {pd product} {ergonomic}
    uintx ReservedCodeCacheSize                    = 251658240                              {pd product} {ergonomic}
     bool SegmentedCodeCache                       = true                                      {product} {ergonomic}
   size_t SoftMaxHeapSize                          = 53687091200                            {manageable} {ergonomic}
     bool UseCompressedClassPointers               = true                           {product lp64_product} {ergonomic}
     bool UseG1GC                                  = true                                      {product} {ergonomic}
     bool UseLargePagesIndividualAllocation        = false                                  {pd product} {ergonomic}

Logging:
Log output configuration:
 #0: stdout all=warning uptime,level,tags
 #1: stderr all=off uptime,level,tags

Environment Variables:
JAVA_HOME=E:\XJTU\jdk-17_windows-x64_bin\jdk-17.0.9
PATH=C:\Users\44897\AppData\Local\Microsoft\WindowsApps;D:\Python311;D:\Python311\Scripts;C:\Program Files\NVIDIA GPU Computing Toolkit\CUDA\v10.1\bin;C:\Program Files\NVIDIA GPU Computing Toolkit\CUDA\v10.1\libnvvp;C:\Program Files\Common Files\Oracle\Java\javapath;C:\Program Files (x86)\Common Files\Oracle\Java\javapath;C:\Program Files\NVIDIA GPU Computing Toolkit\CUDA\v12.0\bin;C:\Program Files\NVIDIA GPU Computing Toolkit\CUDA\v12.0\libnvvp;C:\Program Files (x86)\VMware\VMware Workstation\bin\;C:\Windows\system32;C:\Windows;C:\Windows\System32\Wbem;C:\Windows\System32\WindowsPowerShell\v1.0\;C:\Windows\System32\OpenSSH\;C:\Program Files (x86)\NVIDIA Corporation\PhysX\Common;C:\Program Files\NVIDIA Corporation\NVIDIA NvDLISR;C:\Program Files\PuTTY\;C:\Program Files\MATLAB\R2021b\bin;Git\cmd;C:\Program Files\Microsoft SQL Server\Client SDK\ODBC\170\Tools\Binn\;C:\Program Files (x86)\Microsoft SQL Server\150\Tools\Binn\;C:\Program Files\Microsoft SQL Server\150\Tools\Binn\;C:\Program Files\Microsoft SQL Server\150\DTS\Binn\;C:\Program Files\Azure Data Studio\bin;C:\Program Files\dotnet\;C:\Program Files\Microsoft SQL Server\130\Tools\Binn\;Xshell 7\;C:\Program Files\NVIDIA Corporation\Nsight Compute 2019.4.0\;E:\texlive\2023\bin\windows;QuickTime\QTSystem\;E:\maven\apache-maven-3.9.0\bin;SciTools\bin\pc-win64;E:\XJTU\jdk-17_windows-x64_bin\jdk-17.0.9\bin;E:\XJTU\jdk-17_windows-x64_bin\jdk-17.0.9\jre\bin;C:\WINDOWS\system32;C:\WINDOWS;C:\WINDOWS\System32\Wbem;C:\WINDOWS\System32\WindowsPowerShell\v1.0\;C:\WINDOWS\System32\OpenSSH\;D:\nvm;D:\nodejs;D:\nvm\v20.5.0;D:\mysql\MySQL Server 5.7\bin;E:\software\Anaconda3\;D:\software\Graphviz\bin;E:\software\Anaconda3\Scripts\;C:\Users\44897\.poetry\bin;C:\Users\44897\AppData\Local\Microsoft\WindowsApps;C:\Users\44897\AppData\Local\Programs\Microsoft VS Code\bin;C:\Users\44897\AppData\Roaming\npm;C:\Users\44897\AppData\Local\GitHubDesktop\bin;C:\Program Files\Azure Data Studio\bin;C:\Users\44897\.dotnet\tools;E:\software\Anac
USERNAME=44897
OS=Windows_NT
PROCESSOR_IDENTIFIER=Intel64 Family 6 Model 141 Stepping 1, GenuineIntel



---------------  S Y S T E M  ---------------

OS:
 Windows 11 , 64 bit Build 22621 (10.0.22621.3672)
OS uptime: 8 days 20:02 hours
Hyper-V role detected

CPU: total 16 (initial active 16) (8 cores per cpu, 2 threads per core) family 6 model 141 stepping 1 microcode 0x34, cx8, cmov, fxsr, ht, mmx, 3dnowpref, sse, sse2, sse3, ssse3, sse4.1, sse4.2, popcnt, lzcnt, tsc, tscinvbit, avx, avx2, aes, erms, clmul, bmi1, bmi2, adx, avx512f, avx512dq, avx512cd, avx512bw, avx512vl, sha, fma, vzeroupper, avx512_vpopcntdq, avx512_vpclmulqdq, avx512_vaes, avx512_vnni, clflush, clflushopt, clwb, avx512_vbmi2, avx512_vbmi, hv

Memory: 4k page, system-wide physical 16122M (2722M free)
TotalPageFile size 41904M (AvailPageFile size 5112M)
current process WorkingSet (physical memory assigned to process): 5455M, peak: 6495M
current process commit charge ("private bytes"): 8315M, peak: 16123M

vm_info: Java HotSpot(TM) 64-Bit Server VM (17.0.9+11-LTS-201) for windows-amd64 JRE (17.0.9+11-LTS-201), built on Oct 10 2023 23:16:06 by "mach5one" with MS VC++ 17.1 (VS2022)

END.
