Start parsing files...
parsing E:\XJTU\架构逆向\lda_demoGPT\local\data\scrapy\addons.py...
parsing E:\XJTU\架构逆向\lda_demoGPT\local\data\scrapy\cmdline.py...
parsing E:\XJTU\架构逆向\lda_demoGPT\local\data\scrapy\commands\bench.py...
parsing E:\XJTU\架构逆向\lda_demoGPT\local\data\scrapy\commands\check.py...
parsing E:\XJTU\架构逆向\lda_demoGPT\local\data\scrapy\commands\crawl.py...
parsing E:\XJTU\架构逆向\lda_demoGPT\local\data\scrapy\commands\edit.py...
parsing E:\XJTU\架构逆向\lda_demoGPT\local\data\scrapy\commands\fetch.py...
parsing E:\XJTU\架构逆向\lda_demoGPT\local\data\scrapy\commands\genspider.py...
parsing E:\XJTU\架构逆向\lda_demoGPT\local\data\scrapy\commands\list.py...
parsing E:\XJTU\架构逆向\lda_demoGPT\local\data\scrapy\commands\parse.py...
parsing E:\XJTU\架构逆向\lda_demoGPT\local\data\scrapy\http\response\json.py...
parsing E:\XJTU\架构逆向\lda_demoGPT\local\data\scrapy\commands\runspider.py...
parsing E:\XJTU\架构逆向\lda_demoGPT\local\data\scrapy\commands\settings.py...
already parsed E:\XJTU\架构逆向\lda_demoGPT\local\data\scrapy\http\response\json.py...skip
parsing E:\XJTU\架构逆向\lda_demoGPT\local\data\scrapy\commands\shell.py...
parsing E:\XJTU\架构逆向\lda_demoGPT\local\data\scrapy\commands\startproject.py...
parsing E:\XJTU\架构逆向\lda_demoGPT\local\data\scrapy\commands\version.py...
parsing E:\XJTU\架构逆向\lda_demoGPT\local\data\scrapy\commands\view.py...
parsing E:\XJTU\架构逆向\lda_demoGPT\local\data\scrapy\commands\__init__.py...
parsing E:\XJTU\架构逆向\lda_demoGPT\local\data\scrapy\contracts\default.py...
already parsed E:\XJTU\架构逆向\lda_demoGPT\local\data\scrapy\http\response\json.py...skip
parsing E:\XJTU\架构逆向\lda_demoGPT\local\data\scrapy\contracts\__init__.py...
parsing E:\XJTU\架构逆向\lda_demoGPT\local\data\scrapy\core\downloader\contextfactory.py...
parsing E:\XJTU\架构逆向\lda_demoGPT\local\data\scrapy\core\downloader\handlers\datauri.py...
parsing E:\XJTU\架构逆向\lda_demoGPT\local\data\scrapy\core\downloader\handlers\file.py...
parsing E:\XJTU\架构逆向\lda_demoGPT\local\data\scrapy\core\downloader\handlers\ftp.py...
parsing E:\XJTU\架构逆向\lda_demoGPT\local\data\scrapy\core\downloader\handlers\http.py...
parsing E:\XJTU\架构逆向\lda_demoGPT\local\data\scrapy\core\downloader\handlers\http10.py...
parsing E:\XJTU\架构逆向\lda_demoGPT\local\data\scrapy\core\downloader\handlers\http11.py...
parsing E:\XJTU\架构逆向\lda_demoGPT\local\data\scrapy\core\downloader\handlers\http2.py...
parsing E:\XJTU\架构逆向\lda_demoGPT\local\data\scrapy\core\downloader\handlers\s3.py...
parsing E:\XJTU\架构逆向\lda_demoGPT\local\data\scrapy\core\downloader\handlers\__init__.py...
parsing E:\XJTU\架构逆向\lda_demoGPT\local\data\scrapy\core\downloader\middleware.py...
parsing E:\XJTU\架构逆向\lda_demoGPT\local\data\scrapy\core\downloader\tls.py...
parsing E:\XJTU\架构逆向\lda_demoGPT\local\data\scrapy\core\downloader\webclient.py...
parsing E:\XJTU\架构逆向\lda_demoGPT\local\data\scrapy\core\downloader\__init__.py...
parsing E:\XJTU\架构逆向\lda_demoGPT\local\data\scrapy\core\engine.py...
parsing E:\XJTU\架构逆向\lda_demoGPT\local\data\scrapy\core\http2\agent.py...
parsing E:\XJTU\架构逆向\lda_demoGPT\local\data\scrapy\core\http2\protocol.py...
parsing E:\XJTU\架构逆向\lda_demoGPT\local\data\scrapy\core\http2\stream.py...
parsing E:\XJTU\架构逆向\lda_demoGPT\local\data\scrapy\core\http2\__init__.py...
line 1:0 mismatched input '<EOF>' expecting {LINE_BREAK, 'def', 'return', 'raise', 'from', 'import', 'nonlocal', 'global', 'assert', 'if', 'while', 'for', 'try', 'None', 'with', 'lambda', 'not', 'class', 'yield', 'del', 'pass', 'continue', 'break', 'async', 'await', 'print', 'exec', 'True', 'False', '...', '`', '*', '+', '-', '~', '@', STRING, DECIMAL_INTEGER, OCT_INTEGER, HEX_INTEGER, BIN_INTEGER, IMAG_NUMBER, FLOAT_NUMBER, '(', '{', '[', NAME}
parsing E:\XJTU\架构逆向\lda_demoGPT\local\data\scrapy\core\scheduler.py...
already parsed E:\XJTU\架构逆向\lda_demoGPT\local\data\scrapy\http\response\json.py...skip
parsing E:\XJTU\架构逆向\lda_demoGPT\local\data\scrapy\core\scraper.py...
parsing E:\XJTU\架构逆向\lda_demoGPT\local\data\scrapy\core\spidermw.py...
parsing E:\XJTU\架构逆向\lda_demoGPT\local\data\scrapy\core\__init__.py...
parsing E:\XJTU\架构逆向\lda_demoGPT\local\data\scrapy\crawler.py...
parsing E:\XJTU\架构逆向\lda_demoGPT\local\data\scrapy\utils\signal.py...
parsing E:\XJTU\架构逆向\lda_demoGPT\local\data\scrapy\downloadermiddlewares\ajaxcrawl.py...
parsing E:\XJTU\架构逆向\lda_demoGPT\local\data\scrapy\downloadermiddlewares\cookies.py...
parsing E:\XJTU\架构逆向\lda_demoGPT\local\data\scrapy\downloadermiddlewares\defaultheaders.py...
parsing E:\XJTU\架构逆向\lda_demoGPT\local\data\scrapy\downloadermiddlewares\downloadtimeout.py...
parsing E:\XJTU\架构逆向\lda_demoGPT\local\data\scrapy\downloadermiddlewares\httpauth.py...
parsing E:\XJTU\架构逆向\lda_demoGPT\local\data\scrapy\downloadermiddlewares\httpcache.py...
parsing E:\XJTU\架构逆向\lda_demoGPT\local\data\scrapy\downloadermiddlewares\httpcompression.py...
parsing E:\XJTU\架构逆向\lda_demoGPT\local\data\scrapy\downloadermiddlewares\httpproxy.py...
parsing E:\XJTU\架构逆向\lda_demoGPT\local\data\scrapy\downloadermiddlewares\redirect.py...
parsing E:\XJTU\架构逆向\lda_demoGPT\local\data\scrapy\downloadermiddlewares\retry.py...
parsing E:\XJTU\架构逆向\lda_demoGPT\local\data\scrapy\downloadermiddlewares\robotstxt.py...
parsing E:\XJTU\架构逆向\lda_demoGPT\local\data\scrapy\downloadermiddlewares\stats.py...
parsing E:\XJTU\架构逆向\lda_demoGPT\local\data\scrapy\downloadermiddlewares\useragent.py...
parsing E:\XJTU\架构逆向\lda_demoGPT\local\data\scrapy\downloadermiddlewares\__init__.py...
line 1:0 mismatched input '<EOF>' expecting {LINE_BREAK, 'def', 'return', 'raise', 'from', 'import', 'nonlocal', 'global', 'assert', 'if', 'while', 'for', 'try', 'None', 'with', 'lambda', 'not', 'class', 'yield', 'del', 'pass', 'continue', 'break', 'async', 'await', 'print', 'exec', 'True', 'False', '...', '`', '*', '+', '-', '~', '@', STRING, DECIMAL_INTEGER, OCT_INTEGER, HEX_INTEGER, BIN_INTEGER, IMAG_NUMBER, FLOAT_NUMBER, '(', '{', '[', NAME}
parsing E:\XJTU\架构逆向\lda_demoGPT\local\data\scrapy\dupefilters.py...
parsing E:\XJTU\架构逆向\lda_demoGPT\local\data\scrapy\exceptions.py...
parsing E:\XJTU\架构逆向\lda_demoGPT\local\data\scrapy\exporters.py...
already parsed E:\XJTU\架构逆向\lda_demoGPT\local\data\scrapy\http\response\json.py...skip
parsing E:\XJTU\架构逆向\lda_demoGPT\local\data\scrapy\extension.py...
parsing E:\XJTU\架构逆向\lda_demoGPT\local\data\scrapy\extensions\closespider.py...
parsing E:\XJTU\架构逆向\lda_demoGPT\local\data\scrapy\extensions\corestats.py...
parsing E:\XJTU\架构逆向\lda_demoGPT\local\data\scrapy\extensions\debug.py...
already parsed E:\XJTU\架构逆向\lda_demoGPT\local\data\scrapy\utils\signal.py...skip
parsing E:\XJTU\架构逆向\lda_demoGPT\local\data\scrapy\extensions\feedexport.py...
parsing E:\XJTU\架构逆向\lda_demoGPT\local\data\scrapy\extensions\httpcache.py...
parsing E:\XJTU\架构逆向\lda_demoGPT\local\data\scrapy\extensions\logstats.py...
parsing E:\XJTU\架构逆向\lda_demoGPT\local\data\scrapy\extensions\memdebug.py...
parsing E:\XJTU\架构逆向\lda_demoGPT\local\data\scrapy\extensions\memusage.py...
parsing E:\XJTU\架构逆向\lda_demoGPT\local\data\scrapy\extensions\periodic_log.py...
parsing E:\XJTU\架构逆向\lda_demoGPT\local\data\scrapy\extensions\postprocessing.py...
parsing E:\XJTU\架构逆向\lda_demoGPT\local\data\scrapy\extensions\spiderstate.py...
parsing E:\XJTU\架构逆向\lda_demoGPT\local\data\scrapy\extensions\statsmailer.py...
parsing E:\XJTU\架构逆向\lda_demoGPT\local\data\scrapy\extensions\telnet.py...
parsing E:\XJTU\架构逆向\lda_demoGPT\local\data\scrapy\extensions\throttle.py...
parsing E:\XJTU\架构逆向\lda_demoGPT\local\data\scrapy\extensions\__init__.py...
line 1:0 mismatched input '<EOF>' expecting {LINE_BREAK, 'def', 'return', 'raise', 'from', 'import', 'nonlocal', 'global', 'assert', 'if', 'while', 'for', 'try', 'None', 'with', 'lambda', 'not', 'class', 'yield', 'del', 'pass', 'continue', 'break', 'async', 'await', 'print', 'exec', 'True', 'False', '...', '`', '*', '+', '-', '~', '@', STRING, DECIMAL_INTEGER, OCT_INTEGER, HEX_INTEGER, BIN_INTEGER, IMAG_NUMBER, FLOAT_NUMBER, '(', '{', '[', NAME}
parsing E:\XJTU\架构逆向\lda_demoGPT\local\data\scrapy\http\cookies.py...
parsing E:\XJTU\架构逆向\lda_demoGPT\local\data\scrapy\http\headers.py...
parsing E:\XJTU\架构逆向\lda_demoGPT\local\data\scrapy\http\request\form.py...
parsing E:\XJTU\架构逆向\lda_demoGPT\local\data\scrapy\http\request\json_request.py...
already parsed E:\XJTU\架构逆向\lda_demoGPT\local\data\scrapy\http\response\json.py...skip
parsing E:\XJTU\架构逆向\lda_demoGPT\local\data\scrapy\http\request\rpc.py...
parsing E:\XJTU\架构逆向\lda_demoGPT\local\data\scrapy\http\request\__init__.py...
parsing E:\XJTU\架构逆向\lda_demoGPT\local\data\scrapy\http\response\html.py...
already parsed E:\XJTU\架构逆向\lda_demoGPT\local\data\scrapy\http\response\json.py...skip
parsing E:\XJTU\架构逆向\lda_demoGPT\local\data\scrapy\http\response\text.py...
already parsed E:\XJTU\架构逆向\lda_demoGPT\local\data\scrapy\http\response\json.py...skip
parsing E:\XJTU\架构逆向\lda_demoGPT\local\data\scrapy\http\response\xml.py...
parsing E:\XJTU\架构逆向\lda_demoGPT\local\data\scrapy\http\response\__init__.py...
parsing E:\XJTU\架构逆向\lda_demoGPT\local\data\scrapy\http\__init__.py...
parsing E:\XJTU\架构逆向\lda_demoGPT\local\data\scrapy\interfaces.py...
parsing E:\XJTU\架构逆向\lda_demoGPT\local\data\scrapy\item.py...
parsing E:\XJTU\架构逆向\lda_demoGPT\local\data\scrapy\link.py...
parsing E:\XJTU\架构逆向\lda_demoGPT\local\data\scrapy\linkextractors\lxmlhtml.py...
parsing E:\XJTU\架构逆向\lda_demoGPT\local\data\scrapy\linkextractors\__init__.py...
parsing E:\XJTU\架构逆向\lda_demoGPT\local\data\scrapy\loader\__init__.py...
parsing E:\XJTU\架构逆向\lda_demoGPT\local\data\scrapy\logformatter.py...
parsing E:\XJTU\架构逆向\lda_demoGPT\local\data\scrapy\mail.py...
parsing E:\XJTU\架构逆向\lda_demoGPT\local\data\scrapy\middleware.py...
parsing E:\XJTU\架构逆向\lda_demoGPT\local\data\scrapy\pipelines\files.py...
parsing E:\XJTU\架构逆向\lda_demoGPT\local\data\scrapy\pipelines\images.py...
parsing E:\XJTU\架构逆向\lda_demoGPT\local\data\scrapy\pipelines\media.py...
parsing E:\XJTU\架构逆向\lda_demoGPT\local\data\scrapy\pipelines\__init__.py...
parsing E:\XJTU\架构逆向\lda_demoGPT\local\data\scrapy\pqueues.py...
parsing E:\XJTU\架构逆向\lda_demoGPT\local\data\scrapy\resolver.py...
parsing E:\XJTU\架构逆向\lda_demoGPT\local\data\scrapy\responsetypes.py...
parsing E:\XJTU\架构逆向\lda_demoGPT\local\data\scrapy\robotstxt.py...
parsing E:\XJTU\架构逆向\lda_demoGPT\local\data\scrapy\selector\unified.py...
parsing E:\XJTU\架构逆向\lda_demoGPT\local\data\scrapy\selector\__init__.py...
parsing E:\XJTU\架构逆向\lda_demoGPT\local\data\scrapy\settings\default_settings.py...
parsing E:\XJTU\架构逆向\lda_demoGPT\local\data\scrapy\settings\__init__.py...
already parsed E:\XJTU\架构逆向\lda_demoGPT\local\data\scrapy\http\response\json.py...skip
parsing E:\XJTU\架构逆向\lda_demoGPT\local\data\scrapy\shell.py...
already parsed E:\XJTU\架构逆向\lda_demoGPT\local\data\scrapy\utils\signal.py...skip
parsing E:\XJTU\架构逆向\lda_demoGPT\local\data\scrapy\signalmanager.py...
parsing E:\XJTU\架构逆向\lda_demoGPT\local\data\scrapy\signals.py...
parsing E:\XJTU\架构逆向\lda_demoGPT\local\data\scrapy\spiderloader.py...
parsing E:\XJTU\架构逆向\lda_demoGPT\local\data\scrapy\spidermiddlewares\depth.py...
parsing E:\XJTU\架构逆向\lda_demoGPT\local\data\scrapy\spidermiddlewares\httperror.py...
parsing E:\XJTU\架构逆向\lda_demoGPT\local\data\scrapy\spidermiddlewares\offsite.py...
parsing E:\XJTU\架构逆向\lda_demoGPT\local\data\scrapy\spidermiddlewares\referer.py...
parsing E:\XJTU\架构逆向\lda_demoGPT\local\data\scrapy\spidermiddlewares\urllength.py...
parsing E:\XJTU\架构逆向\lda_demoGPT\local\data\scrapy\spidermiddlewares\__init__.py...
line 1:0 mismatched input '<EOF>' expecting {LINE_BREAK, 'def', 'return', 'raise', 'from', 'import', 'nonlocal', 'global', 'assert', 'if', 'while', 'for', 'try', 'None', 'with', 'lambda', 'not', 'class', 'yield', 'del', 'pass', 'continue', 'break', 'async', 'await', 'print', 'exec', 'True', 'False', '...', '`', '*', '+', '-', '~', '@', STRING, DECIMAL_INTEGER, OCT_INTEGER, HEX_INTEGER, BIN_INTEGER, IMAG_NUMBER, FLOAT_NUMBER, '(', '{', '[', NAME}
parsing E:\XJTU\架构逆向\lda_demoGPT\local\data\scrapy\spiders\crawl.py...
parsing E:\XJTU\架构逆向\lda_demoGPT\local\data\scrapy\spiders\feed.py...
parsing E:\XJTU\架构逆向\lda_demoGPT\local\data\scrapy\spiders\init.py...
parsing E:\XJTU\架构逆向\lda_demoGPT\local\data\scrapy\spiders\sitemap.py...
parsing E:\XJTU\架构逆向\lda_demoGPT\local\data\scrapy\spiders\__init__.py...
parsing E:\XJTU\架构逆向\lda_demoGPT\local\data\scrapy\squeues.py...
parsing E:\XJTU\架构逆向\lda_demoGPT\local\data\scrapy\statscollectors.py...
parsing E:\XJTU\架构逆向\lda_demoGPT\local\data\scrapy\templates\project\module\spiders\__init__.py...
parsing E:\XJTU\架构逆向\lda_demoGPT\local\data\scrapy\templates\project\module\__init__.py...
line 1:0 mismatched input '<EOF>' expecting {LINE_BREAK, 'def', 'return', 'raise', 'from', 'import', 'nonlocal', 'global', 'assert', 'if', 'while', 'for', 'try', 'None', 'with', 'lambda', 'not', 'class', 'yield', 'del', 'pass', 'continue', 'break', 'async', 'await', 'print', 'exec', 'True', 'False', '...', '`', '*', '+', '-', '~', '@', STRING, DECIMAL_INTEGER, OCT_INTEGER, HEX_INTEGER, BIN_INTEGER, IMAG_NUMBER, FLOAT_NUMBER, '(', '{', '[', NAME}
parsing E:\XJTU\架构逆向\lda_demoGPT\local\data\scrapy\utils\asyncgen.py...
parsing E:\XJTU\架构逆向\lda_demoGPT\local\data\scrapy\utils\benchserver.py...
parsing E:\XJTU\架构逆向\lda_demoGPT\local\data\scrapy\utils\boto.py...
parsing E:\XJTU\架构逆向\lda_demoGPT\local\data\scrapy\utils\conf.py...
parsing E:\XJTU\架构逆向\lda_demoGPT\local\data\scrapy\utils\console.py...
parsing E:\XJTU\架构逆向\lda_demoGPT\local\data\scrapy\utils\curl.py...
already parsed E:\XJTU\架构逆向\lda_demoGPT\local\data\scrapy\http\cookies.py...skip
parsing E:\XJTU\架构逆向\lda_demoGPT\local\data\scrapy\utils\datatypes.py...
parsing E:\XJTU\架构逆向\lda_demoGPT\local\data\scrapy\utils\decorators.py...
parsing E:\XJTU\架构逆向\lda_demoGPT\local\data\scrapy\utils\defer.py...
parsing E:\XJTU\架构逆向\lda_demoGPT\local\data\scrapy\utils\deprecate.py...
parsing E:\XJTU\架构逆向\lda_demoGPT\local\data\scrapy\utils\display.py...
parsing E:\XJTU\架构逆向\lda_demoGPT\local\data\scrapy\utils\engine.py...
parsing E:\XJTU\架构逆向\lda_demoGPT\local\data\scrapy\utils\ftp.py...
parsing E:\XJTU\架构逆向\lda_demoGPT\local\data\scrapy\utils\gz.py...
parsing E:\XJTU\架构逆向\lda_demoGPT\local\data\scrapy\utils\_compression.py...
parsing E:\XJTU\架构逆向\lda_demoGPT\local\data\scrapy\utils\httpobj.py...
parsing E:\XJTU\架构逆向\lda_demoGPT\local\data\scrapy\utils\iterators.py...
parsing E:\XJTU\架构逆向\lda_demoGPT\local\data\scrapy\utils\job.py...
parsing E:\XJTU\架构逆向\lda_demoGPT\local\data\scrapy\utils\log.py...
parsing E:\XJTU\架构逆向\lda_demoGPT\local\data\scrapy\utils\misc.py...
line 180:40 mismatched input '/' expecting ')'
line 180:50 mismatched input '**' expecting {<EOF>, LINE_BREAK, ';'}
line 180:58 mismatched input ')' expecting {<EOF>, LINE_BREAK, ';'}
parsing E:\XJTU\架构逆向\lda_demoGPT\local\data\scrapy\utils\ossignal.py...
already parsed E:\XJTU\架构逆向\lda_demoGPT\local\data\scrapy\utils\signal.py...skip
parsing E:\XJTU\架构逆向\lda_demoGPT\local\data\scrapy\utils\project.py...
parsing E:\XJTU\架构逆向\lda_demoGPT\local\data\scrapy\utils\python.py...
parsing E:\XJTU\架构逆向\lda_demoGPT\local\data\scrapy\utils\reactor.py...
parsing E:\XJTU\架构逆向\lda_demoGPT\local\data\scrapy\utils\request.py...
already parsed E:\XJTU\架构逆向\lda_demoGPT\local\data\scrapy\http\response\json.py...skip
parsing E:\XJTU\架构逆向\lda_demoGPT\local\data\scrapy\utils\response.py...
parsing E:\XJTU\架构逆向\lda_demoGPT\local\data\scrapy\utils\serialize.py...
already parsed E:\XJTU\架构逆向\lda_demoGPT\local\data\scrapy\http\response\json.py...skip
already parsed E:\XJTU\架构逆向\lda_demoGPT\local\data\scrapy\utils\signal.py...skip
parsing E:\XJTU\架构逆向\lda_demoGPT\local\data\scrapy\utils\sitemap.py...
parsing E:\XJTU\架构逆向\lda_demoGPT\local\data\scrapy\utils\spider.py...
parsing E:\XJTU\架构逆向\lda_demoGPT\local\data\scrapy\utils\ssl.py...
parsing E:\XJTU\架构逆向\lda_demoGPT\local\data\scrapy\utils\template.py...
parsing E:\XJTU\架构逆向\lda_demoGPT\local\data\scrapy\utils\test.py...
parsing E:\XJTU\架构逆向\lda_demoGPT\local\data\scrapy\utils\testproc.py...
parsing E:\XJTU\架构逆向\lda_demoGPT\local\data\scrapy\utils\testsite.py...
parsing E:\XJTU\架构逆向\lda_demoGPT\local\data\scrapy\utils\trackref.py...
parsing E:\XJTU\架构逆向\lda_demoGPT\local\data\scrapy\utils\url.py...
parsing E:\XJTU\架构逆向\lda_demoGPT\local\data\scrapy\utils\versions.py...
already parsed E:\XJTU\架构逆向\lda_demoGPT\local\data\scrapy\utils\_compression.py...skip
parsing E:\XJTU\架构逆向\lda_demoGPT\local\data\scrapy\utils\__init__.py...
line 1:0 mismatched input '<EOF>' expecting {LINE_BREAK, 'def', 'return', 'raise', 'from', 'import', 'nonlocal', 'global', 'assert', 'if', 'while', 'for', 'try', 'None', 'with', 'lambda', 'not', 'class', 'yield', 'del', 'pass', 'continue', 'break', 'async', 'await', 'print', 'exec', 'True', 'False', '...', '`', '*', '+', '-', '~', '@', STRING, DECIMAL_INTEGER, OCT_INTEGER, HEX_INTEGER, BIN_INTEGER, IMAG_NUMBER, FLOAT_NUMBER, '(', '{', '[', NAME}
parsing E:\XJTU\架构逆向\lda_demoGPT\local\data\scrapy\__init__.py...
parsing E:\XJTU\架构逆向\lda_demoGPT\local\data\scrapy\__main__.py...
all files procceed successfully...
Resolve types and bindings of variables, methods and expressions....
Resolve type bindings....
protocol expected a type, but actually it is FunctionEntity
queue_class expected a type, but actually it is VarEntity
queue_class expected a type, but actually it is VarEntity
queue_class expected a type, but actually it is VarEntity
queue_class expected a type, but actually it is VarEntity
new_class expected a type, but actually it is VarEntity
Dependency analaysing....
types and bindings resolved successfully...
Dependency done....
dependencie data generating...
Start create dependencies matrix....
Finish create dependencies matrix....
reorder dependency matrix...
Dependencies data generating done successfully...
Consumed time: 32.907 s,  or 0.54845 min.
