Start parsing files...
parsing D:\lda_demoGPT\local\data\enre\analysis\analyze_expr.py...
line 271:14 mismatched input 'self' expecting {<EOF>, LINE_BREAK, ';'}
line 272:12 mismatched input '' expecting {'None', 'lambda', 'not', 'await', 'print', 'exec', 'True', 'False', '...', '`', '+', '-', '~', STRING, DECIMAL_INTEGER, OCT_INTEGER, HEX_INTEGER, BIN_INTEGER, IMAG_NUMBER, FLOAT_NUMBER, '(', '{', '[', NAME}
line 272:12 extraneous input '' expecting {DEDENT, 'def', 'return', 'raise', 'from', 'import', 'nonlocal', 'global', 'assert', 'if', 'while', 'for', 'try', 'None', 'with', 'lambda', 'not', 'class', 'yield', 'del', 'pass', 'continue', 'break', 'async', 'await', 'print', 'exec', 'True', 'False', '...', '`', '*', '+', '-', '~', '@', STRING, DECIMAL_INTEGER, OCT_INTEGER, HEX_INTEGER, BIN_INTEGER, IMAG_NUMBER, FLOAT_NUMBER, '(', '{', '[', NAME}
line 272:17 mismatched input 'SetContext' expecting {<EOF>, LINE_BREAK, ';'}
line 272:30 mismatched input 'as' expecting {<EOF>, LINE_BREAK, ';'}
line 273:16 mismatched input '' expecting {'None', 'lambda', 'not', 'await', 'print', 'exec', 'True', 'False', '...', '`', '+', '-', '~', STRING, DECIMAL_INTEGER, OCT_INTEGER, HEX_INTEGER, BIN_INTEGER, IMAG_NUMBER, FLOAT_NUMBER, '(', '{', '[', NAME}
line 273:16 extraneous input '' expecting {DEDENT, 'def', 'return', 'raise', 'from', 'import', 'nonlocal', 'global', 'assert', 'if', 'while', 'for', 'try', 'None', 'with', 'lambda', 'not', 'class', 'yield', 'del', 'pass', 'continue', 'break', 'async', 'await', 'print', 'exec', 'True', 'False', '...', '`', '*', '+', '-', '~', '@', STRING, DECIMAL_INTEGER, OCT_INTEGER, HEX_INTEGER, BIN_INTEGER, IMAG_NUMBER, FLOAT_NUMBER, '(', '{', '[', NAME}
parsing D:\lda_demoGPT\local\data\enre\analysis\analyze_manager.py...
line 231:16 no viable alternative at input ':'
line 231:17 extraneous input '=' expecting {LINE_BREAK, 'return', 'raise', 'from', 'import', 'nonlocal', 'global', 'assert', 'None', 'lambda', 'not', 'yield', 'del', 'pass', 'continue', 'break', 'await', 'print', 'exec', 'True', 'False', '...', '`', '*', '+', '-', '~', STRING, DECIMAL_INTEGER, OCT_INTEGER, HEX_INTEGER, BIN_INTEGER, IMAG_NUMBER, FLOAT_NUMBER, '(', '{', '[', NAME}
line 231:65 mismatched input ')' expecting {<EOF>, LINE_BREAK, ';'}
line 232:12 mismatched input '' expecting {'None', 'lambda', 'not', 'await', 'print', 'exec', 'True', 'False', '...', '`', '+', '-', '~', STRING, DECIMAL_INTEGER, OCT_INTEGER, HEX_INTEGER, BIN_INTEGER, IMAG_NUMBER, FLOAT_NUMBER, '(', '{', '[', NAME}
line 232:12 extraneous input '' expecting {DEDENT, 'def', 'return', 'raise', 'from', 'import', 'nonlocal', 'global', 'assert', 'if', 'while', 'for', 'try', 'None', 'with', 'lambda', 'not', 'class', 'yield', 'del', 'pass', 'continue', 'break', 'async', 'await', 'print', 'exec', 'True', 'False', '...', '`', '*', '+', '-', '~', '@', STRING, DECIMAL_INTEGER, OCT_INTEGER, HEX_INTEGER, BIN_INTEGER, IMAG_NUMBER, FLOAT_NUMBER, '(', '{', '[', NAME}
line 247:8 extraneous input 'else' expecting {DEDENT, 'def', 'return', 'raise', 'from', 'import', 'nonlocal', 'global', 'assert', 'if', 'while', 'for', 'try', 'None', 'with', 'lambda', 'not', 'class', 'yield', 'del', 'pass', 'continue', 'break', 'async', 'await', 'print', 'exec', 'True', 'False', '...', '`', '*', '+', '-', '~', '@', STRING, DECIMAL_INTEGER, OCT_INTEGER, HEX_INTEGER, BIN_INTEGER, IMAG_NUMBER, FLOAT_NUMBER, '(', '{', '[', NAME}
parsing D:\lda_demoGPT\local\data\enre\analysis\analyze_method.py...
parsing D:\lda_demoGPT\local\data\enre\analysis\analyze_stmt.py...
parsing D:\lda_demoGPT\local\data\enre\analysis\assign_target.py...
parsing D:\lda_demoGPT\local\data\enre\analysis\attribute_analyzer.py...
line 1:0 mismatched input '<EOF>' expecting {LINE_BREAK, 'def', 'return', 'raise', 'from', 'import', 'nonlocal', 'global', 'assert', 'if', 'while', 'for', 'try', 'None', 'with', 'lambda', 'not', 'class', 'yield', 'del', 'pass', 'continue', 'break', 'async', 'await', 'print', 'exec', 'True', 'False', '...', '`', '*', '+', '-', '~', '@', STRING, DECIMAL_INTEGER, OCT_INTEGER, HEX_INTEGER, BIN_INTEGER, IMAG_NUMBER, FLOAT_NUMBER, '(', '{', '[', NAME}
parsing D:\lda_demoGPT\local\data\enre\analysis\env.py...
parsing D:\lda_demoGPT\local\data\enre\analysis\error_handler.py...
parsing D:\lda_demoGPT\local\data\enre\analysis\value_info.py...
parsing D:\lda_demoGPT\local\data\enre\analysis\__init__.py...
line 1:0 mismatched input '<EOF>' expecting {LINE_BREAK, 'def', 'return', 'raise', 'from', 'import', 'nonlocal', 'global', 'assert', 'if', 'while', 'for', 'try', 'None', 'with', 'lambda', 'not', 'class', 'yield', 'del', 'pass', 'continue', 'break', 'async', 'await', 'print', 'exec', 'True', 'False', '...', '`', '*', '+', '-', '~', '@', STRING, DECIMAL_INTEGER, OCT_INTEGER, HEX_INTEGER, BIN_INTEGER, IMAG_NUMBER, FLOAT_NUMBER, '(', '{', '[', NAME}
parsing D:\lda_demoGPT\local\data\enre\cfg\call_graph.py...
parsing D:\lda_demoGPT\local\data\enre\cfg\HeapObject.py...
parsing D:\lda_demoGPT\local\data\enre\cfg\module_tree.py...
line 492:14 mismatched input 'store_able' expecting {<EOF>, LINE_BREAK, ';'}
line 493:12 mismatched input '' expecting {'None', 'lambda', 'not', 'await', 'print', 'exec', 'True', 'False', '...', '`', '+', '-', '~', STRING, DECIMAL_INTEGER, OCT_INTEGER, HEX_INTEGER, BIN_INTEGER, IMAG_NUMBER, FLOAT_NUMBER, '(', '{', '[', NAME}
line 493:12 extraneous input '' expecting {DEDENT, 'def', 'return', 'raise', 'from', 'import', 'nonlocal', 'global', 'assert', 'if', 'while', 'for', 'try', 'None', 'with', 'lambda', 'not', 'class', 'yield', 'del', 'pass', 'continue', 'break', 'async', 'await', 'print', 'exec', 'True', 'False', '...', '`', '*', '+', '-', '~', '@', STRING, DECIMAL_INTEGER, OCT_INTEGER, HEX_INTEGER, BIN_INTEGER, IMAG_NUMBER, FLOAT_NUMBER, '(', '{', '[', NAME}
line 493:17 mismatched input 'ParameterLocal' expecting {<EOF>, LINE_BREAK, ';'}
line 493:66 mismatched input 'as' expecting {<EOF>, LINE_BREAK, ';'}
line 494:16 mismatched input '' expecting {'None', 'lambda', 'not', 'await', 'print', 'exec', 'True', 'False', '...', '`', '+', '-', '~', STRING, DECIMAL_INTEGER, OCT_INTEGER, HEX_INTEGER, BIN_INTEGER, IMAG_NUMBER, FLOAT_NUMBER, '(', '{', '[', NAME}
line 494:16 extraneous input '' expecting {DEDENT, 'def', 'return', 'raise', 'from', 'import', 'nonlocal', 'global', 'assert', 'if', 'while', 'for', 'try', 'None', 'with', 'lambda', 'not', 'class', 'yield', 'del', 'pass', 'continue', 'break', 'async', 'await', 'print', 'exec', 'True', 'False', '...', '`', '*', '+', '-', '~', '@', STRING, DECIMAL_INTEGER, OCT_INTEGER, HEX_INTEGER, BIN_INTEGER, IMAG_NUMBER, FLOAT_NUMBER, '(', '{', '[', NAME}
parsing D:\lda_demoGPT\local\data\enre\cfg\Resolver.py...
line 131:14 mismatched input 'rule' expecting {<EOF>, LINE_BREAK, ';'}
line 132:12 mismatched input '' expecting {'None', 'lambda', 'not', 'await', 'print', 'exec', 'True', 'False', '...', '`', '+', '-', '~', STRING, DECIMAL_INTEGER, OCT_INTEGER, HEX_INTEGER, BIN_INTEGER, IMAG_NUMBER, FLOAT_NUMBER, '(', '{', '[', NAME}
line 132:12 extraneous input '' expecting {DEDENT, 'def', 'return', 'raise', 'from', 'import', 'nonlocal', 'global', 'assert', 'if', 'while', 'for', 'try', 'None', 'with', 'lambda', 'not', 'class', 'yield', 'del', 'pass', 'continue', 'break', 'async', 'await', 'print', 'exec', 'True', 'False', '...', '`', '*', '+', '-', '~', '@', STRING, DECIMAL_INTEGER, OCT_INTEGER, HEX_INTEGER, BIN_INTEGER, IMAG_NUMBER, FLOAT_NUMBER, '(', '{', '[', NAME}
line 132:17 mismatched input 'VariableLocal' expecting {<EOF>, LINE_BREAK, ';'}
line 132:66 mismatched input 'as' expecting {<EOF>, LINE_BREAK, ';'}
line 133:16 mismatched input '' expecting {'None', 'lambda', 'not', 'await', 'print', 'exec', 'True', 'False', '...', '`', '+', '-', '~', STRING, DECIMAL_INTEGER, OCT_INTEGER, HEX_INTEGER, BIN_INTEGER, IMAG_NUMBER, FLOAT_NUMBER, '(', '{', '[', NAME}
line 133:16 extraneous input '' expecting {DEDENT, 'def', 'return', 'raise', 'from', 'import', 'nonlocal', 'global', 'assert', 'if', 'while', 'for', 'try', 'None', 'with', 'lambda', 'not', 'class', 'yield', 'del', 'pass', 'continue', 'break', 'async', 'await', 'print', 'exec', 'True', 'False', '...', '`', '*', '+', '-', '~', '@', STRING, DECIMAL_INTEGER, OCT_INTEGER, HEX_INTEGER, BIN_INTEGER, IMAG_NUMBER, FLOAT_NUMBER, '(', '{', '[', NAME}
line 134:17 mismatched input 'VariableOuter' expecting {<EOF>, LINE_BREAK, ';'}
line 134:33 mismatched input 'as' expecting {<EOF>, LINE_BREAK, ';'}
line 135:16 mismatched input '' expecting {'None', 'lambda', 'not', 'await', 'print', 'exec', 'True', 'False', '...', '`', '+', '-', '~', STRING, DECIMAL_INTEGER, OCT_INTEGER, HEX_INTEGER, BIN_INTEGER, IMAG_NUMBER, FLOAT_NUMBER, '(', '{', '[', NAME}
line 135:16 extraneous input '' expecting {DEDENT, 'def', 'return', 'raise', 'from', 'import', 'nonlocal', 'global', 'assert', 'if', 'while', 'for', 'try', 'None', 'with', 'lambda', 'not', 'class', 'yield', 'del', 'pass', 'continue', 'break', 'async', 'await', 'print', 'exec', 'True', 'False', '...', '`', '*', '+', '-', '~', '@', STRING, DECIMAL_INTEGER, OCT_INTEGER, HEX_INTEGER, BIN_INTEGER, IMAG_NUMBER, FLOAT_NUMBER, '(', '{', '[', NAME}
parsing D:\lda_demoGPT\local\data\enre\cfg\__init__.py...
line 1:0 mismatched input '<EOF>' expecting {LINE_BREAK, 'def', 'return', 'raise', 'from', 'import', 'nonlocal', 'global', 'assert', 'if', 'while', 'for', 'try', 'None', 'with', 'lambda', 'not', 'class', 'yield', 'del', 'pass', 'continue', 'break', 'async', 'await', 'print', 'exec', 'True', 'False', '...', '`', '*', '+', '-', '~', '@', STRING, DECIMAL_INTEGER, OCT_INTEGER, HEX_INTEGER, BIN_INTEGER, IMAG_NUMBER, FLOAT_NUMBER, '(', '{', '[', NAME}
parsing D:\lda_demoGPT\local\data\enre\dep\DepDB.py...
parsing D:\lda_demoGPT\local\data\enre\dep\__init__.py...
line 1:0 mismatched input '<EOF>' expecting {LINE_BREAK, 'def', 'return', 'raise', 'from', 'import', 'nonlocal', 'global', 'assert', 'if', 'while', 'for', 'try', 'None', 'with', 'lambda', 'not', 'class', 'yield', 'del', 'pass', 'continue', 'break', 'async', 'await', 'print', 'exec', 'True', 'False', '...', '`', '*', '+', '-', '~', '@', STRING, DECIMAL_INTEGER, OCT_INTEGER, HEX_INTEGER, BIN_INTEGER, IMAG_NUMBER, FLOAT_NUMBER, '(', '{', '[', NAME}
parsing D:\lda_demoGPT\local\data\enre\ent\entity.py...
parsing D:\lda_demoGPT\local\data\enre\ent\EntKind.py...
parsing D:\lda_demoGPT\local\data\enre\ent\ent_factory.py...
parsing D:\lda_demoGPT\local\data\enre\ent\ent_finder.py...
parsing D:\lda_demoGPT\local\data\enre\ent\__init__.py...
line 1:0 mismatched input '<EOF>' expecting {LINE_BREAK, 'def', 'return', 'raise', 'from', 'import', 'nonlocal', 'global', 'assert', 'if', 'while', 'for', 'try', 'None', 'with', 'lambda', 'not', 'class', 'yield', 'del', 'pass', 'continue', 'break', 'async', 'await', 'print', 'exec', 'True', 'False', '...', '`', '*', '+', '-', '~', '@', STRING, DECIMAL_INTEGER, OCT_INTEGER, HEX_INTEGER, BIN_INTEGER, IMAG_NUMBER, FLOAT_NUMBER, '(', '{', '[', NAME}
parsing D:\lda_demoGPT\local\data\enre\passes\aggregate_control_flow_info.py...
parsing D:\lda_demoGPT\local\data\enre\passes\build_ambiguous.py...
line 112:28 extraneous input '=' expecting {LINE_BREAK, 'return', 'raise', 'from', 'import', 'nonlocal', 'global', 'assert', 'None', 'lambda', 'not', 'yield', 'del', 'pass', 'continue', 'break', 'await', 'print', 'exec', 'True', 'False', '...', '`', '*', '+', '-', '~', STRING, DECIMAL_INTEGER, OCT_INTEGER, HEX_INTEGER, BIN_INTEGER, IMAG_NUMBER, FLOAT_NUMBER, '(', '{', '[', NAME}
line 113:12 mismatched input '' expecting {'None', 'lambda', 'not', 'await', 'print', 'exec', 'True', 'False', '...', '`', '+', '-', '~', STRING, DECIMAL_INTEGER, OCT_INTEGER, HEX_INTEGER, BIN_INTEGER, IMAG_NUMBER, FLOAT_NUMBER, '(', '{', '[', NAME}
line 113:12 extraneous input '' expecting {DEDENT, 'def', 'return', 'raise', 'from', 'import', 'nonlocal', 'global', 'assert', 'if', 'while', 'for', 'try', 'None', 'with', 'lambda', 'not', 'class', 'yield', 'del', 'pass', 'continue', 'break', 'async', 'await', 'print', 'exec', 'True', 'False', '...', '`', '*', '+', '-', '~', '@', STRING, DECIMAL_INTEGER, OCT_INTEGER, HEX_INTEGER, BIN_INTEGER, IMAG_NUMBER, FLOAT_NUMBER, '(', '{', '[', NAME}
line 115:8 extraneous input 'else' expecting {DEDENT, 'def', 'return', 'raise', 'from', 'import', 'nonlocal', 'global', 'assert', 'if', 'while', 'for', 'try', 'None', 'with', 'lambda', 'not', 'class', 'yield', 'del', 'pass', 'continue', 'break', 'async', 'await', 'print', 'exec', 'True', 'False', '...', '`', '*', '+', '-', '~', '@', STRING, DECIMAL_INTEGER, OCT_INTEGER, HEX_INTEGER, BIN_INTEGER, IMAG_NUMBER, FLOAT_NUMBER, '(', '{', '[', NAME}
parsing D:\lda_demoGPT\local\data\enre\passes\build_visibility.py...
parsing D:\lda_demoGPT\local\data\enre\passes\entity_pass.py...
parsing D:\lda_demoGPT\local\data\enre\passes\__init__.py...
line 1:0 mismatched input '<EOF>' expecting {LINE_BREAK, 'def', 'return', 'raise', 'from', 'import', 'nonlocal', 'global', 'assert', 'if', 'while', 'for', 'try', 'None', 'with', 'lambda', 'not', 'class', 'yield', 'del', 'pass', 'continue', 'break', 'async', 'await', 'print', 'exec', 'True', 'False', '...', '`', '*', '+', '-', '~', '@', STRING, DECIMAL_INTEGER, OCT_INTEGER, HEX_INTEGER, BIN_INTEGER, IMAG_NUMBER, FLOAT_NUMBER, '(', '{', '[', NAME}
parsing D:\lda_demoGPT\local\data\enre\ref\Ref.py...
parsing D:\lda_demoGPT\local\data\enre\ref\__init__.py...
line 1:0 mismatched input '<EOF>' expecting {LINE_BREAK, 'def', 'return', 'raise', 'from', 'import', 'nonlocal', 'global', 'assert', 'if', 'while', 'for', 'try', 'None', 'with', 'lambda', 'not', 'class', 'yield', 'del', 'pass', 'continue', 'break', 'async', 'await', 'print', 'exec', 'True', 'False', '...', '`', '*', '+', '-', '~', '@', STRING, DECIMAL_INTEGER, OCT_INTEGER, HEX_INTEGER, BIN_INTEGER, IMAG_NUMBER, FLOAT_NUMBER, '(', '{', '[', NAME}
parsing D:\lda_demoGPT\local\data\enre\test_gen\binder.py...
line 121:16 extraneous input '=' expecting {LINE_BREAK, 'return', 'raise', 'from', 'import', 'nonlocal', 'global', 'assert', 'None', 'lambda', 'not', 'yield', 'del', 'pass', 'continue', 'break', 'await', 'print', 'exec', 'True', 'False', '...', '`', '*', '+', '-', '~', STRING, DECIMAL_INTEGER, OCT_INTEGER, HEX_INTEGER, BIN_INTEGER, IMAG_NUMBER, FLOAT_NUMBER, '(', '{', '[', NAME}
line 122:8 mismatched input '' expecting {'None', 'lambda', 'not', 'await', 'print', 'exec', 'True', 'False', '...', '`', '+', '-', '~', STRING, DECIMAL_INTEGER, OCT_INTEGER, HEX_INTEGER, BIN_INTEGER, IMAG_NUMBER, FLOAT_NUMBER, '(', '{', '[', NAME}
line 122:8 extraneous input '' expecting {DEDENT, 'def', 'return', 'raise', 'from', 'import', 'nonlocal', 'global', 'assert', 'if', 'while', 'for', 'try', 'None', 'with', 'lambda', 'not', 'class', 'yield', 'del', 'pass', 'continue', 'break', 'async', 'await', 'print', 'exec', 'True', 'False', '...', '`', '*', '+', '-', '~', '@', STRING, DECIMAL_INTEGER, OCT_INTEGER, HEX_INTEGER, BIN_INTEGER, IMAG_NUMBER, FLOAT_NUMBER, '(', '{', '[', NAME}
parsing D:\lda_demoGPT\local\data\enre\test_gen\yaml_represent.py...
parsing D:\lda_demoGPT\local\data\enre\test_gen\__init__.py...
line 1:0 mismatched input '<EOF>' expecting {LINE_BREAK, 'def', 'return', 'raise', 'from', 'import', 'nonlocal', 'global', 'assert', 'if', 'while', 'for', 'try', 'None', 'with', 'lambda', 'not', 'class', 'yield', 'del', 'pass', 'continue', 'break', 'async', 'await', 'print', 'exec', 'True', 'False', '...', '`', '*', '+', '-', '~', '@', STRING, DECIMAL_INTEGER, OCT_INTEGER, HEX_INTEGER, BIN_INTEGER, IMAG_NUMBER, FLOAT_NUMBER, '(', '{', '[', NAME}
parsing D:\lda_demoGPT\local\data\enre\vis\graphdiffer.py...
parsing D:\lda_demoGPT\local\data\enre\vis\mapping.py...
parsing D:\lda_demoGPT\local\data\enre\vis\representation.py...
parsing D:\lda_demoGPT\local\data\enre\vis\summary_repr.py...
parsing D:\lda_demoGPT\local\data\enre\vis\und_mapping.py...
parsing D:\lda_demoGPT\local\data\enre\vis\__init__.py...
line 1:0 mismatched input '<EOF>' expecting {LINE_BREAK, 'def', 'return', 'raise', 'from', 'import', 'nonlocal', 'global', 'assert', 'if', 'while', 'for', 'try', 'None', 'with', 'lambda', 'not', 'class', 'yield', 'del', 'pass', 'continue', 'break', 'async', 'await', 'print', 'exec', 'True', 'False', '...', '`', '*', '+', '-', '~', '@', STRING, DECIMAL_INTEGER, OCT_INTEGER, HEX_INTEGER, BIN_INTEGER, IMAG_NUMBER, FLOAT_NUMBER, '(', '{', '[', NAME}
parsing D:\lda_demoGPT\local\data\enre\__init__.py...
line 1:0 mismatched input '<EOF>' expecting {LINE_BREAK, 'def', 'return', 'raise', 'from', 'import', 'nonlocal', 'global', 'assert', 'if', 'while', 'for', 'try', 'None', 'with', 'lambda', 'not', 'class', 'yield', 'del', 'pass', 'continue', 'break', 'async', 'await', 'print', 'exec', 'True', 'False', '...', '`', '*', '+', '-', '~', '@', STRING, DECIMAL_INTEGER, OCT_INTEGER, HEX_INTEGER, BIN_INTEGER, IMAG_NUMBER, FLOAT_NUMBER, '(', '{', '[', NAME}
parsing D:\lda_demoGPT\local\data\enre\__main__.py...
all files procceed successfully...
Resolve types and bindings of variables, methods and expressions....
Resolve type bindings....
Dependency analaysing....
types and bindings resolved successfully...
Dependency done....
dependencie data generating...
Start create dependencies matrix....
Finish create dependencies matrix....
reorder dependency matrix...
Dependencies data generating done successfully...
Consumed time: 9.444 s,  or 0.1574 min.
