Start parsing files...
parsing D:\lda_demoGPT\local\data\hadoop\org\apache\hadoop\conf\Configurable.java...
parsing D:\lda_demoGPT\local\data\hadoop\org\apache\hadoop\conf\Configuration.java...
parsing D:\lda_demoGPT\local\data\hadoop\org\apache\hadoop\conf\Configured.java...
parsing D:\lda_demoGPT\local\data\hadoop\org\apache\hadoop\filecache\DistributedCache.java...
parsing D:\lda_demoGPT\local\data\hadoop\org\apache\hadoop\fs\BlockLocation.java...
parsing D:\lda_demoGPT\local\data\hadoop\org\apache\hadoop\fs\BufferedFSInputStream.java...
parsing D:\lda_demoGPT\local\data\hadoop\org\apache\hadoop\fs\ChecksumException.java...
parsing D:\lda_demoGPT\local\data\hadoop\org\apache\hadoop\fs\ChecksumFileSystem.java...
parsing D:\lda_demoGPT\local\data\hadoop\org\apache\hadoop\fs\ContentSummary.java...
parsing D:\lda_demoGPT\local\data\hadoop\org\apache\hadoop\fs\DF.java...
parsing D:\lda_demoGPT\local\data\hadoop\org\apache\hadoop\fs\DU.java...
parsing D:\lda_demoGPT\local\data\hadoop\org\apache\hadoop\fs\FileChecksum.java...
parsing D:\lda_demoGPT\local\data\hadoop\org\apache\hadoop\fs\FileStatus.java...
parsing D:\lda_demoGPT\local\data\hadoop\org\apache\hadoop\fs\FileSystem.java...
parsing D:\lda_demoGPT\local\data\hadoop\org\apache\hadoop\fs\FileUtil.java...
parsing D:\lda_demoGPT\local\data\hadoop\org\apache\hadoop\fs\FilterFileSystem.java...
parsing D:\lda_demoGPT\local\data\hadoop\org\apache\hadoop\fs\FSDataInputStream.java...
parsing D:\lda_demoGPT\local\data\hadoop\org\apache\hadoop\fs\FSDataOutputStream.java...
parsing D:\lda_demoGPT\local\data\hadoop\org\apache\hadoop\fs\FSError.java...
parsing D:\lda_demoGPT\local\data\hadoop\org\apache\hadoop\fs\FSInputChecker.java...
parsing D:\lda_demoGPT\local\data\hadoop\org\apache\hadoop\fs\FSInputStream.java...
parsing D:\lda_demoGPT\local\data\hadoop\org\apache\hadoop\fs\FSOutputSummer.java...
parsing D:\lda_demoGPT\local\data\hadoop\org\apache\hadoop\fs\FsShell.java...
parsing D:\lda_demoGPT\local\data\hadoop\org\apache\hadoop\fs\FsShellPermissions.java...
parsing D:\lda_demoGPT\local\data\hadoop\org\apache\hadoop\fs\FsUrlConnection.java...
parsing D:\lda_demoGPT\local\data\hadoop\org\apache\hadoop\fs\FsUrlStreamHandler.java...
parsing D:\lda_demoGPT\local\data\hadoop\org\apache\hadoop\fs\FsUrlStreamHandlerFactory.java...
parsing D:\lda_demoGPT\local\data\hadoop\org\apache\hadoop\fs\ftp\FTPException.java...
parsing D:\lda_demoGPT\local\data\hadoop\org\apache\hadoop\fs\ftp\FTPFileSystem.java...
parsing D:\lda_demoGPT\local\data\hadoop\org\apache\hadoop\fs\ftp\FTPInputStream.java...
parsing D:\lda_demoGPT\local\data\hadoop\org\apache\hadoop\fs\GlobExpander.java...
parsing D:\lda_demoGPT\local\data\hadoop\org\apache\hadoop\fs\HarFileSystem.java...
parsing D:\lda_demoGPT\local\data\hadoop\org\apache\hadoop\fs\InMemoryFileSystem.java...
parsing D:\lda_demoGPT\local\data\hadoop\org\apache\hadoop\fs\kfs\IFSImpl.java...
parsing D:\lda_demoGPT\local\data\hadoop\org\apache\hadoop\fs\kfs\KFSImpl.java...
parsing D:\lda_demoGPT\local\data\hadoop\org\apache\hadoop\fs\kfs\KFSInputStream.java...
parsing D:\lda_demoGPT\local\data\hadoop\org\apache\hadoop\fs\kfs\KFSOutputStream.java...
parsing D:\lda_demoGPT\local\data\hadoop\org\apache\hadoop\fs\kfs\KosmosFileSystem.java...
parsing D:\lda_demoGPT\local\data\hadoop\org\apache\hadoop\fs\LengthFileChecksum.java...
parsing D:\lda_demoGPT\local\data\hadoop\org\apache\hadoop\fs\LocalDirAllocator.java...
parsing D:\lda_demoGPT\local\data\hadoop\org\apache\hadoop\fs\LocalFileSystem.java...
parsing D:\lda_demoGPT\local\data\hadoop\org\apache\hadoop\fs\MD5MD5CRC32FileChecksum.java...
parsing D:\lda_demoGPT\local\data\hadoop\org\apache\hadoop\fs\Path.java...
parsing D:\lda_demoGPT\local\data\hadoop\org\apache\hadoop\fs\PathFilter.java...
parsing D:\lda_demoGPT\local\data\hadoop\org\apache\hadoop\fs\permission\AccessControlException.java...
parsing D:\lda_demoGPT\local\data\hadoop\org\apache\hadoop\fs\permission\FsAction.java...
parsing D:\lda_demoGPT\local\data\hadoop\org\apache\hadoop\fs\permission\FsPermission.java...
parsing D:\lda_demoGPT\local\data\hadoop\org\apache\hadoop\fs\permission\PermissionStatus.java...
parsing D:\lda_demoGPT\local\data\hadoop\org\apache\hadoop\fs\PositionedReadable.java...
parsing D:\lda_demoGPT\local\data\hadoop\org\apache\hadoop\fs\RawLocalFileSystem.java...
parsing D:\lda_demoGPT\local\data\hadoop\org\apache\hadoop\fs\s3\Block.java...
parsing D:\lda_demoGPT\local\data\hadoop\org\apache\hadoop\fs\s3\FileSystemStore.java...
parsing D:\lda_demoGPT\local\data\hadoop\org\apache\hadoop\fs\s3\INode.java...
parsing D:\lda_demoGPT\local\data\hadoop\org\apache\hadoop\fs\s3\Jets3tFileSystemStore.java...
parsing D:\lda_demoGPT\local\data\hadoop\org\apache\hadoop\fs\s3\MigrationTool.java...
parsing D:\lda_demoGPT\local\data\hadoop\org\apache\hadoop\fs\s3\S3Credentials.java...
parsing D:\lda_demoGPT\local\data\hadoop\org\apache\hadoop\fs\s3\S3Exception.java...
parsing D:\lda_demoGPT\local\data\hadoop\org\apache\hadoop\fs\s3\S3FileSystem.java...
parsing D:\lda_demoGPT\local\data\hadoop\org\apache\hadoop\fs\s3\S3FileSystemException.java...
parsing D:\lda_demoGPT\local\data\hadoop\org\apache\hadoop\fs\s3\S3InputStream.java...
parsing D:\lda_demoGPT\local\data\hadoop\org\apache\hadoop\fs\s3\S3OutputStream.java...
parsing D:\lda_demoGPT\local\data\hadoop\org\apache\hadoop\fs\s3\VersionMismatchException.java...
parsing D:\lda_demoGPT\local\data\hadoop\org\apache\hadoop\fs\s3native\FileMetadata.java...
parsing D:\lda_demoGPT\local\data\hadoop\org\apache\hadoop\fs\s3native\Jets3tNativeFileSystemStore.java...
parsing D:\lda_demoGPT\local\data\hadoop\org\apache\hadoop\fs\s3native\NativeFileSystemStore.java...
parsing D:\lda_demoGPT\local\data\hadoop\org\apache\hadoop\fs\s3native\NativeS3FileSystem.java...
parsing D:\lda_demoGPT\local\data\hadoop\org\apache\hadoop\fs\s3native\PartialListing.java...
parsing D:\lda_demoGPT\local\data\hadoop\org\apache\hadoop\fs\Seekable.java...
parsing D:\lda_demoGPT\local\data\hadoop\org\apache\hadoop\fs\shell\Command.java...
parsing D:\lda_demoGPT\local\data\hadoop\org\apache\hadoop\fs\shell\CommandFormat.java...
parsing D:\lda_demoGPT\local\data\hadoop\org\apache\hadoop\fs\shell\CommandUtils.java...
parsing D:\lda_demoGPT\local\data\hadoop\org\apache\hadoop\fs\shell\Count.java...
parsing D:\lda_demoGPT\local\data\hadoop\org\apache\hadoop\fs\Syncable.java...
parsing D:\lda_demoGPT\local\data\hadoop\org\apache\hadoop\fs\Trash.java...
parsing D:\lda_demoGPT\local\data\hadoop\org\apache\hadoop\HadoopVersionAnnotation.java...
parsing D:\lda_demoGPT\local\data\hadoop\org\apache\hadoop\hdfs\ChecksumDistributedFileSystem.java...
parsing D:\lda_demoGPT\local\data\hadoop\org\apache\hadoop\hdfs\DFSClient.java...
parsing D:\lda_demoGPT\local\data\hadoop\org\apache\hadoop\hdfs\DFSUtil.java...
parsing D:\lda_demoGPT\local\data\hadoop\org\apache\hadoop\hdfs\DistributedFileSystem.java...
parsing D:\lda_demoGPT\local\data\hadoop\org\apache\hadoop\hdfs\HftpFileSystem.java...
parsing D:\lda_demoGPT\local\data\hadoop\org\apache\hadoop\hdfs\HsftpFileSystem.java...
parsing D:\lda_demoGPT\local\data\hadoop\org\apache\hadoop\hdfs\protocol\AlreadyBeingCreatedException.java...
parsing D:\lda_demoGPT\local\data\hadoop\org\apache\hadoop\hdfs\protocol\Block.java...
parsing D:\lda_demoGPT\local\data\hadoop\org\apache\hadoop\hdfs\protocol\BlockListAsLongs.java...
parsing D:\lda_demoGPT\local\data\hadoop\org\apache\hadoop\hdfs\protocol\BlocksWithLocations.java...
parsing D:\lda_demoGPT\local\data\hadoop\org\apache\hadoop\hdfs\protocol\ClientDatanodeProtocol.java...
parsing D:\lda_demoGPT\local\data\hadoop\org\apache\hadoop\hdfs\protocol\ClientProtocol.java...
parsing D:\lda_demoGPT\local\data\hadoop\org\apache\hadoop\hdfs\protocol\DatanodeID.java...
parsing D:\lda_demoGPT\local\data\hadoop\org\apache\hadoop\hdfs\protocol\DatanodeInfo.java...
parsing D:\lda_demoGPT\local\data\hadoop\org\apache\hadoop\hdfs\protocol\DataTransferProtocol.java...
parsing D:\lda_demoGPT\local\data\hadoop\org\apache\hadoop\hdfs\protocol\FSConstants.java...
parsing D:\lda_demoGPT\local\data\hadoop\org\apache\hadoop\hdfs\protocol\LocatedBlock.java...
parsing D:\lda_demoGPT\local\data\hadoop\org\apache\hadoop\hdfs\protocol\LocatedBlocks.java...
parsing D:\lda_demoGPT\local\data\hadoop\org\apache\hadoop\hdfs\protocol\QuotaExceededException.java...
parsing D:\lda_demoGPT\local\data\hadoop\org\apache\hadoop\hdfs\protocol\UnregisteredDatanodeException.java...
parsing D:\lda_demoGPT\local\data\hadoop\org\apache\hadoop\hdfs\server\balancer\Balancer.java...
parsing D:\lda_demoGPT\local\data\hadoop\org\apache\hadoop\hdfs\server\common\GenerationStamp.java...
parsing D:\lda_demoGPT\local\data\hadoop\org\apache\hadoop\hdfs\server\common\HdfsConstants.java...
parsing D:\lda_demoGPT\local\data\hadoop\org\apache\hadoop\hdfs\server\common\InconsistentFSStateException.java...
parsing D:\lda_demoGPT\local\data\hadoop\org\apache\hadoop\hdfs\server\common\IncorrectVersionException.java...
parsing D:\lda_demoGPT\local\data\hadoop\org\apache\hadoop\hdfs\server\common\Storage.java...
parsing D:\lda_demoGPT\local\data\hadoop\org\apache\hadoop\hdfs\server\common\StorageInfo.java...
parsing D:\lda_demoGPT\local\data\hadoop\org\apache\hadoop\hdfs\server\common\Upgradeable.java...
parsing D:\lda_demoGPT\local\data\hadoop\org\apache\hadoop\hdfs\server\common\UpgradeManager.java...
parsing D:\lda_demoGPT\local\data\hadoop\org\apache\hadoop\hdfs\server\common\UpgradeObject.java...
parsing D:\lda_demoGPT\local\data\hadoop\org\apache\hadoop\hdfs\server\common\UpgradeObjectCollection.java...
parsing D:\lda_demoGPT\local\data\hadoop\org\apache\hadoop\hdfs\server\common\UpgradeStatusReport.java...
parsing D:\lda_demoGPT\local\data\hadoop\org\apache\hadoop\hdfs\server\common\Util.java...
parsing D:\lda_demoGPT\local\data\hadoop\org\apache\hadoop\hdfs\server\datanode\BlockMetadataHeader.java...
parsing D:\lda_demoGPT\local\data\hadoop\org\apache\hadoop\hdfs\server\datanode\BlockReceiver.java...
parsing D:\lda_demoGPT\local\data\hadoop\org\apache\hadoop\hdfs\server\datanode\BlockSender.java...
parsing D:\lda_demoGPT\local\data\hadoop\org\apache\hadoop\hdfs\server\datanode\BlockTransferThrottler.java...
parsing D:\lda_demoGPT\local\data\hadoop\org\apache\hadoop\hdfs\server\datanode\DataBlockScanner.java...
parsing D:\lda_demoGPT\local\data\hadoop\org\apache\hadoop\hdfs\server\datanode\DataNode.java...
parsing D:\lda_demoGPT\local\data\hadoop\org\apache\hadoop\hdfs\server\datanode\DatanodeBlockInfo.java...
parsing D:\lda_demoGPT\local\data\hadoop\org\apache\hadoop\hdfs\server\datanode\DataStorage.java...
parsing D:\lda_demoGPT\local\data\hadoop\org\apache\hadoop\hdfs\server\datanode\DataXceiver.java...
parsing D:\lda_demoGPT\local\data\hadoop\org\apache\hadoop\hdfs\server\datanode\DataXceiverServer.java...
parsing D:\lda_demoGPT\local\data\hadoop\org\apache\hadoop\hdfs\server\datanode\FSDataset.java...
parsing D:\lda_demoGPT\local\data\hadoop\org\apache\hadoop\hdfs\server\datanode\FSDatasetInterface.java...
parsing D:\lda_demoGPT\local\data\hadoop\org\apache\hadoop\hdfs\server\datanode\metrics\DataNodeMetrics.java...
parsing D:\lda_demoGPT\local\data\hadoop\org\apache\hadoop\hdfs\server\datanode\metrics\DataNodeStatistics.java...
parsing D:\lda_demoGPT\local\data\hadoop\org\apache\hadoop\hdfs\server\datanode\metrics\DataNodeStatisticsMBean.java...
parsing D:\lda_demoGPT\local\data\hadoop\org\apache\hadoop\hdfs\server\datanode\metrics\FSDatasetMBean.java...
parsing D:\lda_demoGPT\local\data\hadoop\org\apache\hadoop\hdfs\server\datanode\UpgradeManagerDatanode.java...
parsing D:\lda_demoGPT\local\data\hadoop\org\apache\hadoop\hdfs\server\datanode\UpgradeObjectDatanode.java...
parsing D:\lda_demoGPT\local\data\hadoop\org\apache\hadoop\hdfs\server\namenode\BlocksMap.java...
parsing D:\lda_demoGPT\local\data\hadoop\org\apache\hadoop\hdfs\server\namenode\CheckpointSignature.java...
parsing D:\lda_demoGPT\local\data\hadoop\org\apache\hadoop\hdfs\server\namenode\CorruptReplicasMap.java...
parsing D:\lda_demoGPT\local\data\hadoop\org\apache\hadoop\hdfs\server\namenode\DatanodeDescriptor.java...
parsing D:\lda_demoGPT\local\data\hadoop\org\apache\hadoop\hdfs\server\namenode\DfsServlet.java...
parsing D:\lda_demoGPT\local\data\hadoop\org\apache\hadoop\hdfs\server\namenode\EditLogInputStream.java...
parsing D:\lda_demoGPT\local\data\hadoop\org\apache\hadoop\hdfs\server\namenode\EditLogOutputStream.java...
parsing D:\lda_demoGPT\local\data\hadoop\org\apache\hadoop\hdfs\server\namenode\FileChecksumServlets.java...
parsing D:\lda_demoGPT\local\data\hadoop\org\apache\hadoop\hdfs\server\namenode\FileDataServlet.java...
parsing D:\lda_demoGPT\local\data\hadoop\org\apache\hadoop\hdfs\server\namenode\FsckServlet.java...
parsing D:\lda_demoGPT\local\data\hadoop\org\apache\hadoop\hdfs\server\namenode\FSDirectory.java...
parsing D:\lda_demoGPT\local\data\hadoop\org\apache\hadoop\hdfs\server\namenode\FSEditLog.java...
parsing D:\lda_demoGPT\local\data\hadoop\org\apache\hadoop\hdfs\server\namenode\FSImage.java...
parsing D:\lda_demoGPT\local\data\hadoop\org\apache\hadoop\hdfs\server\namenode\FSNamesystem.java...
parsing D:\lda_demoGPT\local\data\hadoop\org\apache\hadoop\hdfs\server\namenode\GetImageServlet.java...
parsing D:\lda_demoGPT\local\data\hadoop\org\apache\hadoop\hdfs\server\namenode\Host2NodesMap.java...
parsing D:\lda_demoGPT\local\data\hadoop\org\apache\hadoop\hdfs\server\namenode\INode.java...
parsing D:\lda_demoGPT\local\data\hadoop\org\apache\hadoop\hdfs\server\namenode\INodeDirectory.java...
parsing D:\lda_demoGPT\local\data\hadoop\org\apache\hadoop\hdfs\server\namenode\INodeDirectoryWithQuota.java...
parsing D:\lda_demoGPT\local\data\hadoop\org\apache\hadoop\hdfs\server\namenode\INodeFile.java...
parsing D:\lda_demoGPT\local\data\hadoop\org\apache\hadoop\hdfs\server\namenode\INodeFileUnderConstruction.java...
parsing D:\lda_demoGPT\local\data\hadoop\org\apache\hadoop\hdfs\server\namenode\JspHelper.java...
parsing D:\lda_demoGPT\local\data\hadoop\org\apache\hadoop\hdfs\server\namenode\LeaseExpiredException.java...
parsing D:\lda_demoGPT\local\data\hadoop\org\apache\hadoop\hdfs\server\namenode\LeaseManager.java...
parsing D:\lda_demoGPT\local\data\hadoop\org\apache\hadoop\hdfs\server\namenode\ListPathsServlet.java...
parsing D:\lda_demoGPT\local\data\hadoop\org\apache\hadoop\hdfs\server\namenode\metrics\FSNamesystemMBean.java...
parsing D:\lda_demoGPT\local\data\hadoop\org\apache\hadoop\hdfs\server\namenode\metrics\FSNamesystemMetrics.java...
parsing D:\lda_demoGPT\local\data\hadoop\org\apache\hadoop\hdfs\server\namenode\metrics\NameNodeMetrics.java...
parsing D:\lda_demoGPT\local\data\hadoop\org\apache\hadoop\hdfs\server\namenode\metrics\NameNodeStatistics.java...
parsing D:\lda_demoGPT\local\data\hadoop\org\apache\hadoop\hdfs\server\namenode\metrics\NameNodeStatisticsMBean.java...
parsing D:\lda_demoGPT\local\data\hadoop\org\apache\hadoop\hdfs\server\namenode\NameNode.java...
parsing D:\lda_demoGPT\local\data\hadoop\org\apache\hadoop\hdfs\server\namenode\NamenodeFsck.java...
parsing D:\lda_demoGPT\local\data\hadoop\org\apache\hadoop\hdfs\server\namenode\NotReplicatedYetException.java...
parsing D:\lda_demoGPT\local\data\hadoop\org\apache\hadoop\hdfs\server\namenode\PendingReplicationBlocks.java...
parsing D:\lda_demoGPT\local\data\hadoop\org\apache\hadoop\hdfs\server\namenode\PermissionChecker.java...
parsing D:\lda_demoGPT\local\data\hadoop\org\apache\hadoop\hdfs\server\namenode\ReplicationTargetChooser.java...
parsing D:\lda_demoGPT\local\data\hadoop\org\apache\hadoop\hdfs\server\namenode\SafeModeException.java...
parsing D:\lda_demoGPT\local\data\hadoop\org\apache\hadoop\hdfs\server\namenode\SecondaryNameNode.java...
parsing D:\lda_demoGPT\local\data\hadoop\org\apache\hadoop\hdfs\server\namenode\SerialNumberManager.java...
parsing D:\lda_demoGPT\local\data\hadoop\org\apache\hadoop\hdfs\server\namenode\StreamFile.java...
parsing D:\lda_demoGPT\local\data\hadoop\org\apache\hadoop\hdfs\server\namenode\StringBytesWritable.java...
parsing D:\lda_demoGPT\local\data\hadoop\org\apache\hadoop\hdfs\server\namenode\TransferFsImage.java...
parsing D:\lda_demoGPT\local\data\hadoop\org\apache\hadoop\hdfs\server\namenode\UnderReplicatedBlocks.java...
parsing D:\lda_demoGPT\local\data\hadoop\org\apache\hadoop\hdfs\server\namenode\UpgradeManagerNamenode.java...
parsing D:\lda_demoGPT\local\data\hadoop\org\apache\hadoop\hdfs\server\namenode\UpgradeObjectNamenode.java...
parsing D:\lda_demoGPT\local\data\hadoop\org\apache\hadoop\hdfs\server\protocol\BlockCommand.java...
parsing D:\lda_demoGPT\local\data\hadoop\org\apache\hadoop\hdfs\server\protocol\BlockMetaDataInfo.java...
parsing D:\lda_demoGPT\local\data\hadoop\org\apache\hadoop\hdfs\server\protocol\BlocksWithLocations.java...
parsing D:\lda_demoGPT\local\data\hadoop\org\apache\hadoop\hdfs\server\protocol\DatanodeCommand.java...
parsing D:\lda_demoGPT\local\data\hadoop\org\apache\hadoop\hdfs\server\protocol\DatanodeProtocol.java...
parsing D:\lda_demoGPT\local\data\hadoop\org\apache\hadoop\hdfs\server\protocol\DatanodeRegistration.java...
parsing D:\lda_demoGPT\local\data\hadoop\org\apache\hadoop\hdfs\server\protocol\DisallowedDatanodeException.java...
parsing D:\lda_demoGPT\local\data\hadoop\org\apache\hadoop\hdfs\server\protocol\InterDatanodeProtocol.java...
parsing D:\lda_demoGPT\local\data\hadoop\org\apache\hadoop\hdfs\server\protocol\NamenodeProtocol.java...
parsing D:\lda_demoGPT\local\data\hadoop\org\apache\hadoop\hdfs\server\protocol\NamespaceInfo.java...
parsing D:\lda_demoGPT\local\data\hadoop\org\apache\hadoop\hdfs\server\protocol\UpgradeCommand.java...
parsing D:\lda_demoGPT\local\data\hadoop\org\apache\hadoop\hdfs\tools\DFSAdmin.java...
parsing D:\lda_demoGPT\local\data\hadoop\org\apache\hadoop\hdfs\tools\DFSck.java...
parsing D:\lda_demoGPT\local\data\hadoop\org\apache\hadoop\http\FilterContainer.java...
parsing D:\lda_demoGPT\local\data\hadoop\org\apache\hadoop\http\FilterInitializer.java...
parsing D:\lda_demoGPT\local\data\hadoop\org\apache\hadoop\http\HttpServer.java...
parsing D:\lda_demoGPT\local\data\hadoop\org\apache\hadoop\io\AbstractMapWritable.java...
parsing D:\lda_demoGPT\local\data\hadoop\org\apache\hadoop\io\ArrayFile.java...
parsing D:\lda_demoGPT\local\data\hadoop\org\apache\hadoop\io\ArrayWritable.java...
parsing D:\lda_demoGPT\local\data\hadoop\org\apache\hadoop\io\BinaryComparable.java...
parsing D:\lda_demoGPT\local\data\hadoop\org\apache\hadoop\io\BooleanWritable.java...
parsing D:\lda_demoGPT\local\data\hadoop\org\apache\hadoop\io\BytesWritable.java...
parsing D:\lda_demoGPT\local\data\hadoop\org\apache\hadoop\io\ByteWritable.java...
parsing D:\lda_demoGPT\local\data\hadoop\org\apache\hadoop\io\Closeable.java...
parsing D:\lda_demoGPT\local\data\hadoop\org\apache\hadoop\io\compress\BlockCompressorStream.java...
parsing D:\lda_demoGPT\local\data\hadoop\org\apache\hadoop\io\compress\BlockDecompressorStream.java...
parsing D:\lda_demoGPT\local\data\hadoop\org\apache\hadoop\io\compress\bzip2\BZip2Constants.java...
parsing D:\lda_demoGPT\local\data\hadoop\org\apache\hadoop\io\compress\bzip2\CBZip2InputStream.java...
parsing D:\lda_demoGPT\local\data\hadoop\org\apache\hadoop\io\compress\bzip2\CBZip2OutputStream.java...
parsing D:\lda_demoGPT\local\data\hadoop\org\apache\hadoop\io\compress\bzip2\CRC.java...
parsing D:\lda_demoGPT\local\data\hadoop\org\apache\hadoop\io\compress\BZip2Codec.java...
parsing D:\lda_demoGPT\local\data\hadoop\org\apache\hadoop\io\compress\CodecPool.java...
parsing D:\lda_demoGPT\local\data\hadoop\org\apache\hadoop\io\compress\CompressionCodec.java...
parsing D:\lda_demoGPT\local\data\hadoop\org\apache\hadoop\io\compress\CompressionCodecFactory.java...
parsing D:\lda_demoGPT\local\data\hadoop\org\apache\hadoop\io\compress\CompressionInputStream.java...
parsing D:\lda_demoGPT\local\data\hadoop\org\apache\hadoop\io\compress\CompressionOutputStream.java...
parsing D:\lda_demoGPT\local\data\hadoop\org\apache\hadoop\io\compress\Compressor.java...
parsing D:\lda_demoGPT\local\data\hadoop\org\apache\hadoop\io\compress\CompressorStream.java...
parsing D:\lda_demoGPT\local\data\hadoop\org\apache\hadoop\io\compress\Decompressor.java...
parsing D:\lda_demoGPT\local\data\hadoop\org\apache\hadoop\io\compress\DecompressorStream.java...
parsing D:\lda_demoGPT\local\data\hadoop\org\apache\hadoop\io\compress\DefaultCodec.java...
parsing D:\lda_demoGPT\local\data\hadoop\org\apache\hadoop\io\compress\GzipCodec.java...
parsing D:\lda_demoGPT\local\data\hadoop\org\apache\hadoop\io\compress\lzo\LzoCompressor.java...
parsing D:\lda_demoGPT\local\data\hadoop\org\apache\hadoop\io\compress\lzo\LzoDecompressor.java...
parsing D:\lda_demoGPT\local\data\hadoop\org\apache\hadoop\io\compress\LzoCodec.java...
parsing D:\lda_demoGPT\local\data\hadoop\org\apache\hadoop\io\compress\LzopCodec.java...
parsing D:\lda_demoGPT\local\data\hadoop\org\apache\hadoop\io\compress\zlib\BuiltInZlibDeflater.java...
parsing D:\lda_demoGPT\local\data\hadoop\org\apache\hadoop\io\compress\zlib\BuiltInZlibInflater.java...
parsing D:\lda_demoGPT\local\data\hadoop\org\apache\hadoop\io\compress\zlib\ZlibCompressor.java...
parsing D:\lda_demoGPT\local\data\hadoop\org\apache\hadoop\io\compress\zlib\ZlibDecompressor.java...
parsing D:\lda_demoGPT\local\data\hadoop\org\apache\hadoop\io\compress\zlib\ZlibFactory.java...
parsing D:\lda_demoGPT\local\data\hadoop\org\apache\hadoop\io\CompressedWritable.java...
parsing D:\lda_demoGPT\local\data\hadoop\org\apache\hadoop\io\DataInputBuffer.java...
parsing D:\lda_demoGPT\local\data\hadoop\org\apache\hadoop\io\DataOutputBuffer.java...
parsing D:\lda_demoGPT\local\data\hadoop\org\apache\hadoop\io\DefaultStringifier.java...
parsing D:\lda_demoGPT\local\data\hadoop\org\apache\hadoop\io\DoubleWritable.java...
parsing D:\lda_demoGPT\local\data\hadoop\org\apache\hadoop\io\FloatWritable.java...
parsing D:\lda_demoGPT\local\data\hadoop\org\apache\hadoop\io\GenericWritable.java...
parsing D:\lda_demoGPT\local\data\hadoop\org\apache\hadoop\io\InputBuffer.java...
parsing D:\lda_demoGPT\local\data\hadoop\org\apache\hadoop\io\IntWritable.java...
parsing D:\lda_demoGPT\local\data\hadoop\org\apache\hadoop\io\IOUtils.java...
parsing D:\lda_demoGPT\local\data\hadoop\org\apache\hadoop\io\LongWritable.java...
parsing D:\lda_demoGPT\local\data\hadoop\org\apache\hadoop\io\MapFile.java...
parsing D:\lda_demoGPT\local\data\hadoop\org\apache\hadoop\io\MapWritable.java...
parsing D:\lda_demoGPT\local\data\hadoop\org\apache\hadoop\io\MD5Hash.java...
parsing D:\lda_demoGPT\local\data\hadoop\org\apache\hadoop\io\MultipleIOException.java...
parsing D:\lda_demoGPT\local\data\hadoop\org\apache\hadoop\io\NullWritable.java...
parsing D:\lda_demoGPT\local\data\hadoop\org\apache\hadoop\io\ObjectWritable.java...
parsing D:\lda_demoGPT\local\data\hadoop\org\apache\hadoop\io\OutputBuffer.java...
parsing D:\lda_demoGPT\local\data\hadoop\org\apache\hadoop\io\RawComparator.java...
parsing D:\lda_demoGPT\local\data\hadoop\org\apache\hadoop\io\retry\RetryInvocationHandler.java...
parsing D:\lda_demoGPT\local\data\hadoop\org\apache\hadoop\io\retry\RetryPolicies.java...
parsing D:\lda_demoGPT\local\data\hadoop\org\apache\hadoop\io\retry\RetryPolicy.java...
parsing D:\lda_demoGPT\local\data\hadoop\org\apache\hadoop\io\retry\RetryProxy.java...
parsing D:\lda_demoGPT\local\data\hadoop\org\apache\hadoop\io\SequenceFile.java...
parsing D:\lda_demoGPT\local\data\hadoop\org\apache\hadoop\io\serializer\Deserializer.java...
parsing D:\lda_demoGPT\local\data\hadoop\org\apache\hadoop\io\serializer\DeserializerComparator.java...
parsing D:\lda_demoGPT\local\data\hadoop\org\apache\hadoop\io\serializer\JavaSerialization.java...
parsing D:\lda_demoGPT\local\data\hadoop\org\apache\hadoop\io\serializer\JavaSerializationComparator.java...
parsing D:\lda_demoGPT\local\data\hadoop\org\apache\hadoop\io\serializer\Serialization.java...
parsing D:\lda_demoGPT\local\data\hadoop\org\apache\hadoop\io\serializer\SerializationFactory.java...
parsing D:\lda_demoGPT\local\data\hadoop\org\apache\hadoop\io\serializer\Serializer.java...
parsing D:\lda_demoGPT\local\data\hadoop\org\apache\hadoop\io\serializer\WritableSerialization.java...
parsing D:\lda_demoGPT\local\data\hadoop\org\apache\hadoop\io\SetFile.java...
parsing D:\lda_demoGPT\local\data\hadoop\org\apache\hadoop\io\SortedMapWritable.java...
parsing D:\lda_demoGPT\local\data\hadoop\org\apache\hadoop\io\Stringifier.java...
parsing D:\lda_demoGPT\local\data\hadoop\org\apache\hadoop\io\Text.java...
parsing D:\lda_demoGPT\local\data\hadoop\org\apache\hadoop\io\TwoDArrayWritable.java...
parsing D:\lda_demoGPT\local\data\hadoop\org\apache\hadoop\io\UTF8.java...
parsing D:\lda_demoGPT\local\data\hadoop\org\apache\hadoop\io\VersionedWritable.java...
parsing D:\lda_demoGPT\local\data\hadoop\org\apache\hadoop\io\VersionMismatchException.java...
parsing D:\lda_demoGPT\local\data\hadoop\org\apache\hadoop\io\VIntWritable.java...
parsing D:\lda_demoGPT\local\data\hadoop\org\apache\hadoop\io\VLongWritable.java...
parsing D:\lda_demoGPT\local\data\hadoop\org\apache\hadoop\io\Writable.java...
parsing D:\lda_demoGPT\local\data\hadoop\org\apache\hadoop\io\WritableComparable.java...
parsing D:\lda_demoGPT\local\data\hadoop\org\apache\hadoop\io\WritableComparator.java...
parsing D:\lda_demoGPT\local\data\hadoop\org\apache\hadoop\io\WritableFactories.java...
parsing D:\lda_demoGPT\local\data\hadoop\org\apache\hadoop\io\WritableFactory.java...
parsing D:\lda_demoGPT\local\data\hadoop\org\apache\hadoop\io\WritableName.java...
parsing D:\lda_demoGPT\local\data\hadoop\org\apache\hadoop\io\WritableUtils.java...
parsing D:\lda_demoGPT\local\data\hadoop\org\apache\hadoop\ipc\Client.java...
parsing D:\lda_demoGPT\local\data\hadoop\org\apache\hadoop\ipc\metrics\RpcMetrics.java...
parsing D:\lda_demoGPT\local\data\hadoop\org\apache\hadoop\ipc\metrics\RpcMgt.java...
parsing D:\lda_demoGPT\local\data\hadoop\org\apache\hadoop\ipc\metrics\RpcMgtMBean.java...
parsing D:\lda_demoGPT\local\data\hadoop\org\apache\hadoop\ipc\RemoteException.java...
parsing D:\lda_demoGPT\local\data\hadoop\org\apache\hadoop\ipc\RPC.java...
parsing D:\lda_demoGPT\local\data\hadoop\org\apache\hadoop\ipc\Server.java...
parsing D:\lda_demoGPT\local\data\hadoop\org\apache\hadoop\ipc\VersionedProtocol.java...
parsing D:\lda_demoGPT\local\data\hadoop\org\apache\hadoop\log\LogLevel.java...
parsing D:\lda_demoGPT\local\data\hadoop\org\apache\hadoop\metrics\ContextFactory.java...
parsing D:\lda_demoGPT\local\data\hadoop\org\apache\hadoop\metrics\file\FileContext.java...
parsing D:\lda_demoGPT\local\data\hadoop\org\apache\hadoop\metrics\ganglia\GangliaContext.java...
parsing D:\lda_demoGPT\local\data\hadoop\org\apache\hadoop\metrics\jvm\EventCounter.java...
parsing D:\lda_demoGPT\local\data\hadoop\org\apache\hadoop\metrics\jvm\JvmMetrics.java...
parsing D:\lda_demoGPT\local\data\hadoop\org\apache\hadoop\metrics\MetricsContext.java...
parsing D:\lda_demoGPT\local\data\hadoop\org\apache\hadoop\metrics\MetricsException.java...
parsing D:\lda_demoGPT\local\data\hadoop\org\apache\hadoop\metrics\MetricsRecord.java...
parsing D:\lda_demoGPT\local\data\hadoop\org\apache\hadoop\metrics\MetricsUtil.java...
parsing D:\lda_demoGPT\local\data\hadoop\org\apache\hadoop\metrics\spi\AbstractMetricsContext.java...
parsing D:\lda_demoGPT\local\data\hadoop\org\apache\hadoop\metrics\spi\MetricsRecordImpl.java...
parsing D:\lda_demoGPT\local\data\hadoop\org\apache\hadoop\metrics\spi\MetricValue.java...
parsing D:\lda_demoGPT\local\data\hadoop\org\apache\hadoop\metrics\spi\NullContext.java...
parsing D:\lda_demoGPT\local\data\hadoop\org\apache\hadoop\metrics\spi\NullContextWithUpdateThread.java...
parsing D:\lda_demoGPT\local\data\hadoop\org\apache\hadoop\metrics\spi\OutputRecord.java...
parsing D:\lda_demoGPT\local\data\hadoop\org\apache\hadoop\metrics\spi\Util.java...
parsing D:\lda_demoGPT\local\data\hadoop\org\apache\hadoop\metrics\Updater.java...
parsing D:\lda_demoGPT\local\data\hadoop\org\apache\hadoop\metrics\util\MBeanUtil.java...
parsing D:\lda_demoGPT\local\data\hadoop\org\apache\hadoop\metrics\util\MetricsIntValue.java...
parsing D:\lda_demoGPT\local\data\hadoop\org\apache\hadoop\metrics\util\MetricsLongValue.java...
parsing D:\lda_demoGPT\local\data\hadoop\org\apache\hadoop\metrics\util\MetricsTimeVaryingInt.java...
parsing D:\lda_demoGPT\local\data\hadoop\org\apache\hadoop\metrics\util\MetricsTimeVaryingRate.java...
parsing D:\lda_demoGPT\local\data\hadoop\org\apache\hadoop\net\CachedDNSToSwitchMapping.java...
parsing D:\lda_demoGPT\local\data\hadoop\org\apache\hadoop\net\DNS.java...
parsing D:\lda_demoGPT\local\data\hadoop\org\apache\hadoop\net\DNSToSwitchMapping.java...
parsing D:\lda_demoGPT\local\data\hadoop\org\apache\hadoop\net\NetUtils.java...
parsing D:\lda_demoGPT\local\data\hadoop\org\apache\hadoop\net\NetworkTopology.java...
parsing D:\lda_demoGPT\local\data\hadoop\org\apache\hadoop\net\Node.java...
parsing D:\lda_demoGPT\local\data\hadoop\org\apache\hadoop\net\NodeBase.java...
parsing D:\lda_demoGPT\local\data\hadoop\org\apache\hadoop\net\ScriptBasedMapping.java...
parsing D:\lda_demoGPT\local\data\hadoop\org\apache\hadoop\net\SocketInputStream.java...
parsing D:\lda_demoGPT\local\data\hadoop\org\apache\hadoop\net\SocketIOWithTimeout.java...
parsing D:\lda_demoGPT\local\data\hadoop\org\apache\hadoop\net\SocketOutputStream.java...
parsing D:\lda_demoGPT\local\data\hadoop\org\apache\hadoop\net\SocksSocketFactory.java...
parsing D:\lda_demoGPT\local\data\hadoop\org\apache\hadoop\net\StandardSocketFactory.java...
parsing D:\lda_demoGPT\local\data\hadoop\org\apache\hadoop\record\BinaryRecordInput.java...
parsing D:\lda_demoGPT\local\data\hadoop\org\apache\hadoop\record\BinaryRecordOutput.java...
parsing D:\lda_demoGPT\local\data\hadoop\org\apache\hadoop\record\Buffer.java...
parsing D:\lda_demoGPT\local\data\hadoop\org\apache\hadoop\record\compiler\ant\RccTask.java...
parsing D:\lda_demoGPT\local\data\hadoop\org\apache\hadoop\record\compiler\CGenerator.java...
parsing D:\lda_demoGPT\local\data\hadoop\org\apache\hadoop\record\compiler\CodeBuffer.java...
parsing D:\lda_demoGPT\local\data\hadoop\org\apache\hadoop\record\compiler\CodeGenerator.java...
parsing D:\lda_demoGPT\local\data\hadoop\org\apache\hadoop\record\compiler\Consts.java...
parsing D:\lda_demoGPT\local\data\hadoop\org\apache\hadoop\record\compiler\CppGenerator.java...
parsing D:\lda_demoGPT\local\data\hadoop\org\apache\hadoop\record\compiler\generated\ParseException.java...
parsing D:\lda_demoGPT\local\data\hadoop\org\apache\hadoop\record\compiler\generated\Rcc.java...
parsing D:\lda_demoGPT\local\data\hadoop\org\apache\hadoop\record\compiler\generated\RccConstants.java...
parsing D:\lda_demoGPT\local\data\hadoop\org\apache\hadoop\record\compiler\generated\RccTokenManager.java...
parsing D:\lda_demoGPT\local\data\hadoop\org\apache\hadoop\record\compiler\generated\SimpleCharStream.java...
parsing D:\lda_demoGPT\local\data\hadoop\org\apache\hadoop\record\compiler\generated\Token.java...
parsing D:\lda_demoGPT\local\data\hadoop\org\apache\hadoop\record\compiler\generated\TokenMgrError.java...
parsing D:\lda_demoGPT\local\data\hadoop\org\apache\hadoop\record\compiler\JavaGenerator.java...
parsing D:\lda_demoGPT\local\data\hadoop\org\apache\hadoop\record\compiler\JBoolean.java...
parsing D:\lda_demoGPT\local\data\hadoop\org\apache\hadoop\record\compiler\JBuffer.java...
parsing D:\lda_demoGPT\local\data\hadoop\org\apache\hadoop\record\compiler\JByte.java...
parsing D:\lda_demoGPT\local\data\hadoop\org\apache\hadoop\record\compiler\JCompType.java...
parsing D:\lda_demoGPT\local\data\hadoop\org\apache\hadoop\record\compiler\JDouble.java...
parsing D:\lda_demoGPT\local\data\hadoop\org\apache\hadoop\record\compiler\JField.java...
parsing D:\lda_demoGPT\local\data\hadoop\org\apache\hadoop\record\compiler\JFile.java...
parsing D:\lda_demoGPT\local\data\hadoop\org\apache\hadoop\record\compiler\JFloat.java...
parsing D:\lda_demoGPT\local\data\hadoop\org\apache\hadoop\record\compiler\JInt.java...
parsing D:\lda_demoGPT\local\data\hadoop\org\apache\hadoop\record\compiler\JLong.java...
parsing D:\lda_demoGPT\local\data\hadoop\org\apache\hadoop\record\compiler\JMap.java...
parsing D:\lda_demoGPT\local\data\hadoop\org\apache\hadoop\record\compiler\JRecord.java...
parsing D:\lda_demoGPT\local\data\hadoop\org\apache\hadoop\record\compiler\JString.java...
parsing D:\lda_demoGPT\local\data\hadoop\org\apache\hadoop\record\compiler\JType.java...
parsing D:\lda_demoGPT\local\data\hadoop\org\apache\hadoop\record\compiler\JVector.java...
parsing D:\lda_demoGPT\local\data\hadoop\org\apache\hadoop\record\CsvRecordInput.java...
parsing D:\lda_demoGPT\local\data\hadoop\org\apache\hadoop\record\CsvRecordOutput.java...
parsing D:\lda_demoGPT\local\data\hadoop\org\apache\hadoop\record\Index.java...
parsing D:\lda_demoGPT\local\data\hadoop\org\apache\hadoop\record\meta\FieldTypeInfo.java...
parsing D:\lda_demoGPT\local\data\hadoop\org\apache\hadoop\record\meta\MapTypeID.java...
parsing D:\lda_demoGPT\local\data\hadoop\org\apache\hadoop\record\meta\RecordTypeInfo.java...
parsing D:\lda_demoGPT\local\data\hadoop\org\apache\hadoop\record\meta\StructTypeID.java...
parsing D:\lda_demoGPT\local\data\hadoop\org\apache\hadoop\record\meta\TypeID.java...
parsing D:\lda_demoGPT\local\data\hadoop\org\apache\hadoop\record\meta\Utils.java...
parsing D:\lda_demoGPT\local\data\hadoop\org\apache\hadoop\record\meta\VectorTypeID.java...
parsing D:\lda_demoGPT\local\data\hadoop\org\apache\hadoop\record\Record.java...
parsing D:\lda_demoGPT\local\data\hadoop\org\apache\hadoop\record\RecordComparator.java...
parsing D:\lda_demoGPT\local\data\hadoop\org\apache\hadoop\record\RecordInput.java...
parsing D:\lda_demoGPT\local\data\hadoop\org\apache\hadoop\record\RecordOutput.java...
parsing D:\lda_demoGPT\local\data\hadoop\org\apache\hadoop\record\Utils.java...
parsing D:\lda_demoGPT\local\data\hadoop\org\apache\hadoop\record\XmlRecordInput.java...
parsing D:\lda_demoGPT\local\data\hadoop\org\apache\hadoop\record\XmlRecordOutput.java...
parsing D:\lda_demoGPT\local\data\hadoop\org\apache\hadoop\security\AccessControlException.java...
parsing D:\lda_demoGPT\local\data\hadoop\org\apache\hadoop\security\UnixUserGroupInformation.java...
parsing D:\lda_demoGPT\local\data\hadoop\org\apache\hadoop\security\UserGroupInformation.java...
parsing D:\lda_demoGPT\local\data\hadoop\org\apache\hadoop\util\Daemon.java...
parsing D:\lda_demoGPT\local\data\hadoop\org\apache\hadoop\util\DataChecksum.java...
parsing D:\lda_demoGPT\local\data\hadoop\org\apache\hadoop\util\DiskChecker.java...
parsing D:\lda_demoGPT\local\data\hadoop\org\apache\hadoop\util\GenericOptionsParser.java...
parsing D:\lda_demoGPT\local\data\hadoop\org\apache\hadoop\util\GenericsUtil.java...
parsing D:\lda_demoGPT\local\data\hadoop\org\apache\hadoop\util\HeapSort.java...
parsing D:\lda_demoGPT\local\data\hadoop\org\apache\hadoop\util\HostsFileReader.java...
parsing D:\lda_demoGPT\local\data\hadoop\org\apache\hadoop\util\IndexedSortable.java...
parsing D:\lda_demoGPT\local\data\hadoop\org\apache\hadoop\util\IndexedSorter.java...
parsing D:\lda_demoGPT\local\data\hadoop\org\apache\hadoop\util\LineReader.java...
parsing D:\lda_demoGPT\local\data\hadoop\org\apache\hadoop\util\MergeSort.java...
parsing D:\lda_demoGPT\local\data\hadoop\org\apache\hadoop\util\NativeCodeLoader.java...
parsing D:\lda_demoGPT\local\data\hadoop\org\apache\hadoop\util\PlatformName.java...
parsing D:\lda_demoGPT\local\data\hadoop\org\apache\hadoop\util\PrintJarMainClass.java...
parsing D:\lda_demoGPT\local\data\hadoop\org\apache\hadoop\util\PriorityQueue.java...
parsing D:\lda_demoGPT\local\data\hadoop\org\apache\hadoop\util\ProcfsBasedProcessTree.java...
parsing D:\lda_demoGPT\local\data\hadoop\org\apache\hadoop\util\ProgramDriver.java...
parsing D:\lda_demoGPT\local\data\hadoop\org\apache\hadoop\util\Progress.java...
parsing D:\lda_demoGPT\local\data\hadoop\org\apache\hadoop\util\Progressable.java...
parsing D:\lda_demoGPT\local\data\hadoop\org\apache\hadoop\util\QuickSort.java...
parsing D:\lda_demoGPT\local\data\hadoop\org\apache\hadoop\util\ReflectionUtils.java...
parsing D:\lda_demoGPT\local\data\hadoop\org\apache\hadoop\util\RunJar.java...
parsing D:\lda_demoGPT\local\data\hadoop\org\apache\hadoop\util\ServletUtil.java...
parsing D:\lda_demoGPT\local\data\hadoop\org\apache\hadoop\util\Shell.java...
parsing D:\lda_demoGPT\local\data\hadoop\org\apache\hadoop\util\StringUtils.java...
parsing D:\lda_demoGPT\local\data\hadoop\org\apache\hadoop\util\Tool.java...
parsing D:\lda_demoGPT\local\data\hadoop\org\apache\hadoop\util\ToolRunner.java...
parsing D:\lda_demoGPT\local\data\hadoop\org\apache\hadoop\util\UTF8ByteArrayUtils.java...
parsing D:\lda_demoGPT\local\data\hadoop\org\apache\hadoop\util\VersionInfo.java...
parsing D:\lda_demoGPT\local\data\hadoop\org\apache\hadoop\util\XMLUtils.java...
all files procceed successfully...
Resolve types and bindings of variables, methods and expressions....
Resolve type bindings....
FileSystem expected a type, but actually it is FunctionEntity
DatanodeCommand expected a type, but actually it is FunctionEntity
DatanodeCommand expected a type, but actually it is FunctionEntity
Configured expected a type, but actually it is FunctionEntity
Shell expected a type, but actually it is FunctionEntity
Dependency analaysing....
types and bindings resolved successfully...
Dependency done....
dependencie data generating...
Start create dependencies matrix....
Finish create dependencies matrix....
reorder dependency matrix...
Dependencies data generating done successfully...
Consumed time: 31.386 s,  or 0.5231 min.
