Start parsing files...
parsing D:\lda_demoGPT\local\data\arch_studio\edu\uci\isr\archstudio4\archlight\ArchlightElementIdentifier.java...
parsing D:\lda_demoGPT\local\data\arch_studio\edu\uci\isr\archstudio4\archlight\ArchlightIssue.java...
parsing D:\lda_demoGPT\local\data\arch_studio\edu\uci\isr\archstudio4\archlight\ArchlightNotice.java...
parsing D:\lda_demoGPT\local\data\arch_studio\edu\uci\isr\archstudio4\archlight\ArchlightTest.java...
parsing D:\lda_demoGPT\local\data\arch_studio\edu\uci\isr\archstudio4\archlight\ArchlightTestError.java...
parsing D:\lda_demoGPT\local\data\arch_studio\edu\uci\isr\archstudio4\archlight\ArchlightTestResult.java...
parsing D:\lda_demoGPT\local\data\arch_studio\edu\uci\isr\archstudio4\archlight\IArchlightTool.java...
parsing D:\lda_demoGPT\local\data\arch_studio\edu\uci\isr\archstudio4\Archstudio4Activator.java...
parsing D:\lda_demoGPT\local\data\arch_studio\edu\uci\isr\archstudio4\Bootstrap.java...
parsing D:\lda_demoGPT\local\data\arch_studio\edu\uci\isr\archstudio4\comp\aimlauncher\AIMLauncherEditor.java...
parsing D:\lda_demoGPT\local\data\arch_studio\edu\uci\isr\archstudio4\comp\aimlauncher\AIMLauncherMyxComponent.java...
parsing D:\lda_demoGPT\local\data\arch_studio\edu\uci\isr\archstudio4\comp\aimlauncher\AIMLauncherOutlinePage.java...
parsing D:\lda_demoGPT\local\data\arch_studio\edu\uci\isr\archstudio4\comp\archedit\ArchEditEditor.java...
parsing D:\lda_demoGPT\local\data\arch_studio\edu\uci\isr\archstudio4\comp\archedit\ArchEditMyxComponent.java...
parsing D:\lda_demoGPT\local\data\arch_studio\edu\uci\isr\archstudio4\comp\archedit\ArchEditOutlinePage.java...
parsing D:\lda_demoGPT\local\data\arch_studio\edu\uci\isr\archstudio4\comp\archipelago\AbstractArchipelagoTreePlugin.java...
parsing D:\lda_demoGPT\local\data\arch_studio\edu\uci\isr\archstudio4\comp\archipelago\activitydiagrams\ActivityDiagramsDoubleClickHandler.java...
parsing D:\lda_demoGPT\local\data\arch_studio\edu\uci\isr\archstudio4\comp\archipelago\activitydiagrams\ActivityDiagramsEditDescriptionCellModifier.java...
parsing D:\lda_demoGPT\local\data\arch_studio\edu\uci\isr\archstudio4\comp\archipelago\activitydiagrams\ActivityDiagramsEditDescriptionContextMenuFiller.java...
parsing D:\lda_demoGPT\local\data\arch_studio\edu\uci\isr\archstudio4\comp\archipelago\activitydiagrams\ActivityDiagramsEditorSupport.java...
parsing D:\lda_demoGPT\local\data\arch_studio\edu\uci\isr\archstudio4\comp\archipelago\activitydiagrams\ActivityDiagramsFileManagerListener.java...
parsing D:\lda_demoGPT\local\data\arch_studio\edu\uci\isr\archstudio4\comp\archipelago\activitydiagrams\ActivityDiagramsNewActivityDiagramContextMenuFiller.java...
parsing D:\lda_demoGPT\local\data\arch_studio\edu\uci\isr\archstudio4\comp\archipelago\activitydiagrams\ActivityDiagramsRemoveContextMenuFiller.java...
parsing D:\lda_demoGPT\local\data\arch_studio\edu\uci\isr\archstudio4\comp\archipelago\activitydiagrams\ActivityDiagramsTreeContentProvider.java...
parsing D:\lda_demoGPT\local\data\arch_studio\edu\uci\isr\archstudio4\comp\archipelago\activitydiagrams\ActivityDiagramsTreeLabelProvider.java...
parsing D:\lda_demoGPT\local\data\arch_studio\edu\uci\isr\archstudio4\comp\archipelago\activitydiagrams\ActivityDiagramsTreePlugin.java...
parsing D:\lda_demoGPT\local\data\arch_studio\edu\uci\isr\archstudio4\comp\archipelago\activitydiagrams\ActivityDiagramsXArchEventHandler.java...
parsing D:\lda_demoGPT\local\data\arch_studio\edu\uci\isr\archstudio4\comp\archipelago\activitydiagrams\editorsupport\events\ActivityDiagramsEvents.java...
parsing D:\lda_demoGPT\local\data\arch_studio\edu\uci\isr\archstudio4\comp\archipelago\activitydiagrams\editorsupport\logics\StructureNewElementLogic.java...
parsing D:\lda_demoGPT\local\data\arch_studio\edu\uci\isr\archstudio4\comp\archipelago\activitydiagrams\logic\util\ExportPPTLogic2.java...
parsing D:\lda_demoGPT\local\data\arch_studio\edu\uci\isr\archstudio4\comp\archipelago\activitydiagrams\logics\editing\ActivityDiagramNewElementLogic.java...
parsing D:\lda_demoGPT\local\data\arch_studio\edu\uci\isr\archstudio4\comp\archipelago\activitydiagrams\logics\editing\ActivityDiagramsEditorContextMenuAddDiagramLogic.java...
parsing D:\lda_demoGPT\local\data\arch_studio\edu\uci\isr\archstudio4\comp\archipelago\activitydiagrams\logics\mapping\MapXadlActionLogic.java...
parsing D:\lda_demoGPT\local\data\arch_studio\edu\uci\isr\archstudio4\comp\archipelago\activitydiagrams\logics\mapping\MapXadlActorLogic.java...
parsing D:\lda_demoGPT\local\data\arch_studio\edu\uci\isr\archstudio4\comp\archipelago\activitydiagrams\logics\mapping\MapXadlControlFlowLogic.java...
parsing D:\lda_demoGPT\local\data\arch_studio\edu\uci\isr\archstudio4\comp\archipelago\activitydiagrams\logics\mapping\MapXadlDecisionMergeLogic.java...
parsing D:\lda_demoGPT\local\data\arch_studio\edu\uci\isr\archstudio4\comp\archipelago\activitydiagrams\logics\mapping\MapXadlForkJoinLogic.java...
parsing D:\lda_demoGPT\local\data\arch_studio\edu\uci\isr\archstudio4\comp\archipelago\activitydiagrams\logics\mapping\MapXadlNoteLogic.java...
parsing D:\lda_demoGPT\local\data\arch_studio\edu\uci\isr\archstudio4\comp\archipelago\activitydiagrams\logics\mapping\MapXadlReferenceLogic.java...
parsing D:\lda_demoGPT\local\data\arch_studio\edu\uci\isr\archstudio4\comp\archipelago\ArchipelagoConstants.java...
parsing D:\lda_demoGPT\local\data\arch_studio\edu\uci\isr\archstudio4\comp\archipelago\ArchipelagoDataCache.java...
parsing D:\lda_demoGPT\local\data\arch_studio\edu\uci\isr\archstudio4\comp\archipelago\ArchipelagoEditor.java...
parsing D:\lda_demoGPT\local\data\arch_studio\edu\uci\isr\archstudio4\comp\archipelago\ArchipelagoMyxComponent.java...
parsing D:\lda_demoGPT\local\data\arch_studio\edu\uci\isr\archstudio4\comp\archipelago\ArchipelagoOutlinePage.java...
parsing D:\lda_demoGPT\local\data\arch_studio\edu\uci\isr\archstudio4\comp\archipelago\ArchipelagoServices.java...
parsing D:\lda_demoGPT\local\data\arch_studio\edu\uci\isr\archstudio4\comp\archipelago\ArchipelagoUtils.java...
parsing D:\lda_demoGPT\local\data\arch_studio\edu\uci\isr\archstudio4\comp\archipelago\archstructure\logics\mapping\MapXadlLinkLogic.java...
parsing D:\lda_demoGPT\local\data\arch_studio\edu\uci\isr\archstudio4\comp\archipelago\codegen\BrickContentProvider.java...
parsing D:\lda_demoGPT\local\data\arch_studio\edu\uci\isr\archstudio4\comp\archipelago\codegen\BrickInterfaceSelectorLogic.java...
parsing D:\lda_demoGPT\local\data\arch_studio\edu\uci\isr\archstudio4\comp\archipelago\codegen\BrickLabel.java...
parsing D:\lda_demoGPT\local\data\arch_studio\edu\uci\isr\archstudio4\comp\archipelago\codegen\BrickLabelList.java...
parsing D:\lda_demoGPT\local\data\arch_studio\edu\uci\isr\archstudio4\comp\archipelago\codegen\BrickLabelProvider.java...
parsing D:\lda_demoGPT\local\data\arch_studio\edu\uci\isr\archstudio4\comp\archipelago\codegen\BrickList.java...
parsing D:\lda_demoGPT\local\data\arch_studio\edu\uci\isr\archstudio4\comp\archipelago\codegen\BrickSelectorLogic.java...
parsing D:\lda_demoGPT\local\data\arch_studio\edu\uci\isr\archstudio4\comp\archipelago\codegen\CodeGenLogic.java...
parsing D:\lda_demoGPT\local\data\arch_studio\edu\uci\isr\archstudio4\comp\archipelago\codegen\EditorUtil.java...
parsing D:\lda_demoGPT\local\data\arch_studio\edu\uci\isr\archstudio4\comp\archipelago\codegen\ExternalBrickSelectorLogic.java...
parsing D:\lda_demoGPT\local\data\arch_studio\edu\uci\isr\archstudio4\comp\archipelago\codegen\SWTBrickSelectorThing.java...
parsing D:\lda_demoGPT\local\data\arch_studio\edu\uci\isr\archstudio4\comp\archipelago\codegen\SWTBrickSelectorThingPeer.java...
parsing D:\lda_demoGPT\local\data\arch_studio\edu\uci\isr\archstudio4\comp\archipelago\DefaultArchipelagoEventBus.java...
parsing D:\lda_demoGPT\local\data\arch_studio\edu\uci\isr\archstudio4\comp\archipelago\FolderNode.java...
parsing D:\lda_demoGPT\local\data\arch_studio\edu\uci\isr\archstudio4\comp\archipelago\FolderNodeLabelProvider.java...
parsing D:\lda_demoGPT\local\data\arch_studio\edu\uci\isr\archstudio4\comp\archipelago\FolderNodeTreePlugin.java...
parsing D:\lda_demoGPT\local\data\arch_studio\edu\uci\isr\archstudio4\comp\archipelago\generic\logics\coordinating\MaintainXadlLinksLogic.java...
parsing D:\lda_demoGPT\local\data\arch_studio\edu\uci\isr\archstudio4\comp\archipelago\generic\logics\editing\AlignSignatureInterfaceMappingsLogic.java...
parsing D:\lda_demoGPT\local\data\arch_studio\edu\uci\isr\archstudio4\comp\archipelago\generic\logics\editing\dialogs\OptionsDialog.java...
parsing D:\lda_demoGPT\local\data\arch_studio\edu\uci\isr\archstudio4\comp\archipelago\generic\logics\editing\dialogs\OptionsDialogContentProvider.java...
parsing D:\lda_demoGPT\local\data\arch_studio\edu\uci\isr\archstudio4\comp\archipelago\generic\logics\editing\dialogs\OptionsDialogLabelProvider.java...
parsing D:\lda_demoGPT\local\data\arch_studio\edu\uci\isr\archstudio4\comp\archipelago\generic\logics\editing\XadlCopyPasteLogic.java...
parsing D:\lda_demoGPT\local\data\arch_studio\edu\uci\isr\archstudio4\comp\archipelago\generic\logics\editing\XadlEditDescriptionLogic.java...
parsing D:\lda_demoGPT\local\data\arch_studio\edu\uci\isr\archstudio4\comp\archipelago\generic\logics\editing\XadlRemoveElementLogic.java...
parsing D:\lda_demoGPT\local\data\arch_studio\edu\uci\isr\archstudio4\comp\archipelago\generic\logics\editing\XadlSelectionProviderLogic.java...
parsing D:\lda_demoGPT\local\data\arch_studio\edu\uci\isr\archstudio4\comp\archipelago\generic\logics\hints\XAdlHintRepository.java...
parsing D:\lda_demoGPT\local\data\arch_studio\edu\uci\isr\archstudio4\comp\archipelago\generic\logics\mapping\AbstractAutomapSingleAssemblyXArchRelativePathMappingLogic.java...
parsing D:\lda_demoGPT\local\data\arch_studio\edu\uci\isr\archstudio4\comp\archipelago\generic\logics\mapping\BNAPath.java...
parsing D:\lda_demoGPT\local\data\arch_studio\edu\uci\isr\archstudio4\comp\archipelago\generic\logics\mapping\MapXadlDirectionalSplineLogic.java...
parsing D:\lda_demoGPT\local\data\arch_studio\edu\uci\isr\archstudio4\comp\archipelago\generic\logics\mapping\MapXadlNondirectionalSplineLogic.java...
parsing D:\lda_demoGPT\local\data\arch_studio\edu\uci\isr\archstudio4\comp\archipelago\generic\logics\mapping\MapXadlSplineLogic.java...
parsing D:\lda_demoGPT\local\data\arch_studio\edu\uci\isr\archstudio4\comp\archipelago\generic\logics\mapping\SingleAssemblyXadlMappingLogic.java...
parsing D:\lda_demoGPT\local\data\arch_studio\edu\uci\isr\archstudio4\comp\archipelago\IArchipelagoEditorFocuser.java...
parsing D:\lda_demoGPT\local\data\arch_studio\edu\uci\isr\archstudio4\comp\archipelago\IArchipelagoEditorPane.java...
parsing D:\lda_demoGPT\local\data\arch_studio\edu\uci\isr\archstudio4\comp\archipelago\IArchipelagoEvent.java...
parsing D:\lda_demoGPT\local\data\arch_studio\edu\uci\isr\archstudio4\comp\archipelago\IArchipelagoEventBus.java...
parsing D:\lda_demoGPT\local\data\arch_studio\edu\uci\isr\archstudio4\comp\archipelago\IArchipelagoEventListener.java...
parsing D:\lda_demoGPT\local\data\arch_studio\edu\uci\isr\archstudio4\comp\archipelago\IArchipelagoLabelProvider.java...
parsing D:\lda_demoGPT\local\data\arch_studio\edu\uci\isr\archstudio4\comp\archipelago\IArchipelagoTreeContentProvider.java...
parsing D:\lda_demoGPT\local\data\arch_studio\edu\uci\isr\archstudio4\comp\archipelago\IArchipelagoTreeContextMenuFiller.java...
parsing D:\lda_demoGPT\local\data\arch_studio\edu\uci\isr\archstudio4\comp\archipelago\IArchipelagoTreeDoubleClickHandler.java...
parsing D:\lda_demoGPT\local\data\arch_studio\edu\uci\isr\archstudio4\comp\archipelago\IArchipelagoTreeNodeDataCache.java...
parsing D:\lda_demoGPT\local\data\arch_studio\edu\uci\isr\archstudio4\comp\archipelago\IArchipelagoTreePlugin.java...
parsing D:\lda_demoGPT\local\data\arch_studio\edu\uci\isr\archstudio4\comp\archipelago\IXArchEventHandlerLogic.java...
parsing D:\lda_demoGPT\local\data\arch_studio\edu\uci\isr\archstudio4\comp\archipelago\ObjRefTransfer.java...
parsing D:\lda_demoGPT\local\data\arch_studio\edu\uci\isr\archstudio4\comp\archipelago\options\EditOptionalLogic.java...
parsing D:\lda_demoGPT\local\data\arch_studio\edu\uci\isr\archstudio4\comp\archipelago\options\OptionsEventListener.java...
parsing D:\lda_demoGPT\local\data\arch_studio\edu\uci\isr\archstudio4\comp\archipelago\options\OptionsTreePlugin.java...
parsing D:\lda_demoGPT\local\data\arch_studio\edu\uci\isr\archstudio4\comp\archipelago\options\OptionsUtils.java...
parsing D:\lda_demoGPT\local\data\arch_studio\edu\uci\isr\archstudio4\comp\archipelago\prefs\ArchipelagoPreferencePanel.java...
parsing D:\lda_demoGPT\local\data\arch_studio\edu\uci\isr\archstudio4\comp\archipelago\prefs\ArchipelagoPrefsMyxComponent.java...
parsing D:\lda_demoGPT\local\data\arch_studio\edu\uci\isr\archstudio4\comp\archipelago\prefs\types\ArchipelagoTypesPreferencePanel.java...
parsing D:\lda_demoGPT\local\data\arch_studio\edu\uci\isr\archstudio4\comp\archipelago\prefs\types\ArchipelagoTypesPrefsMyxComponent.java...
parsing D:\lda_demoGPT\local\data\arch_studio\edu\uci\isr\archstudio4\comp\archipelago\RootContentProvider.java...
parsing D:\lda_demoGPT\local\data\arch_studio\edu\uci\isr\archstudio4\comp\archipelago\RootLabelProvider.java...
parsing D:\lda_demoGPT\local\data\arch_studio\edu\uci\isr\archstudio4\comp\archipelago\RootTreePlugin.java...
parsing D:\lda_demoGPT\local\data\arch_studio\edu\uci\isr\archstudio4\comp\archipelago\statecharts\logics\editing\StatechartsNewElementLogic.java...
parsing D:\lda_demoGPT\local\data\arch_studio\edu\uci\isr\archstudio4\comp\archipelago\statecharts\logics\mapping\MapXadlFinalStateLogic.java...
parsing D:\lda_demoGPT\local\data\arch_studio\edu\uci\isr\archstudio4\comp\archipelago\statecharts\logics\mapping\MapXadlInitialStateLogic.java...
parsing D:\lda_demoGPT\local\data\arch_studio\edu\uci\isr\archstudio4\comp\archipelago\statecharts\logics\mapping\MapXadlStateLogic.java...
parsing D:\lda_demoGPT\local\data\arch_studio\edu\uci\isr\archstudio4\comp\archipelago\statecharts\logics\mapping\MapXadlTransitionLogic.java...
parsing D:\lda_demoGPT\local\data\arch_studio\edu\uci\isr\archstudio4\comp\archipelago\statecharts\StatechartsDoubleClickHandler.java...
parsing D:\lda_demoGPT\local\data\arch_studio\edu\uci\isr\archstudio4\comp\archipelago\statecharts\StatechartsEditDescriptionCellModifier.java...
parsing D:\lda_demoGPT\local\data\arch_studio\edu\uci\isr\archstudio4\comp\archipelago\statecharts\StatechartsEditDescriptionContextMenuFiller.java...
parsing D:\lda_demoGPT\local\data\arch_studio\edu\uci\isr\archstudio4\comp\archipelago\statecharts\StatechartsEditorSupport.java...
parsing D:\lda_demoGPT\local\data\arch_studio\edu\uci\isr\archstudio4\comp\archipelago\statecharts\StatechartsEvents.java...
parsing D:\lda_demoGPT\local\data\arch_studio\edu\uci\isr\archstudio4\comp\archipelago\statecharts\StatechartsFileManagerListener.java...
parsing D:\lda_demoGPT\local\data\arch_studio\edu\uci\isr\archstudio4\comp\archipelago\statecharts\StatechartsNewStatechartContextMenuFiller.java...
parsing D:\lda_demoGPT\local\data\arch_studio\edu\uci\isr\archstudio4\comp\archipelago\statecharts\StatechartsRemoveContextMenuFiller.java...
parsing D:\lda_demoGPT\local\data\arch_studio\edu\uci\isr\archstudio4\comp\archipelago\statecharts\StatechartsTreeContentProvider.java...
parsing D:\lda_demoGPT\local\data\arch_studio\edu\uci\isr\archstudio4\comp\archipelago\statecharts\StatechartsTreeLabelProvider.java...
parsing D:\lda_demoGPT\local\data\arch_studio\edu\uci\isr\archstudio4\comp\archipelago\statecharts\StatechartsTreePlugin.java...
parsing D:\lda_demoGPT\local\data\arch_studio\edu\uci\isr\archstudio4\comp\archipelago\statecharts\StatechartsXArchEventHandler.java...
parsing D:\lda_demoGPT\local\data\arch_studio\edu\uci\isr\archstudio4\comp\archipelago\stateline\StatelineEventListener.java...
parsing D:\lda_demoGPT\local\data\arch_studio\edu\uci\isr\archstudio4\comp\archipelago\stateline\StatelineStatechartsLogic.java...
parsing D:\lda_demoGPT\local\data\arch_studio\edu\uci\isr\archstudio4\comp\archipelago\stateline\StatelineStructureLogic.java...
parsing D:\lda_demoGPT\local\data\arch_studio\edu\uci\isr\archstudio4\comp\archipelago\stateline\StatelineTreePlugin.java...
parsing D:\lda_demoGPT\local\data\arch_studio\edu\uci\isr\archstudio4\comp\archipelago\stateline\StatelineUtils.java...
parsing D:\lda_demoGPT\local\data\arch_studio\edu\uci\isr\archstudio4\comp\archipelago\things\SWTXadlSelectorThing.java...
parsing D:\lda_demoGPT\local\data\arch_studio\edu\uci\isr\archstudio4\comp\archipelago\things\SWTXadlSelectorThingPeer.java...
parsing D:\lda_demoGPT\local\data\arch_studio\edu\uci\isr\archstudio4\comp\archipelago\TreeNodeDataCache.java...
parsing D:\lda_demoGPT\local\data\arch_studio\edu\uci\isr\archstudio4\comp\archipelago\types\ArchipelagoTypesConstants.java...
parsing D:\lda_demoGPT\local\data\arch_studio\edu\uci\isr\archstudio4\comp\archipelago\types\StructureAssignTypeLogic.java...
parsing D:\lda_demoGPT\local\data\arch_studio\edu\uci\isr\archstudio4\comp\archipelago\types\StructureDoubleClickHandler.java...
parsing D:\lda_demoGPT\local\data\arch_studio\edu\uci\isr\archstudio4\comp\archipelago\types\StructureEditColorLogic.java...
parsing D:\lda_demoGPT\local\data\arch_studio\edu\uci\isr\archstudio4\comp\archipelago\types\StructureEditDescriptionCellModifier.java...
parsing D:\lda_demoGPT\local\data\arch_studio\edu\uci\isr\archstudio4\comp\archipelago\types\StructureEditDescriptionContextMenuFiller.java...
parsing D:\lda_demoGPT\local\data\arch_studio\edu\uci\isr\archstudio4\comp\archipelago\types\StructureEditDescriptionLogic.java...
parsing D:\lda_demoGPT\local\data\arch_studio\edu\uci\isr\archstudio4\comp\archipelago\types\StructureEditDirectionLogic.java...
parsing D:\lda_demoGPT\local\data\arch_studio\edu\uci\isr\archstudio4\comp\archipelago\types\StructureEditorFocuser.java...
parsing D:\lda_demoGPT\local\data\arch_studio\edu\uci\isr\archstudio4\comp\archipelago\types\StructureEditorSupport.java...
parsing D:\lda_demoGPT\local\data\arch_studio\edu\uci\isr\archstudio4\comp\archipelago\types\StructureEvents.java...
parsing D:\lda_demoGPT\local\data\arch_studio\edu\uci\isr\archstudio4\comp\archipelago\types\StructureFileManagerListener.java...
parsing D:\lda_demoGPT\local\data\arch_studio\edu\uci\isr\archstudio4\comp\archipelago\types\StructureGraphLayoutLogic.java...
parsing D:\lda_demoGPT\local\data\arch_studio\edu\uci\isr\archstudio4\comp\archipelago\types\StructureHintSupport.java...
parsing D:\lda_demoGPT\local\data\arch_studio\edu\uci\isr\archstudio4\comp\archipelago\types\StructureInterfaceLocationsLogic.java...
parsing D:\lda_demoGPT\local\data\arch_studio\edu\uci\isr\archstudio4\comp\archipelago\types\StructureMapper.java...
parsing D:\lda_demoGPT\local\data\arch_studio\edu\uci\isr\archstudio4\comp\archipelago\types\StructureMapSignatureLogic.java...
parsing D:\lda_demoGPT\local\data\arch_studio\edu\uci\isr\archstudio4\comp\archipelago\types\StructureNewElementLogic.java...
parsing D:\lda_demoGPT\local\data\arch_studio\edu\uci\isr\archstudio4\comp\archipelago\types\StructureNewInterfaceLogic.java...
parsing D:\lda_demoGPT\local\data\arch_studio\edu\uci\isr\archstudio4\comp\archipelago\types\StructureNewStructureContextMenuFiller.java...
parsing D:\lda_demoGPT\local\data\arch_studio\edu\uci\isr\archstudio4\comp\archipelago\types\StructureRemoveContextMenuFiller.java...
parsing D:\lda_demoGPT\local\data\arch_studio\edu\uci\isr\archstudio4\comp\archipelago\types\StructureTreeContentProvider.java...
parsing D:\lda_demoGPT\local\data\arch_studio\edu\uci\isr\archstudio4\comp\archipelago\types\StructureTreeLabelProvider.java...
parsing D:\lda_demoGPT\local\data\arch_studio\edu\uci\isr\archstudio4\comp\archipelago\types\StructureTreePlugin.java...
parsing D:\lda_demoGPT\local\data\arch_studio\edu\uci\isr\archstudio4\comp\archipelago\types\StructureTypeDropLogic.java...
parsing D:\lda_demoGPT\local\data\arch_studio\edu\uci\isr\archstudio4\comp\archipelago\types\StructureXArchEventHandler.java...
parsing D:\lda_demoGPT\local\data\arch_studio\edu\uci\isr\archstudio4\comp\archipelago\types\StructureXArchEventHandlerLogic.java...
parsing D:\lda_demoGPT\local\data\arch_studio\edu\uci\isr\archstudio4\comp\archipelago\types\TypesAssignStructureLogic.java...
parsing D:\lda_demoGPT\local\data\arch_studio\edu\uci\isr\archstudio4\comp\archipelago\types\TypesCreateSIMLogic.java...
parsing D:\lda_demoGPT\local\data\arch_studio\edu\uci\isr\archstudio4\comp\archipelago\types\TypesDoubleClickHandler.java...
parsing D:\lda_demoGPT\local\data\arch_studio\edu\uci\isr\archstudio4\comp\archipelago\types\TypesEditColorLogic.java...
parsing D:\lda_demoGPT\local\data\arch_studio\edu\uci\isr\archstudio4\comp\archipelago\types\TypesEditDescriptionCellModifier.java...
parsing D:\lda_demoGPT\local\data\arch_studio\edu\uci\isr\archstudio4\comp\archipelago\types\TypesEditDescriptionContextMenuFiller.java...
parsing D:\lda_demoGPT\local\data\arch_studio\edu\uci\isr\archstudio4\comp\archipelago\types\TypesEditDescriptionLogic.java...
parsing D:\lda_demoGPT\local\data\arch_studio\edu\uci\isr\archstudio4\comp\archipelago\types\TypesEditDirectionLogic.java...
parsing D:\lda_demoGPT\local\data\arch_studio\edu\uci\isr\archstudio4\comp\archipelago\types\TypesEditorFocuser.java...
parsing D:\lda_demoGPT\local\data\arch_studio\edu\uci\isr\archstudio4\comp\archipelago\types\TypesEditorSupport.java...
parsing D:\lda_demoGPT\local\data\arch_studio\edu\uci\isr\archstudio4\comp\archipelago\types\TypesEvents.java...
parsing D:\lda_demoGPT\local\data\arch_studio\edu\uci\isr\archstudio4\comp\archipelago\types\TypesFileManagerListener.java...
parsing D:\lda_demoGPT\local\data\arch_studio\edu\uci\isr\archstudio4\comp\archipelago\types\TypesHintSupport.java...
parsing D:\lda_demoGPT\local\data\arch_studio\edu\uci\isr\archstudio4\comp\archipelago\types\TypesMapper.java...
parsing D:\lda_demoGPT\local\data\arch_studio\edu\uci\isr\archstudio4\comp\archipelago\types\TypesNewSignatureLogic.java...
parsing D:\lda_demoGPT\local\data\arch_studio\edu\uci\isr\archstudio4\comp\archipelago\types\TypesNewTypeContextMenuFiller.java...
parsing D:\lda_demoGPT\local\data\arch_studio\edu\uci\isr\archstudio4\comp\archipelago\types\TypesNewTypeSetContextMenuFiller.java...
parsing D:\lda_demoGPT\local\data\arch_studio\edu\uci\isr\archstudio4\comp\archipelago\types\TypesRemoveContextMenuFiller.java...
parsing D:\lda_demoGPT\local\data\arch_studio\edu\uci\isr\archstudio4\comp\archipelago\types\TypesRemoveDeadSIMLogic.java...
parsing D:\lda_demoGPT\local\data\arch_studio\edu\uci\isr\archstudio4\comp\archipelago\types\TypesRemoveLogic.java...
parsing D:\lda_demoGPT\local\data\arch_studio\edu\uci\isr\archstudio4\comp\archipelago\types\TypesRemoveTypeSetContextMenuFiller.java...
parsing D:\lda_demoGPT\local\data\arch_studio\edu\uci\isr\archstudio4\comp\archipelago\types\TypesStructureDropLogic.java...
parsing D:\lda_demoGPT\local\data\arch_studio\edu\uci\isr\archstudio4\comp\archipelago\types\TypesTreeContentProvider.java...
parsing D:\lda_demoGPT\local\data\arch_studio\edu\uci\isr\archstudio4\comp\archipelago\types\TypesTreeDragSourceListener.java...
parsing D:\lda_demoGPT\local\data\arch_studio\edu\uci\isr\archstudio4\comp\archipelago\types\TypesTreeLabelProvider.java...
parsing D:\lda_demoGPT\local\data\arch_studio\edu\uci\isr\archstudio4\comp\archipelago\types\TypesTreePlugin.java...
parsing D:\lda_demoGPT\local\data\arch_studio\edu\uci\isr\archstudio4\comp\archipelago\types\TypesTypeDropLogic.java...
parsing D:\lda_demoGPT\local\data\arch_studio\edu\uci\isr\archstudio4\comp\archipelago\types\TypesXArchEventHandler.java...
parsing D:\lda_demoGPT\local\data\arch_studio\edu\uci\isr\archstudio4\comp\archipelago\types\TypesXArchEventHandlerLogic.java...
parsing D:\lda_demoGPT\local\data\arch_studio\edu\uci\isr\archstudio4\comp\archipelago\util\AbstractEditDescriptionCellModifier.java...
parsing D:\lda_demoGPT\local\data\arch_studio\edu\uci\isr\archstudio4\comp\archipelago\util\AbstractEditDescriptionContextMenuFiller.java...
parsing D:\lda_demoGPT\local\data\arch_studio\edu\uci\isr\archstudio4\comp\archipelago\util\AbstractEditDescriptionLogic.java...
parsing D:\lda_demoGPT\local\data\arch_studio\edu\uci\isr\archstudio4\comp\archipelago\util\AbstractEditDirectionLogic.java...
parsing D:\lda_demoGPT\local\data\arch_studio\edu\uci\isr\archstudio4\comp\archipelago\util\AbstractEditGuardLogic.java...
parsing D:\lda_demoGPT\local\data\arch_studio\edu\uci\isr\archstudio4\comp\archipelago\util\AbstractRemoveContextMenuFiller.java...
parsing D:\lda_demoGPT\local\data\arch_studio\edu\uci\isr\archstudio4\comp\archipelago\util\AbstractRemoveLogic.java...
parsing D:\lda_demoGPT\local\data\arch_studio\edu\uci\isr\archstudio4\comp\archipelago\util\AbstractTypeDropLogic.java...
parsing D:\lda_demoGPT\local\data\arch_studio\edu\uci\isr\archstudio4\comp\archipelago\util\AbstractXadlSelectorLogic.java...
parsing D:\lda_demoGPT\local\data\arch_studio\edu\uci\isr\archstudio4\comp\archipelago\util\ArchipelagoFinder.java...
parsing D:\lda_demoGPT\local\data\arch_studio\edu\uci\isr\archstudio4\comp\archipelago\util\ArrayPropertyCoder.java...
parsing D:\lda_demoGPT\local\data\arch_studio\edu\uci\isr\archstudio4\comp\archipelago\util\BasicPropertyCoder.java...
parsing D:\lda_demoGPT\local\data\arch_studio\edu\uci\isr\archstudio4\comp\archipelago\util\BasicSWTPropertyCoder.java...
parsing D:\lda_demoGPT\local\data\arch_studio\edu\uci\isr\archstudio4\comp\archipelago\util\EnumPropertyCoder.java...
parsing D:\lda_demoGPT\local\data\arch_studio\edu\uci\isr\archstudio4\comp\archipelago\util\FileDirtyLogic.java...
parsing D:\lda_demoGPT\local\data\arch_studio\edu\uci\isr\archstudio4\comp\archipelago\util\HintSupport.java...
parsing D:\lda_demoGPT\local\data\arch_studio\edu\uci\isr\archstudio4\comp\archipelago\util\InterfaceLocationSyncUtils.java...
parsing D:\lda_demoGPT\local\data\arch_studio\edu\uci\isr\archstudio4\comp\archipelago\util\IPropertyCoder.java...
parsing D:\lda_demoGPT\local\data\arch_studio\edu\uci\isr\archstudio4\comp\archipelago\util\PropertyDecodeException.java...
parsing D:\lda_demoGPT\local\data\arch_studio\edu\uci\isr\archstudio4\comp\archipelago\variants\AddVariantLogic.java...
parsing D:\lda_demoGPT\local\data\arch_studio\edu\uci\isr\archstudio4\comp\archipelago\variants\EditVariantsLogic.java...
parsing D:\lda_demoGPT\local\data\arch_studio\edu\uci\isr\archstudio4\comp\archipelago\variants\PromoteToVariantLogic.java...
parsing D:\lda_demoGPT\local\data\arch_studio\edu\uci\isr\archstudio4\comp\archipelago\variants\VariantsEventListener.java...
parsing D:\lda_demoGPT\local\data\arch_studio\edu\uci\isr\archstudio4\comp\archipelago\variants\VariantsTreePlugin.java...
parsing D:\lda_demoGPT\local\data\arch_studio\edu\uci\isr\archstudio4\comp\archlight\ArchlightConstants.java...
parsing D:\lda_demoGPT\local\data\arch_studio\edu\uci\isr\archstudio4\comp\archlight\ArchlightDocTest.java...
parsing D:\lda_demoGPT\local\data\arch_studio\edu\uci\isr\archstudio4\comp\archlight\ArchlightEditor.java...
parsing D:\lda_demoGPT\local\data\arch_studio\edu\uci\isr\archstudio4\comp\archlight\ArchlightMyxComponent.java...
parsing D:\lda_demoGPT\local\data\arch_studio\edu\uci\isr\archstudio4\comp\archlight\ArchlightOutlinePage.java...
parsing D:\lda_demoGPT\local\data\arch_studio\edu\uci\isr\archstudio4\comp\archlight\ArchlightToolAggregatorMyxComponent.java...
parsing D:\lda_demoGPT\local\data\arch_studio\edu\uci\isr\archstudio4\comp\archlight\ArchlightUtils.java...
parsing D:\lda_demoGPT\local\data\arch_studio\edu\uci\isr\archstudio4\comp\archlight\DoubleClickAction.java...
parsing D:\lda_demoGPT\local\data\arch_studio\edu\uci\isr\archstudio4\comp\archlight\FolderNode.java...
parsing D:\lda_demoGPT\local\data\arch_studio\edu\uci\isr\archstudio4\comp\archlight\issueadt\ArchlightIssueADT.java...
parsing D:\lda_demoGPT\local\data\arch_studio\edu\uci\isr\archstudio4\comp\archlight\issueadt\ArchlightIssueADTEvent.java...
parsing D:\lda_demoGPT\local\data\arch_studio\edu\uci\isr\archstudio4\comp\archlight\issueadt\ArchlightIssueADTListener.java...
parsing D:\lda_demoGPT\local\data\arch_studio\edu\uci\isr\archstudio4\comp\archlight\issueadt\ArchlightIssueADTMyxComponent.java...
parsing D:\lda_demoGPT\local\data\arch_studio\edu\uci\isr\archstudio4\comp\archlight\issueadt\IArchlightIssueADT.java...
parsing D:\lda_demoGPT\local\data\arch_studio\edu\uci\isr\archstudio4\comp\archlight\issueview\ArchlightIssueView.java...
parsing D:\lda_demoGPT\local\data\arch_studio\edu\uci\isr\archstudio4\comp\archlight\issueview\ArchlightIssueViewMyxComponent.java...
parsing D:\lda_demoGPT\local\data\arch_studio\edu\uci\isr\archstudio4\comp\archlight\noticeadt\ArchlightNoticeADT.java...
parsing D:\lda_demoGPT\local\data\arch_studio\edu\uci\isr\archstudio4\comp\archlight\noticeadt\ArchlightNoticeADTEvent.java...
parsing D:\lda_demoGPT\local\data\arch_studio\edu\uci\isr\archstudio4\comp\archlight\noticeadt\ArchlightNoticeADTListener.java...
parsing D:\lda_demoGPT\local\data\arch_studio\edu\uci\isr\archstudio4\comp\archlight\noticeadt\ArchlightNoticeADTMyxComponent.java...
parsing D:\lda_demoGPT\local\data\arch_studio\edu\uci\isr\archstudio4\comp\archlight\noticeadt\IArchlightNoticeADT.java...
parsing D:\lda_demoGPT\local\data\arch_studio\edu\uci\isr\archstudio4\comp\archlight\noticeview\ArchlightNoticeView.java...
parsing D:\lda_demoGPT\local\data\arch_studio\edu\uci\isr\archstudio4\comp\archlight\noticeview\ArchlightNoticeViewMyxComponent.java...
parsing D:\lda_demoGPT\local\data\arch_studio\edu\uci\isr\archstudio4\comp\archlight\prefs\ArchlightPreferencePanel.java...
parsing D:\lda_demoGPT\local\data\arch_studio\edu\uci\isr\archstudio4\comp\archlight\prefs\ArchlightPrefsMyxComponent.java...
parsing D:\lda_demoGPT\local\data\arch_studio\edu\uci\isr\archstudio4\comp\archlight\testadt\ArchlightTestADT.java...
parsing D:\lda_demoGPT\local\data\arch_studio\edu\uci\isr\archstudio4\comp\archlight\testadt\ArchlightTestADTEvent.java...
parsing D:\lda_demoGPT\local\data\arch_studio\edu\uci\isr\archstudio4\comp\archlight\testadt\ArchlightTestADTListener.java...
parsing D:\lda_demoGPT\local\data\arch_studio\edu\uci\isr\archstudio4\comp\archlight\testadt\ArchlightTestADTMyxComponent.java...
parsing D:\lda_demoGPT\local\data\arch_studio\edu\uci\isr\archstudio4\comp\archlight\testadt\IArchlightTestADT.java...
parsing D:\lda_demoGPT\local\data\arch_studio\edu\uci\isr\archstudio4\comp\archlight\tools\schematron\SchematronConstants.java...
parsing D:\lda_demoGPT\local\data\arch_studio\edu\uci\isr\archstudio4\comp\archlight\tools\schematron\SchematronInitializationException.java...
parsing D:\lda_demoGPT\local\data\arch_studio\edu\uci\isr\archstudio4\comp\archlight\tools\schematron\SchematronMyxComponent.java...
parsing D:\lda_demoGPT\local\data\arch_studio\edu\uci\isr\archstudio4\comp\archlight\tools\schematron\SchematronPreferencePanel.java...
parsing D:\lda_demoGPT\local\data\arch_studio\edu\uci\isr\archstudio4\comp\archlight\tools\schematron\SchematronPrefsMyxComponent.java...
parsing D:\lda_demoGPT\local\data\arch_studio\edu\uci\isr\archstudio4\comp\archlight\tools\schematron\SchematronTester.java...
parsing D:\lda_demoGPT\local\data\arch_studio\edu\uci\isr\archstudio4\comp\archlight\tools\schematron\SchematronTestException.java...
parsing D:\lda_demoGPT\local\data\arch_studio\edu\uci\isr\archstudio4\comp\archlight\tools\schematron\SchematronTestFile.java...
parsing D:\lda_demoGPT\local\data\arch_studio\edu\uci\isr\archstudio4\comp\archlight\tools\schematron\SchematronTestFileParseException.java...
parsing D:\lda_demoGPT\local\data\arch_studio\edu\uci\isr\archstudio4\comp\archlight\tools\schematron\SchematronTestManager.java...
parsing D:\lda_demoGPT\local\data\arch_studio\edu\uci\isr\archstudio4\comp\archlight\tools\schematron\SchematronTestResultParser.java...
parsing D:\lda_demoGPT\local\data\arch_studio\edu\uci\isr\archstudio4\comp\archlight\tools\schematron\SchematronUtils.java...
parsing D:\lda_demoGPT\local\data\arch_studio\edu\uci\isr\archstudio4\comp\basepreferences\ArchStudioPreferencePanel.java...
parsing D:\lda_demoGPT\local\data\arch_studio\edu\uci\isr\archstudio4\comp\basepreferences\BasePreferencesMyxComponent.java...
parsing D:\lda_demoGPT\local\data\arch_studio\edu\uci\isr\archstudio4\comp\booleannotation\BooleanGuardConverter.java...
parsing D:\lda_demoGPT\local\data\arch_studio\edu\uci\isr\archstudio4\comp\booleannotation\BooleanGuardParser.java...
parsing D:\lda_demoGPT\local\data\arch_studio\edu\uci\isr\archstudio4\comp\booleannotation\BooleanGuardParserConstants.java...
parsing D:\lda_demoGPT\local\data\arch_studio\edu\uci\isr\archstudio4\comp\booleannotation\BooleanGuardParserTokenManager.java...
parsing D:\lda_demoGPT\local\data\arch_studio\edu\uci\isr\archstudio4\comp\booleannotation\BooleanGuardParserTreeConstants.java...
parsing D:\lda_demoGPT\local\data\arch_studio\edu\uci\isr\archstudio4\comp\booleannotation\BooleanNotationMyxComponent.java...
parsing D:\lda_demoGPT\local\data\arch_studio\edu\uci\isr\archstudio4\comp\booleannotation\BPAndNode.java...
parsing D:\lda_demoGPT\local\data\arch_studio\edu\uci\isr\archstudio4\comp\booleannotation\BPEqualNode.java...
parsing D:\lda_demoGPT\local\data\arch_studio\edu\uci\isr\archstudio4\comp\booleannotation\BPGreaterEqualNode.java...
parsing D:\lda_demoGPT\local\data\arch_studio\edu\uci\isr\archstudio4\comp\booleannotation\BPGreaterNode.java...
parsing D:\lda_demoGPT\local\data\arch_studio\edu\uci\isr\archstudio4\comp\booleannotation\BPInRangeNode.java...
parsing D:\lda_demoGPT\local\data\arch_studio\edu\uci\isr\archstudio4\comp\booleannotation\BPInSetNode.java...
parsing D:\lda_demoGPT\local\data\arch_studio\edu\uci\isr\archstudio4\comp\booleannotation\BPLessEqualNode.java...
parsing D:\lda_demoGPT\local\data\arch_studio\edu\uci\isr\archstudio4\comp\booleannotation\BPLessNode.java...
parsing D:\lda_demoGPT\local\data\arch_studio\edu\uci\isr\archstudio4\comp\booleannotation\BPNotEqualNode.java...
parsing D:\lda_demoGPT\local\data\arch_studio\edu\uci\isr\archstudio4\comp\booleannotation\BPNotNode.java...
parsing D:\lda_demoGPT\local\data\arch_studio\edu\uci\isr\archstudio4\comp\booleannotation\BPOrNode.java...
parsing D:\lda_demoGPT\local\data\arch_studio\edu\uci\isr\archstudio4\comp\booleannotation\BPStart.java...
parsing D:\lda_demoGPT\local\data\arch_studio\edu\uci\isr\archstudio4\comp\booleannotation\BPUtilities.java...
parsing D:\lda_demoGPT\local\data\arch_studio\edu\uci\isr\archstudio4\comp\booleannotation\IBooleanGuard.java...
parsing D:\lda_demoGPT\local\data\arch_studio\edu\uci\isr\archstudio4\comp\booleannotation\IBooleanNotation.java...
parsing D:\lda_demoGPT\local\data\arch_studio\edu\uci\isr\archstudio4\comp\booleannotation\JJTBooleanGuardParserState.java...
parsing D:\lda_demoGPT\local\data\arch_studio\edu\uci\isr\archstudio4\comp\booleannotation\Node.java...
parsing D:\lda_demoGPT\local\data\arch_studio\edu\uci\isr\archstudio4\comp\booleannotation\ParseException.java...
parsing D:\lda_demoGPT\local\data\arch_studio\edu\uci\isr\archstudio4\comp\booleannotation\SimpleCharStream.java...
parsing D:\lda_demoGPT\local\data\arch_studio\edu\uci\isr\archstudio4\comp\booleannotation\SimpleNode.java...
parsing D:\lda_demoGPT\local\data\arch_studio\edu\uci\isr\archstudio4\comp\booleannotation\Token.java...
parsing D:\lda_demoGPT\local\data\arch_studio\edu\uci\isr\archstudio4\comp\booleannotation\TokenMgrError.java...
parsing D:\lda_demoGPT\local\data\arch_studio\edu\uci\isr\archstudio4\comp\changesetsviewer\ChangeSetsDisplayContentProvider.java...
parsing D:\lda_demoGPT\local\data\arch_studio\edu\uci\isr\archstudio4\comp\changesetsviewer\ChangeSetsDisplayLabelProvider.java...
parsing D:\lda_demoGPT\local\data\arch_studio\edu\uci\isr\archstudio4\comp\changesetsviewer\ChangeSetsViewerConstants.java...
parsing D:\lda_demoGPT\local\data\arch_studio\edu\uci\isr\archstudio4\comp\changesetsviewer\ChangeSetsViewerEditor.java...
parsing D:\lda_demoGPT\local\data\arch_studio\edu\uci\isr\archstudio4\comp\changesetsviewer\ChangeSetsViewerMyxComponent.java...
parsing D:\lda_demoGPT\local\data\arch_studio\edu\uci\isr\archstudio4\comp\changesetsviewer\ChangeSetsViewerOutlinePage.java...
parsing D:\lda_demoGPT\local\data\arch_studio\edu\uci\isr\archstudio4\comp\copypaste\CopyPasteManagerImpl.java...
parsing D:\lda_demoGPT\local\data\arch_studio\edu\uci\isr\archstudio4\comp\copypaste\CopyPasteMyxComponent.java...
parsing D:\lda_demoGPT\local\data\arch_studio\edu\uci\isr\archstudio4\comp\copypaste\ICopiedElementNode.java...
parsing D:\lda_demoGPT\local\data\arch_studio\edu\uci\isr\archstudio4\comp\copypaste\ICopyPasteManager.java...
parsing D:\lda_demoGPT\local\data\arch_studio\edu\uci\isr\archstudio4\comp\copypaste\ObjRefNode.java...
parsing D:\lda_demoGPT\local\data\arch_studio\edu\uci\isr\archstudio4\comp\copypaste\RelatedElementNode.java...
parsing D:\lda_demoGPT\local\data\arch_studio\edu\uci\isr\archstudio4\comp\eclipsecontentstore\EclipseContentStoreMyxComponent.java...
parsing D:\lda_demoGPT\local\data\arch_studio\edu\uci\isr\archstudio4\comp\editormanager\EditorManagerMyxComponent.java...
parsing D:\lda_demoGPT\local\data\arch_studio\edu\uci\isr\archstudio4\comp\editormanager\EditorPreferencePanel.java...
parsing D:\lda_demoGPT\local\data\arch_studio\edu\uci\isr\archstudio4\comp\editormanager\EditorPrefsMyxComponent.java...
parsing D:\lda_demoGPT\local\data\arch_studio\edu\uci\isr\archstudio4\comp\fileman\CantOpenFileException.java...
parsing D:\lda_demoGPT\local\data\arch_studio\edu\uci\isr\archstudio4\comp\fileman\FileManagerMyxComponent.java...
parsing D:\lda_demoGPT\local\data\arch_studio\edu\uci\isr\archstudio4\comp\fileman\FileManagerView.java...
parsing D:\lda_demoGPT\local\data\arch_studio\edu\uci\isr\archstudio4\comp\fileman\IFileManager.java...
parsing D:\lda_demoGPT\local\data\arch_studio\edu\uci\isr\archstudio4\comp\fileman\IFileManagerListener.java...
parsing D:\lda_demoGPT\local\data\arch_studio\edu\uci\isr\archstudio4\comp\fileman\NewFileWizard.java...
parsing D:\lda_demoGPT\local\data\arch_studio\edu\uci\isr\archstudio4\comp\filetracker\FileTrackerMyxComponent.java...
parsing D:\lda_demoGPT\local\data\arch_studio\edu\uci\isr\archstudio4\comp\filetracker\FileTrackerView.java...
parsing D:\lda_demoGPT\local\data\arch_studio\edu\uci\isr\archstudio4\comp\graphlayout\AliasTable.java...
parsing D:\lda_demoGPT\local\data\arch_studio\edu\uci\isr\archstudio4\comp\graphlayout\GraphLayoutMyxComponent.java...
parsing D:\lda_demoGPT\local\data\arch_studio\edu\uci\isr\archstudio4\comp\graphlayout\GraphLayoutPreferencePanel.java...
parsing D:\lda_demoGPT\local\data\arch_studio\edu\uci\isr\archstudio4\comp\graphlayout\GraphLayoutPrefsMyxComponent.java...
parsing D:\lda_demoGPT\local\data\arch_studio\edu\uci\isr\archstudio4\comp\graphlayout\graphviz\AbstractGraphvizLayoutEngine.java...
parsing D:\lda_demoGPT\local\data\arch_studio\edu\uci\isr\archstudio4\comp\graphlayout\graphviz\DotLayoutEngine.java...
parsing D:\lda_demoGPT\local\data\arch_studio\edu\uci\isr\archstudio4\comp\graphlayout\ILayoutEngine.java...
parsing D:\lda_demoGPT\local\data\arch_studio\edu\uci\isr\archstudio4\comp\guardtracker\GuardTrackerImpl.java...
parsing D:\lda_demoGPT\local\data\arch_studio\edu\uci\isr\archstudio4\comp\guardtracker\GuardTrackerMyxComponent.java...
parsing D:\lda_demoGPT\local\data\arch_studio\edu\uci\isr\archstudio4\comp\guardtracker\IGuardTracker.java...
parsing D:\lda_demoGPT\local\data\arch_studio\edu\uci\isr\archstudio4\comp\launcher\LauncherMyxComponent.java...
parsing D:\lda_demoGPT\local\data\arch_studio\edu\uci\isr\archstudio4\comp\launcher\LauncherView.java...
parsing D:\lda_demoGPT\local\data\arch_studio\edu\uci\isr\archstudio4\comp\preferencesadt\PreferencesADTMyxComponent.java...
parsing D:\lda_demoGPT\local\data\arch_studio\edu\uci\isr\archstudio4\comp\pruner\BrokenLinkException.java...
parsing D:\lda_demoGPT\local\data\arch_studio\edu\uci\isr\archstudio4\comp\pruner\InvalidElementIDException.java...
parsing D:\lda_demoGPT\local\data\arch_studio\edu\uci\isr\archstudio4\comp\pruner\InvalidURIException.java...
parsing D:\lda_demoGPT\local\data\arch_studio\edu\uci\isr\archstudio4\comp\pruner\IPruner.java...
parsing D:\lda_demoGPT\local\data\arch_studio\edu\uci\isr\archstudio4\comp\pruner\MissingAttributeException.java...
parsing D:\lda_demoGPT\local\data\arch_studio\edu\uci\isr\archstudio4\comp\pruner\MissingElementException.java...
parsing D:\lda_demoGPT\local\data\arch_studio\edu\uci\isr\archstudio4\comp\pruner\PrunerImpl.java...
parsing D:\lda_demoGPT\local\data\arch_studio\edu\uci\isr\archstudio4\comp\pruner\PrunerMyxComponent.java...
parsing D:\lda_demoGPT\local\data\arch_studio\edu\uci\isr\archstudio4\comp\resources\IResources.java...
parsing D:\lda_demoGPT\local\data\arch_studio\edu\uci\isr\archstudio4\comp\resources\ResourcesMyxComponent.java...
parsing D:\lda_demoGPT\local\data\arch_studio\edu\uci\isr\archstudio4\comp\selectordriver\SelectorDriverEditor.java...
parsing D:\lda_demoGPT\local\data\arch_studio\edu\uci\isr\archstudio4\comp\selectordriver\SelectorDriverMyxComponent.java...
parsing D:\lda_demoGPT\local\data\arch_studio\edu\uci\isr\archstudio4\comp\selectordriver\SelectorDriverOutlinePage.java...
parsing D:\lda_demoGPT\local\data\arch_studio\edu\uci\isr\archstudio4\comp\typewrangler\TypeWranglerEditor.java...
parsing D:\lda_demoGPT\local\data\arch_studio\edu\uci\isr\archstudio4\comp\typewrangler\TypeWranglerMyxComponent.java...
parsing D:\lda_demoGPT\local\data\arch_studio\edu\uci\isr\archstudio4\comp\typewrangler\TypeWranglerOutlinePage.java...
parsing D:\lda_demoGPT\local\data\arch_studio\edu\uci\isr\archstudio4\comp\versionpruner\BrokenLinkException.java...
parsing D:\lda_demoGPT\local\data\arch_studio\edu\uci\isr\archstudio4\comp\versionpruner\InvalidElementIDException.java...
parsing D:\lda_demoGPT\local\data\arch_studio\edu\uci\isr\archstudio4\comp\versionpruner\InvalidURIException.java...
parsing D:\lda_demoGPT\local\data\arch_studio\edu\uci\isr\archstudio4\comp\versionpruner\IVersionPruner.java...
parsing D:\lda_demoGPT\local\data\arch_studio\edu\uci\isr\archstudio4\comp\versionpruner\MissingAttributeException.java...
parsing D:\lda_demoGPT\local\data\arch_studio\edu\uci\isr\archstudio4\comp\versionpruner\MissingElementException.java...
parsing D:\lda_demoGPT\local\data\arch_studio\edu\uci\isr\archstudio4\comp\versionpruner\VersionPrunerImpl.java...
parsing D:\lda_demoGPT\local\data\arch_studio\edu\uci\isr\archstudio4\comp\versionpruner\VersionPrunerMyxComponent.java...
parsing D:\lda_demoGPT\local\data\arch_studio\edu\uci\isr\archstudio4\editors\AbstractArchstudioEditor.java...
parsing D:\lda_demoGPT\local\data\arch_studio\edu\uci\isr\archstudio4\editors\AbstractArchstudioEditorMyxComponent.java...
parsing D:\lda_demoGPT\local\data\arch_studio\edu\uci\isr\archstudio4\editors\AbstractArchstudioOutlinePage.java...
parsing D:\lda_demoGPT\local\data\arch_studio\edu\uci\isr\archstudio4\editors\EditorConstants.java...
parsing D:\lda_demoGPT\local\data\arch_studio\edu\uci\isr\archstudio4\editors\FocusEditorListener.java...
parsing D:\lda_demoGPT\local\data\arch_studio\edu\uci\isr\archstudio4\editors\IEditorManager.java...
parsing D:\lda_demoGPT\local\data\arch_studio\edu\uci\isr\archstudio4\editors\XadlEditorMatchingStrategy.java...
parsing D:\lda_demoGPT\local\data\arch_studio\edu\uci\isr\archstudio4\editors\XadlRootElementContentDescriber.java...
parsing D:\lda_demoGPT\local\data\arch_studio\edu\uci\isr\archstudio4\graphlayout\GraphLayout.java...
parsing D:\lda_demoGPT\local\data\arch_studio\edu\uci\isr\archstudio4\graphlayout\GraphLayoutConstants.java...
parsing D:\lda_demoGPT\local\data\arch_studio\edu\uci\isr\archstudio4\graphlayout\GraphLayoutException.java...
parsing D:\lda_demoGPT\local\data\arch_studio\edu\uci\isr\archstudio4\graphlayout\GraphLayoutParameters.java...
parsing D:\lda_demoGPT\local\data\arch_studio\edu\uci\isr\archstudio4\graphlayout\gui\DataValidationException.java...
parsing D:\lda_demoGPT\local\data\arch_studio\edu\uci\isr\archstudio4\graphlayout\gui\DotPanelProvider.java...
parsing D:\lda_demoGPT\local\data\arch_studio\edu\uci\isr\archstudio4\graphlayout\gui\DotSpacingParameterPanel.java...
parsing D:\lda_demoGPT\local\data\arch_studio\edu\uci\isr\archstudio4\graphlayout\gui\GeneralOptionsParameterPanel.java...
parsing D:\lda_demoGPT\local\data\arch_studio\edu\uci\isr\archstudio4\graphlayout\gui\GraphLayoutDialog.java...
parsing D:\lda_demoGPT\local\data\arch_studio\edu\uci\isr\archstudio4\graphlayout\gui\IGraphLayoutParameterPanel.java...
parsing D:\lda_demoGPT\local\data\arch_studio\edu\uci\isr\archstudio4\graphlayout\gui\IGraphLayoutParameterPanelProvider.java...
parsing D:\lda_demoGPT\local\data\arch_studio\edu\uci\isr\archstudio4\graphlayout\gui\NeatoPanelProvider.java...
parsing D:\lda_demoGPT\local\data\arch_studio\edu\uci\isr\archstudio4\graphlayout\gui\OrientInterfacesParameterPanel.java...
parsing D:\lda_demoGPT\local\data\arch_studio\edu\uci\isr\archstudio4\graphlayout\gui\SizeAndScaleParameterPanel.java...
parsing D:\lda_demoGPT\local\data\arch_studio\edu\uci\isr\archstudio4\graphlayout\IGraphLayout.java...
parsing D:\lda_demoGPT\local\data\arch_studio\edu\uci\isr\archstudio4\launcher\ILaunchable.java...
parsing D:\lda_demoGPT\local\data\arch_studio\edu\uci\isr\archstudio4\launcher\ILaunchData.java...
parsing D:\lda_demoGPT\local\data\arch_studio\edu\uci\isr\archstudio4\launcher\LaunchData.java...
parsing D:\lda_demoGPT\local\data\arch_studio\edu\uci\isr\archstudio4\natures\ArchStudio4Nature.java...
parsing D:\lda_demoGPT\local\data\arch_studio\edu\uci\isr\archstudio4\perspectives\ArchStudio4PerspectiveFactory.java...
parsing D:\lda_demoGPT\local\data\arch_studio\edu\uci\isr\archstudio4\rationale\actions\AddRationaleAction.java...
parsing D:\lda_demoGPT\local\data\arch_studio\edu\uci\isr\archstudio4\rationale\actions\DeleteRationaleAction.java...
parsing D:\lda_demoGPT\local\data\arch_studio\edu\uci\isr\archstudio4\rationale\dialog\CustomizedMessageDialog.java...
parsing D:\lda_demoGPT\local\data\arch_studio\edu\uci\isr\archstudio4\rationale\RationaleViewManager.java...
parsing D:\lda_demoGPT\local\data\arch_studio\edu\uci\isr\archstudio4\rationale\views\AbstractRationaleViewMyxComponent.java...
parsing D:\lda_demoGPT\local\data\arch_studio\edu\uci\isr\archstudio4\rationale\views\AssociatedItemsContentProvider.java...
parsing D:\lda_demoGPT\local\data\arch_studio\edu\uci\isr\archstudio4\rationale\views\AssociatedItemsLabelProvider.java...
parsing D:\lda_demoGPT\local\data\arch_studio\edu\uci\isr\archstudio4\rationale\views\RationaleCellModifier.java...
parsing D:\lda_demoGPT\local\data\arch_studio\edu\uci\isr\archstudio4\rationale\views\RationaleContentProvider.java...
parsing D:\lda_demoGPT\local\data\arch_studio\edu\uci\isr\archstudio4\rationale\views\RationaleLabelProvider.java...
parsing D:\lda_demoGPT\local\data\arch_studio\edu\uci\isr\archstudio4\rationale\views\RationaleViewMyxComponent.java...
parsing D:\lda_demoGPT\local\data\arch_studio\edu\uci\isr\archstudio4\rationale\views\RationaleViewPart.java...
parsing D:\lda_demoGPT\local\data\arch_studio\edu\uci\isr\archstudio4\util\ArchstudioResources.java...
parsing D:\lda_demoGPT\local\data\arch_studio\edu\uci\isr\archstudio4\util\EclipseUtils.java...
parsing D:\lda_demoGPT\local\data\arch_studio\edu\uci\isr\archstudio4\util\XadlSelectorDialog.java...
parsing D:\lda_demoGPT\local\data\arch_studio\edu\uci\isr\archstudio4\util\XadlTreeContentProvider.java...
parsing D:\lda_demoGPT\local\data\arch_studio\edu\uci\isr\archstudio4\util\XadlTreeLabelProvider.java...
parsing D:\lda_demoGPT\local\data\arch_studio\edu\uci\isr\archstudio4\util\XadlTreeUtils.java...
all files procceed successfully...
Resolve types and bindings of variables, methods and expressions....
Resolve type bindings....
Dependency analaysing....
types and bindings resolved successfully...
Dependency done....
dependencie data generating...
Start create dependencies matrix....
Finish create dependencies matrix....
reorder dependency matrix...
Dependencies data generating done successfully...
Consumed time: 19.077 s,  or 0.31795 min.
