Start parsing files...
parsing D:\lda_demoGPT\local\data\pycg\formats\as_graph.py...
parsing D:\lda_demoGPT\local\data\pycg\formats\base.py...
already parsed D:\lda_demoGPT\local\data\pycg\formats\base.py...skip
parsing D:\lda_demoGPT\local\data\pycg\formats\fasten.py...
parsing D:\lda_demoGPT\local\data\pycg\pycg.py...
already parsed D:\lda_demoGPT\local\data\pycg\pycg.py...skip
already parsed D:\lda_demoGPT\local\data\pycg\formats\base.py...skip
parsing D:\lda_demoGPT\local\data\pycg\formats\simple.py...
already parsed D:\lda_demoGPT\local\data\pycg\formats\base.py...skip
parsing D:\lda_demoGPT\local\data\pycg\formats\__init__.py...
already parsed D:\lda_demoGPT\local\data\pycg\formats\as_graph.py...skip
already parsed D:\lda_demoGPT\local\data\pycg\formats\fasten.py...skip
already parsed D:\lda_demoGPT\local\data\pycg\formats\simple.py...skip
parsing D:\lda_demoGPT\local\data\pycg\machinery\callgraph.py...
parsing D:\lda_demoGPT\local\data\pycg\machinery\classes.py...
parsing D:\lda_demoGPT\local\data\pycg\machinery\definitions.py...
already parsed D:\lda_demoGPT\local\data\pycg\pycg.py...skip
parsing D:\lda_demoGPT\local\data\pycg\machinery\imports.py...
already parsed D:\lda_demoGPT\local\data\pycg\pycg.py...skip
parsing D:\lda_demoGPT\local\data\pycg\machinery\key_err.py...
parsing D:\lda_demoGPT\local\data\pycg\machinery\modules.py...
parsing D:\lda_demoGPT\local\data\pycg\machinery\pointers.py...
parsing D:\lda_demoGPT\local\data\pycg\machinery\scopes.py...
already parsed D:\lda_demoGPT\local\data\pycg\pycg.py...skip
parsing D:\lda_demoGPT\local\data\pycg\machinery\__init__.py...
line 1:0 mismatched input '<EOF>' expecting {LINE_BREAK, 'def', 'return', 'raise', 'from', 'import', 'nonlocal', 'global', 'assert', 'if', 'while', 'for', 'try', 'None', 'with', 'lambda', 'not', 'class', 'yield', 'del', 'pass', 'continue', 'break', 'async', 'await', 'print', 'exec', 'True', 'False', '...', '`', '*', '+', '-', '~', '@', STRING, DECIMAL_INTEGER, OCT_INTEGER, HEX_INTEGER, BIN_INTEGER, IMAG_NUMBER, FLOAT_NUMBER, '(', '{', '[', NAME}
parsing D:\lda_demoGPT\local\data\pycg\processing\base.py...
already parsed D:\lda_demoGPT\local\data\pycg\pycg.py...skip
parsing D:\lda_demoGPT\local\data\pycg\processing\cgprocessor.py...
already parsed D:\lda_demoGPT\local\data\pycg\pycg.py...skip
parsing D:\lda_demoGPT\local\data\pycg\processing\keyerrprocessor.py...
already parsed D:\lda_demoGPT\local\data\pycg\pycg.py...skip
parsing D:\lda_demoGPT\local\data\pycg\processing\postprocessor.py...
already parsed D:\lda_demoGPT\local\data\pycg\pycg.py...skip
parsing D:\lda_demoGPT\local\data\pycg\processing\preprocessor.py...
already parsed D:\lda_demoGPT\local\data\pycg\pycg.py...skip
parsing D:\lda_demoGPT\local\data\pycg\processing\__init__.py...
line 1:0 mismatched input '<EOF>' expecting {LINE_BREAK, 'def', 'return', 'raise', 'from', 'import', 'nonlocal', 'global', 'assert', 'if', 'while', 'for', 'try', 'None', 'with', 'lambda', 'not', 'class', 'yield', 'del', 'pass', 'continue', 'break', 'async', 'await', 'print', 'exec', 'True', 'False', '...', '`', '*', '+', '-', '~', '@', STRING, DECIMAL_INTEGER, OCT_INTEGER, HEX_INTEGER, BIN_INTEGER, IMAG_NUMBER, FLOAT_NUMBER, '(', '{', '[', NAME}
already parsed D:\lda_demoGPT\local\data\pycg\pycg.py...skip
parsing D:\lda_demoGPT\local\data\pycg\tests\base.py...
parsing D:\lda_demoGPT\local\data\pycg\tests\callgraph_test.py...
already parsed D:\lda_demoGPT\local\data\pycg\tests\base.py...skip
parsing D:\lda_demoGPT\local\data\pycg\tests\definitions_test.py...
already parsed D:\lda_demoGPT\local\data\pycg\tests\base.py...skip
already parsed D:\lda_demoGPT\local\data\pycg\pycg.py...skip
parsing D:\lda_demoGPT\local\data\pycg\tests\fasten_format_test.py...
already parsed D:\lda_demoGPT\local\data\pycg\tests\base.py...skip
already parsed D:\lda_demoGPT\local\data\pycg\pycg.py...skip
parsing D:\lda_demoGPT\local\data\pycg\tests\imports_test.py...
already parsed D:\lda_demoGPT\local\data\pycg\tests\base.py...skip
parsing D:\lda_demoGPT\local\data\pycg\tests\pointers_test.py...
already parsed D:\lda_demoGPT\local\data\pycg\tests\base.py...skip
parsing D:\lda_demoGPT\local\data\pycg\tests\scopes_test.py...
already parsed D:\lda_demoGPT\local\data\pycg\tests\base.py...skip
parsing D:\lda_demoGPT\local\data\pycg\utils\common.py...
parsing D:\lda_demoGPT\local\data\pycg\utils\constants.py...
parsing D:\lda_demoGPT\local\data\pycg\utils\__init__.py...
already parsed D:\lda_demoGPT\local\data\pycg\utils\constants.py...skip
already parsed D:\lda_demoGPT\local\data\pycg\utils\common.py...skip
parsing D:\lda_demoGPT\local\data\pycg\__init__.py...
line 1:0 mismatched input '<EOF>' expecting {LINE_BREAK, 'def', 'return', 'raise', 'from', 'import', 'nonlocal', 'global', 'assert', 'if', 'while', 'for', 'try', 'None', 'with', 'lambda', 'not', 'class', 'yield', 'del', 'pass', 'continue', 'break', 'async', 'await', 'print', 'exec', 'True', 'False', '...', '`', '*', '+', '-', '~', '@', STRING, DECIMAL_INTEGER, OCT_INTEGER, HEX_INTEGER, BIN_INTEGER, IMAG_NUMBER, FLOAT_NUMBER, '(', '{', '[', NAME}
parsing D:\lda_demoGPT\local\data\pycg\__main__.py...
already parsed D:\lda_demoGPT\local\data\pycg\pycg.py...skip
all files procceed successfully...
Resolve types and bindings of variables, methods and expressions....
Resolve type bindings....
Dependency analaysing....
types and bindings resolved successfully...
Dependency done....
dependencie data generating...
Start create dependencies matrix....
Finish create dependencies matrix....
reorder dependency matrix...
Dependencies data generating done successfully...
Consumed time: 6.144 s,  or 0.1024 min.
